ARM GAS  C:\Users\Srujith\AppData\Local\Temp\ccbkAYJe.s 			page 1


   1              		.syntax unified
   2              		.cpu cortex-m3
   3              		.fpu softvfp
   4              		.eabi_attribute 20, 1
   5              		.eabi_attribute 21, 1
   6              		.eabi_attribute 23, 3
   7              		.eabi_attribute 24, 1
   8              		.eabi_attribute 25, 1
   9              		.eabi_attribute 26, 1
  10              		.eabi_attribute 30, 1
  11              		.eabi_attribute 34, 1
  12              		.eabi_attribute 18, 4
  13              		.thumb
  14              		.file	"cymetadata.c"
  15              		.text
  16              	.Ltext0:
  17              		.cfi_sections	.debug_frame
  18              		.global	cy_metadata
  19              		.global	cy_meta_flashprotect
  20              		.global	cy_meta_wonvl
  21              		.global	cy_meta_custnvl
  22              		.global	cy_meta_configecc
  23              		.section	.cyconfigecc,"a",%progbits
  24              		.align	2
  25              		.type	cy_meta_configecc, %object
  26              		.size	cy_meta_configecc, 1032
  27              	cy_meta_configecc:
  28 0000 01       		.byte	1
  29 0001 5B       		.byte	91
  30 0002 00       		.byte	0
  31 0003 40       		.byte	64
  32 0004 01       		.byte	1
  33 0005 64       		.byte	100
  34 0006 00       		.byte	0
  35 0007 40       		.byte	64
  36 0008 02       		.byte	2
  37 0009 65       		.byte	101
  38 000a 00       		.byte	0
  39 000b 40       		.byte	64
  40 000c 5F       		.byte	95
  41 000d 08       		.byte	8
  42 000e 01       		.byte	1
  43 000f 40       		.byte	64
  44 0010 32       		.byte	50
  45 0011 09       		.byte	9
  46 0012 01       		.byte	1
  47 0013 40       		.byte	64
  48 0014 02       		.byte	2
  49 0015 15       		.byte	21
  50 0016 01       		.byte	1
  51 0017 40       		.byte	64
  52 0018 4D       		.byte	77
  53 0019 18       		.byte	24
  54 001a 01       		.byte	1
  55 001b 40       		.byte	64
  56 001c 3B       		.byte	59
  57 001d 19       		.byte	25
ARM GAS  C:\Users\Srujith\AppData\Local\Temp\ccbkAYJe.s 			page 2


  58 001e 01       		.byte	1
  59 001f 40       		.byte	64
  60 0020 44       		.byte	68
  61 0021 1A       		.byte	26
  62 0022 01       		.byte	1
  63 0023 40       		.byte	64
  64 0024 44       		.byte	68
  65 0025 1B       		.byte	27
  66 0026 01       		.byte	1
  67 0027 40       		.byte	64
  68 0028 02       		.byte	2
  69 0029 40       		.byte	64
  70 002a 01       		.byte	1
  71 002b 40       		.byte	64
  72 002c 01       		.byte	1
  73 002d 41       		.byte	65
  74 002e 01       		.byte	1
  75 002f 40       		.byte	64
  76 0030 01       		.byte	1
  77 0031 42       		.byte	66
  78 0032 01       		.byte	1
  79 0033 40       		.byte	64
  80 0034 01       		.byte	1
  81 0035 43       		.byte	67
  82 0036 01       		.byte	1
  83 0037 40       		.byte	64
  84 0038 03       		.byte	3
  85 0039 48       		.byte	72
  86 003a 01       		.byte	1
  87 003b 40       		.byte	64
  88 003c 03       		.byte	3
  89 003d 49       		.byte	73
  90 003e 01       		.byte	1
  91 003f 40       		.byte	64
  92 0040 04       		.byte	4
  93 0041 4C       		.byte	76
  94 0042 01       		.byte	1
  95 0043 40       		.byte	64
  96 0044 0A       		.byte	10
  97 0045 4D       		.byte	77
  98 0046 01       		.byte	1
  99 0047 40       		.byte	64
 100 0048 04       		.byte	4
 101 0049 50       		.byte	80
 102 004a 01       		.byte	1
 103 004b 40       		.byte	64
 104 004c 01       		.byte	1
 105 004d 51       		.byte	81
 106 004e 01       		.byte	1
 107 004f 40       		.byte	64
 108 0050 2F       		.byte	47
 109 0051 84       		.byte	-124
 110 0052 88       		.byte	-120
 111 0053 0F       		.byte	15
 112 0054 88       		.byte	-120
 113 0055 72       		.byte	114
 114 0056 8B       		.byte	-117
ARM GAS  C:\Users\Srujith\AppData\Local\Temp\ccbkAYJe.s 			page 3


 115 0057 38       		.byte	56
 116 0058 02       		.byte	2
 117 0059 20       		.byte	32
 118 005a 0A       		.byte	10
 119 005b 15       		.byte	21
 120 005c 0C       		.byte	12
 121 005d 13       		.byte	19
 122 005e 0E       		.byte	14
 123 005f 0C       		.byte	12
 124 0060 14       		.byte	20
 125 0061 0A       		.byte	10
 126 0062 16       		.byte	22
 127 0063 14       		.byte	20
 128 0064 18       		.byte	24
 129 0065 03       		.byte	3
 130 0066 1A       		.byte	26
 131 0067 14       		.byte	20
 132 0068 1C       		.byte	28
 133 0069 13       		.byte	19
 134 006a 1E       		.byte	30
 135 006b 04       		.byte	4
 136 006c 21       		.byte	33
 137 006d 01       		.byte	1
 138 006e 22       		.byte	34
 139 006f 20       		.byte	32
 140 0070 2A       		.byte	42
 141 0071 08       		.byte	8
 142 0072 30       		.byte	48
 143 0073 10       		.byte	16
 144 0074 34       		.byte	52
 145 0075 20       		.byte	32
 146 0076 35       		.byte	53
 147 0077 01       		.byte	1
 148 0078 36       		.byte	54
 149 0079 0F       		.byte	15
 150 007a 3A       		.byte	58
 151 007b 80       		.byte	-128
 152 007c 3E       		.byte	62
 153 007d 11       		.byte	17
 154 007e 3F       		.byte	63
 155 007f 10       		.byte	16
 156 0080 40       		.byte	64
 157 0081 16       		.byte	22
 158 0082 41       		.byte	65
 159 0083 04       		.byte	4
 160 0084 45       		.byte	69
 161 0085 0C       		.byte	12
 162 0086 46       		.byte	70
 163 0087 0E       		.byte	14
 164 0088 47       		.byte	71
 165 0089 0B       		.byte	11
 166 008a 48       		.byte	72
 167 008b 15       		.byte	21
 168 008c 49       		.byte	73
 169 008d FF       		.byte	-1
 170 008e 4A       		.byte	74
 171 008f FF       		.byte	-1
ARM GAS  C:\Users\Srujith\AppData\Local\Temp\ccbkAYJe.s 			page 4


 172 0090 4B       		.byte	75
 173 0091 FF       		.byte	-1
 174 0092 4E       		.byte	78
 175 0093 F0       		.byte	-16
 176 0094 4F       		.byte	79
 177 0095 44       		.byte	68
 178 0096 50       		.byte	80
 179 0097 0C       		.byte	12
 180 0098 54       		.byte	84
 181 0099 01       		.byte	1
 182 009a 58       		.byte	88
 183 009b 04       		.byte	4
 184 009c 59       		.byte	89
 185 009d 04       		.byte	4
 186 009e 5A       		.byte	90
 187 009f 04       		.byte	4
 188 00a0 5B       		.byte	91
 189 00a1 04       		.byte	4
 190 00a2 5C       		.byte	92
 191 00a3 01       		.byte	1
 192 00a4 5D       		.byte	93
 193 00a5 11       		.byte	17
 194 00a6 5F       		.byte	95
 195 00a7 01       		.byte	1
 196 00a8 66       		.byte	102
 197 00a9 C0       		.byte	-64
 198 00aa 6A       		.byte	106
 199 00ab 40       		.byte	64
 200 00ac 6B       		.byte	107
 201 00ad 02       		.byte	2
 202 00ae 82       		.byte	-126
 203 00af 03       		.byte	3
 204 00b0 84       		.byte	-124
 205 00b1 09       		.byte	9
 206 00b2 85       		.byte	-123
 207 00b3 80       		.byte	-128
 208 00b4 86       		.byte	-122
 209 00b5 D0       		.byte	-48
 210 00b6 87       		.byte	-121
 211 00b7 13       		.byte	19
 212 00b8 8B       		.byte	-117
 213 00b9 0C       		.byte	12
 214 00ba 8C       		.byte	-116
 215 00bb 0C       		.byte	12
 216 00bc 8E       		.byte	-114
 217 00bd 71       		.byte	113
 218 00be 94       		.byte	-108
 219 00bf DC       		.byte	-36
 220 00c0 95       		.byte	-107
 221 00c1 2C       		.byte	44
 222 00c2 96       		.byte	-106
 223 00c3 22       		.byte	34
 224 00c4 97       		.byte	-105
 225 00c5 43       		.byte	67
 226 00c6 9C       		.byte	-100
 227 00c7 10       		.byte	16
 228 00c8 9E       		.byte	-98
ARM GAS  C:\Users\Srujith\AppData\Local\Temp\ccbkAYJe.s 			page 5


 229 00c9 AC       		.byte	-84
 230 00ca 9F       		.byte	-97
 231 00cb 08       		.byte	8
 232 00cc A0       		.byte	-96
 233 00cd 10       		.byte	16
 234 00ce A1       		.byte	-95
 235 00cf 71       		.byte	113
 236 00d0 A2       		.byte	-94
 237 00d1 40       		.byte	64
 238 00d2 A3       		.byte	-93
 239 00d3 0E       		.byte	14
 240 00d4 A4       		.byte	-92
 241 00d5 14       		.byte	20
 242 00d6 AA       		.byte	-86
 243 00d7 20       		.byte	32
 244 00d8 AD       		.byte	-83
 245 00d9 71       		.byte	113
 246 00da AF       		.byte	-81
 247 00db 06       		.byte	6
 248 00dc B0       		.byte	-80
 249 00dd E0       		.byte	-32
 250 00de B1       		.byte	-79
 251 00df 30       		.byte	48
 252 00e0 B3       		.byte	-77
 253 00e1 0F       		.byte	15
 254 00e2 B5       		.byte	-75
 255 00e3 C0       		.byte	-64
 256 00e4 B6       		.byte	-74
 257 00e5 1F       		.byte	31
 258 00e6 B9       		.byte	-71
 259 00e7 22       		.byte	34
 260 00e8 BA       		.byte	-70
 261 00e9 02       		.byte	2
 262 00ea BB       		.byte	-69
 263 00eb 08       		.byte	8
 264 00ec BF       		.byte	-65
 265 00ed 01       		.byte	1
 266 00ee C0       		.byte	-64
 267 00ef 04       		.byte	4
 268 00f0 C6       		.byte	-58
 269 00f1 04       		.byte	4
 270 00f2 C9       		.byte	-55
 271 00f3 FF       		.byte	-1
 272 00f4 CA       		.byte	-54
 273 00f5 07       		.byte	7
 274 00f6 CB       		.byte	-53
 275 00f7 FF       		.byte	-1
 276 00f8 CC       		.byte	-52
 277 00f9 40       		.byte	64
 278 00fa CD       		.byte	-51
 279 00fb 20       		.byte	32
 280 00fc CE       		.byte	-50
 281 00fd F0       		.byte	-16
 282 00fe CF       		.byte	-49
 283 00ff 05       		.byte	5
 284 0100 D0       		.byte	-48
 285 0101 08       		.byte	8
ARM GAS  C:\Users\Srujith\AppData\Local\Temp\ccbkAYJe.s 			page 6


 286 0102 D8       		.byte	-40
 287 0103 04       		.byte	4
 288 0104 D9       		.byte	-39
 289 0105 04       		.byte	4
 290 0106 DA       		.byte	-38
 291 0107 04       		.byte	4
 292 0108 DC       		.byte	-36
 293 0109 11       		.byte	17
 294 010a DD       		.byte	-35
 295 010b 01       		.byte	1
 296 010c DF       		.byte	-33
 297 010d 01       		.byte	1
 298 010e E0       		.byte	-32
 299 010f 40       		.byte	64
 300 0110 E1       		.byte	-31
 301 0111 A8       		.byte	-88
 302 0112 E2       		.byte	-30
 303 0113 40       		.byte	64
 304 0114 E3       		.byte	-29
 305 0115 20       		.byte	32
 306 0116 00       		.byte	0
 307 0117 49       		.byte	73
 308 0118 05       		.byte	5
 309 0119 42       		.byte	66
 310 011a 06       		.byte	6
 311 011b 04       		.byte	4
 312 011c 09       		.byte	9
 313 011d 88       		.byte	-120
 314 011e 0D       		.byte	13
 315 011f 08       		.byte	8
 316 0120 0F       		.byte	15
 317 0121 0A       		.byte	10
 318 0122 10       		.byte	16
 319 0123 80       		.byte	-128
 320 0124 11       		.byte	17
 321 0125 08       		.byte	8
 322 0126 12       		.byte	18
 323 0127 04       		.byte	4
 324 0128 15       		.byte	21
 325 0129 20       		.byte	32
 326 012a 16       		.byte	22
 327 012b 80       		.byte	-128
 328 012c 18       		.byte	24
 329 012d 41       		.byte	65
 330 012e 19       		.byte	25
 331 012f 01       		.byte	1
 332 0130 1B       		.byte	27
 333 0131 01       		.byte	1
 334 0132 1D       		.byte	29
 335 0133 C0       		.byte	-64
 336 0134 1E       		.byte	30
 337 0135 48       		.byte	72
 338 0136 20       		.byte	32
 339 0137 08       		.byte	8
 340 0138 21       		.byte	33
 341 0139 19       		.byte	25
 342 013a 27       		.byte	39
ARM GAS  C:\Users\Srujith\AppData\Local\Temp\ccbkAYJe.s 			page 7


 343 013b 08       		.byte	8
 344 013c 28       		.byte	40
 345 013d 40       		.byte	64
 346 013e 29       		.byte	41
 347 013f 41       		.byte	65
 348 0140 2D       		.byte	45
 349 0141 01       		.byte	1
 350 0142 2F       		.byte	47
 351 0143 80       		.byte	-128
 352 0144 30       		.byte	48
 353 0145 80       		.byte	-128
 354 0146 31       		.byte	49
 355 0147 08       		.byte	8
 356 0148 38       		.byte	56
 357 0149 08       		.byte	8
 358 014a 39       		.byte	57
 359 014b 20       		.byte	32
 360 014c 40       		.byte	64
 361 014d 03       		.byte	3
 362 014e 41       		.byte	65
 363 014f 01       		.byte	1
 364 0150 44       		.byte	68
 365 0151 40       		.byte	64
 366 0152 45       		.byte	69
 367 0153 80       		.byte	-128
 368 0154 4C       		.byte	76
 369 0155 04       		.byte	4
 370 0156 4F       		.byte	79
 371 0157 08       		.byte	8
 372 0158 50       		.byte	80
 373 0159 84       		.byte	-124
 374 015a 52       		.byte	82
 375 015b 04       		.byte	4
 376 015c 55       		.byte	85
 377 015d 04       		.byte	4
 378 015e 57       		.byte	87
 379 015f 80       		.byte	-128
 380 0160 5C       		.byte	92
 381 0161 20       		.byte	32
 382 0162 5D       		.byte	93
 383 0163 01       		.byte	1
 384 0164 5E       		.byte	94
 385 0165 40       		.byte	64
 386 0166 5F       		.byte	95
 387 0167 08       		.byte	8
 388 0168 C0       		.byte	-64
 389 0169 DD       		.byte	-35
 390 016a C2       		.byte	-62
 391 016b E5       		.byte	-27
 392 016c C4       		.byte	-60
 393 016d 5E       		.byte	94
 394 016e CA       		.byte	-54
 395 016f 89       		.byte	-119
 396 0170 CC       		.byte	-52
 397 0171 0A       		.byte	10
 398 0172 CE       		.byte	-50
 399 0173 06       		.byte	6
ARM GAS  C:\Users\Srujith\AppData\Local\Temp\ccbkAYJe.s 			page 8


 400 0174 D0       		.byte	-48
 401 0175 91       		.byte	-111
 402 0176 D2       		.byte	-46
 403 0177 20       		.byte	32
 404 0178 D6       		.byte	-42
 405 0179 F0       		.byte	-16
 406 017a E8       		.byte	-24
 407 017b 10       		.byte	16
 408 017c EE       		.byte	-18
 409 017d 08       		.byte	8
 410 017e 00       		.byte	0
 411 017f 03       		.byte	3
 412 0180 02       		.byte	2
 413 0181 0C       		.byte	12
 414 0182 04       		.byte	4
 415 0183 0D       		.byte	13
 416 0184 05       		.byte	5
 417 0185 27       		.byte	39
 418 0186 06       		.byte	6
 419 0187 02       		.byte	2
 420 0188 09       		.byte	9
 421 0189 27       		.byte	39
 422 018a 0A       		.byte	10
 423 018b 02       		.byte	2
 424 018c 11       		.byte	17
 425 018d 20       		.byte	32
 426 018e 14       		.byte	20
 427 018f 0D       		.byte	13
 428 0190 16       		.byte	22
 429 0191 02       		.byte	2
 430 0192 18       		.byte	24
 431 0193 0F       		.byte	15
 432 0194 1C       		.byte	28
 433 0195 08       		.byte	8
 434 0196 1D       		.byte	29
 435 0197 01       		.byte	1
 436 0198 1F       		.byte	31
 437 0199 0E       		.byte	14
 438 019a 24       		.byte	36
 439 019b 04       		.byte	4
 440 019c 25       		.byte	37
 441 019d 04       		.byte	4
 442 019e 27       		.byte	39
 443 019f 11       		.byte	17
 444 01a0 28       		.byte	40
 445 01a1 0C       		.byte	12
 446 01a2 2D       		.byte	45
 447 01a3 02       		.byte	2
 448 01a4 2F       		.byte	47
 449 01a5 11       		.byte	17
 450 01a6 31       		.byte	49
 451 01a7 18       		.byte	24
 452 01a8 32       		.byte	50
 453 01a9 0E       		.byte	14
 454 01aa 35       		.byte	53
 455 01ab 20       		.byte	32
 456 01ac 36       		.byte	54
ARM GAS  C:\Users\Srujith\AppData\Local\Temp\ccbkAYJe.s 			page 9


 457 01ad 01       		.byte	1
 458 01ae 37       		.byte	55
 459 01af 07       		.byte	7
 460 01b0 3A       		.byte	58
 461 01b1 28       		.byte	40
 462 01b2 3E       		.byte	62
 463 01b3 40       		.byte	64
 464 01b4 3F       		.byte	63
 465 01b5 01       		.byte	1
 466 01b6 40       		.byte	64
 467 01b7 43       		.byte	67
 468 01b8 41       		.byte	65
 469 01b9 02       		.byte	2
 470 01ba 42       		.byte	66
 471 01bb 05       		.byte	5
 472 01bc 44       		.byte	68
 473 01bd 01       		.byte	1
 474 01be 46       		.byte	70
 475 01bf 0C       		.byte	12
 476 01c0 47       		.byte	71
 477 01c1 E0       		.byte	-32
 478 01c2 48       		.byte	72
 479 01c3 24       		.byte	36
 480 01c4 49       		.byte	73
 481 01c5 FF       		.byte	-1
 482 01c6 4A       		.byte	74
 483 01c7 FF       		.byte	-1
 484 01c8 4B       		.byte	75
 485 01c9 FF       		.byte	-1
 486 01ca 4C       		.byte	76
 487 01cb 62       		.byte	98
 488 01cc 4D       		.byte	77
 489 01cd A0       		.byte	-96
 490 01ce 4E       		.byte	78
 491 01cf F0       		.byte	-16
 492 01d0 4F       		.byte	79
 493 01d1 41       		.byte	65
 494 01d2 50       		.byte	80
 495 01d3 0C       		.byte	12
 496 01d4 56       		.byte	86
 497 01d5 02       		.byte	2
 498 01d6 57       		.byte	87
 499 01d7 13       		.byte	19
 500 01d8 58       		.byte	88
 501 01d9 04       		.byte	4
 502 01da 59       		.byte	89
 503 01db 04       		.byte	4
 504 01dc 5A       		.byte	90
 505 01dd 04       		.byte	4
 506 01de 5B       		.byte	91
 507 01df 04       		.byte	4
 508 01e0 5C       		.byte	92
 509 01e1 11       		.byte	17
 510 01e2 5D       		.byte	93
 511 01e3 11       		.byte	17
 512 01e4 5F       		.byte	95
 513 01e5 01       		.byte	1
ARM GAS  C:\Users\Srujith\AppData\Local\Temp\ccbkAYJe.s 			page 10


 514 01e6 66       		.byte	102
 515 01e7 40       		.byte	64
 516 01e8 67       		.byte	103
 517 01e9 02       		.byte	2
 518 01ea 69       		.byte	105
 519 01eb 10       		.byte	16
 520 01ec 6A       		.byte	106
 521 01ed 30       		.byte	48
 522 01ee 6B       		.byte	107
 523 01ef 10       		.byte	16
 524 01f0 6D       		.byte	109
 525 01f1 10       		.byte	16
 526 01f2 6E       		.byte	110
 527 01f3 10       		.byte	16
 528 01f4 6F       		.byte	111
 529 01f5 12       		.byte	18
 530 01f6 80       		.byte	-128
 531 01f7 01       		.byte	1
 532 01f8 82       		.byte	-126
 533 01f9 06       		.byte	6
 534 01fa 84       		.byte	-124
 535 01fb 07       		.byte	7
 536 01fc 8A       		.byte	-118
 537 01fd 01       		.byte	1
 538 01fe 90       		.byte	-112
 539 01ff 08       		.byte	8
 540 0200 94       		.byte	-108
 541 0201 06       		.byte	6
 542 0202 96       		.byte	-106
 543 0203 01       		.byte	1
 544 0204 98       		.byte	-104
 545 0205 07       		.byte	7
 546 0206 A0       		.byte	-96
 547 0207 04       		.byte	4
 548 0208 A4       		.byte	-92
 549 0209 02       		.byte	2
 550 020a A8       		.byte	-88
 551 020b 06       		.byte	6
 552 020c B0       		.byte	-80
 553 020d 07       		.byte	7
 554 020e B6       		.byte	-74
 555 020f 08       		.byte	8
 556 0210 BE       		.byte	-66
 557 0211 40       		.byte	64
 558 0212 D8       		.byte	-40
 559 0213 04       		.byte	4
 560 0214 DC       		.byte	-36
 561 0215 01       		.byte	1
 562 0216 DF       		.byte	-33
 563 0217 01       		.byte	1
 564 0218 00       		.byte	0
 565 0219 01       		.byte	1
 566 021a 03       		.byte	3
 567 021b 14       		.byte	20
 568 021c 04       		.byte	4
 569 021d 01       		.byte	1
 570 021e 06       		.byte	6
ARM GAS  C:\Users\Srujith\AppData\Local\Temp\ccbkAYJe.s 			page 11


 571 021f 40       		.byte	64
 572 0220 07       		.byte	7
 573 0221 14       		.byte	20
 574 0222 08       		.byte	8
 575 0223 02       		.byte	2
 576 0224 09       		.byte	9
 577 0225 20       		.byte	32
 578 0226 0B       		.byte	11
 579 0227 10       		.byte	16
 580 0228 0C       		.byte	12
 581 0229 80       		.byte	-128
 582 022a 0D       		.byte	13
 583 022b 20       		.byte	32
 584 022c 0E       		.byte	14
 585 022d 20       		.byte	32
 586 022e 0F       		.byte	15
 587 022f 10       		.byte	16
 588 0230 10       		.byte	16
 589 0231 A8       		.byte	-88
 590 0232 17       		.byte	23
 591 0233 28       		.byte	40
 592 0234 18       		.byte	24
 593 0235 02       		.byte	2
 594 0236 19       		.byte	25
 595 0237 02       		.byte	2
 596 0238 1D       		.byte	29
 597 0239 20       		.byte	32
 598 023a 1E       		.byte	30
 599 023b 21       		.byte	33
 600 023c 24       		.byte	36
 601 023d 04       		.byte	4
 602 023e 25       		.byte	37
 603 023f 40       		.byte	64
 604 0240 26       		.byte	38
 605 0241 80       		.byte	-128
 606 0242 27       		.byte	39
 607 0243 44       		.byte	68
 608 0244 2D       		.byte	45
 609 0245 80       		.byte	-128
 610 0246 2F       		.byte	47
 611 0247 20       		.byte	32
 612 0248 36       		.byte	54
 613 0249 80       		.byte	-128
 614 024a 37       		.byte	55
 615 024b 01       		.byte	1
 616 024c 3D       		.byte	61
 617 024d 10       		.byte	16
 618 024e 3E       		.byte	62
 619 024f 04       		.byte	4
 620 0250 45       		.byte	69
 621 0251 30       		.byte	48
 622 0252 46       		.byte	70
 623 0253 40       		.byte	64
 624 0254 47       		.byte	71
 625 0255 44       		.byte	68
 626 0256 4E       		.byte	78
 627 0257 01       		.byte	1
ARM GAS  C:\Users\Srujith\AppData\Local\Temp\ccbkAYJe.s 			page 12


 628 0258 56       		.byte	86
 629 0259 80       		.byte	-128
 630 025a 57       		.byte	87
 631 025b 01       		.byte	1
 632 025c 59       		.byte	89
 633 025d 02       		.byte	2
 634 025e 5A       		.byte	90
 635 025f 02       		.byte	2
 636 0260 5E       		.byte	94
 637 0261 01       		.byte	1
 638 0262 6D       		.byte	109
 639 0263 10       		.byte	16
 640 0264 6E       		.byte	110
 641 0265 0C       		.byte	12
 642 0266 6F       		.byte	111
 643 0267 01       		.byte	1
 644 0268 74       		.byte	116
 645 0269 A8       		.byte	-88
 646 026a 77       		.byte	119
 647 026b 28       		.byte	40
 648 026c 93       		.byte	-109
 649 026d 02       		.byte	2
 650 026e 98       		.byte	-104
 651 026f 02       		.byte	2
 652 0270 9D       		.byte	-99
 653 0271 02       		.byte	2
 654 0272 9E       		.byte	-98
 655 0273 80       		.byte	-128
 656 0274 A8       		.byte	-88
 657 0275 20       		.byte	32
 658 0276 AB       		.byte	-85
 659 0277 04       		.byte	4
 660 0278 B6       		.byte	-74
 661 0279 04       		.byte	4
 662 027a B7       		.byte	-73
 663 027b 01       		.byte	1
 664 027c C0       		.byte	-64
 665 027d 7E       		.byte	126
 666 027e C2       		.byte	-62
 667 027f EE       		.byte	-18
 668 0280 C4       		.byte	-60
 669 0281 6E       		.byte	110
 670 0282 CA       		.byte	-54
 671 0283 50       		.byte	80
 672 0284 CC       		.byte	-52
 673 0285 90       		.byte	-112
 674 0286 CE       		.byte	-50
 675 0287 60       		.byte	96
 676 0288 D0       		.byte	-48
 677 0289 F0       		.byte	-16
 678 028a D2       		.byte	-46
 679 028b 10       		.byte	16
 680 028c D6       		.byte	-42
 681 028d 80       		.byte	-128
 682 028e 00       		.byte	0
 683 028f 03       		.byte	3
 684 0290 02       		.byte	2
ARM GAS  C:\Users\Srujith\AppData\Local\Temp\ccbkAYJe.s 			page 13


 685 0291 0C       		.byte	12
 686 0292 06       		.byte	6
 687 0293 03       		.byte	3
 688 0294 07       		.byte	7
 689 0295 03       		.byte	3
 690 0296 08       		.byte	8
 691 0297 02       		.byte	2
 692 0298 0B       		.byte	11
 693 0299 03       		.byte	3
 694 029a 0C       		.byte	12
 695 029b 01       		.byte	1
 696 029c 10       		.byte	16
 697 029d 0C       		.byte	12
 698 029e 12       		.byte	18
 699 029f 03       		.byte	3
 700 02a0 14       		.byte	20
 701 02a1 0F       		.byte	15
 702 02a2 18       		.byte	24
 703 02a3 0F       		.byte	15
 704 02a4 1B       		.byte	27
 705 02a5 03       		.byte	3
 706 02a6 1C       		.byte	28
 707 02a7 03       		.byte	3
 708 02a8 1D       		.byte	29
 709 02a9 03       		.byte	3
 710 02aa 20       		.byte	32
 711 02ab 08       		.byte	8
 712 02ac 21       		.byte	33
 713 02ad 03       		.byte	3
 714 02ae 24       		.byte	36
 715 02af 04       		.byte	4
 716 02b0 25       		.byte	37
 717 02b1 02       		.byte	2
 718 02b2 28       		.byte	40
 719 02b3 0C       		.byte	12
 720 02b4 29       		.byte	41
 721 02b5 03       		.byte	3
 722 02b6 2D       		.byte	45
 723 02b7 01       		.byte	1
 724 02b8 36       		.byte	54
 725 02b9 0F       		.byte	15
 726 02ba 37       		.byte	55
 727 02bb 03       		.byte	3
 728 02bc 3A       		.byte	58
 729 02bd 80       		.byte	-128
 730 02be 58       		.byte	88
 731 02bf 04       		.byte	4
 732 02c0 59       		.byte	89
 733 02c1 04       		.byte	4
 734 02c2 5C       		.byte	92
 735 02c3 11       		.byte	17
 736 02c4 5F       		.byte	95
 737 02c5 01       		.byte	1
 738 02c6 80       		.byte	-128
 739 02c7 01       		.byte	1
 740 02c8 85       		.byte	-123
 741 02c9 08       		.byte	8
ARM GAS  C:\Users\Srujith\AppData\Local\Temp\ccbkAYJe.s 			page 14


 742 02ca 86       		.byte	-122
 743 02cb 01       		.byte	1
 744 02cc 88       		.byte	-120
 745 02cd 01       		.byte	1
 746 02ce 89       		.byte	-119
 747 02cf 1F       		.byte	31
 748 02d0 8C       		.byte	-116
 749 02d1 04       		.byte	4
 750 02d2 8D       		.byte	-115
 751 02d3 07       		.byte	7
 752 02d4 8E       		.byte	-114
 753 02d5 18       		.byte	24
 754 02d6 8F       		.byte	-113
 755 02d7 18       		.byte	24
 756 02d8 91       		.byte	-111
 757 02d9 1C       		.byte	28
 758 02da 92       		.byte	-110
 759 02db 02       		.byte	2
 760 02dc 93       		.byte	-109
 761 02dd 02       		.byte	2
 762 02de 96       		.byte	-106
 763 02df 01       		.byte	1
 764 02e0 98       		.byte	-104
 765 02e1 0C       		.byte	12
 766 02e2 99       		.byte	-103
 767 02e3 1C       		.byte	28
 768 02e4 9B       		.byte	-101
 769 02e5 01       		.byte	1
 770 02e6 9D       		.byte	-99
 771 02e7 10       		.byte	16
 772 02e8 9E       		.byte	-98
 773 02e9 02       		.byte	2
 774 02ea A3       		.byte	-93
 775 02eb 04       		.byte	4
 776 02ec A4       		.byte	-92
 777 02ed 08       		.byte	8
 778 02ee A6       		.byte	-90
 779 02ef 04       		.byte	4
 780 02f0 A7       		.byte	-89
 781 02f1 03       		.byte	3
 782 02f2 A8       		.byte	-88
 783 02f3 0C       		.byte	12
 784 02f4 A9       		.byte	-87
 785 02f5 18       		.byte	24
 786 02f6 AD       		.byte	-83
 787 02f7 04       		.byte	4
 788 02f8 B0       		.byte	-80
 789 02f9 01       		.byte	1
 790 02fa B2       		.byte	-78
 791 02fb 02       		.byte	2
 792 02fc B3       		.byte	-77
 793 02fd 1F       		.byte	31
 794 02fe B4       		.byte	-76
 795 02ff 0C       		.byte	12
 796 0300 B6       		.byte	-74
 797 0301 10       		.byte	16
 798 0302 B8       		.byte	-72
ARM GAS  C:\Users\Srujith\AppData\Local\Temp\ccbkAYJe.s 			page 15


 799 0303 02       		.byte	2
 800 0304 BB       		.byte	-69
 801 0305 08       		.byte	8
 802 0306 BE       		.byte	-66
 803 0307 04       		.byte	4
 804 0308 D4       		.byte	-44
 805 0309 18       		.byte	24
 806 030a D8       		.byte	-40
 807 030b 04       		.byte	4
 808 030c D9       		.byte	-39
 809 030d 04       		.byte	4
 810 030e DB       		.byte	-37
 811 030f 04       		.byte	4
 812 0310 DC       		.byte	-36
 813 0311 11       		.byte	17
 814 0312 DD       		.byte	-35
 815 0313 10       		.byte	16
 816 0314 DF       		.byte	-33
 817 0315 01       		.byte	1
 818 0316 00       		.byte	0
 819 0317 05       		.byte	5
 820 0318 01       		.byte	1
 821 0319 84       		.byte	-124
 822 031a 02       		.byte	2
 823 031b 04       		.byte	4
 824 031c 04       		.byte	4
 825 031d 11       		.byte	17
 826 031e 05       		.byte	5
 827 031f 80       		.byte	-128
 828 0320 07       		.byte	7
 829 0321 10       		.byte	16
 830 0322 09       		.byte	9
 831 0323 50       		.byte	80
 832 0324 0A       		.byte	10
 833 0325 40       		.byte	64
 834 0326 0B       		.byte	11
 835 0327 10       		.byte	16
 836 0328 0D       		.byte	13
 837 0329 02       		.byte	2
 838 032a 0E       		.byte	14
 839 032b 08       		.byte	8
 840 032c 0F       		.byte	15
 841 032d 12       		.byte	18
 842 032e 10       		.byte	16
 843 032f E8       		.byte	-24
 844 0330 13       		.byte	19
 845 0331 04       		.byte	4
 846 0332 14       		.byte	20
 847 0333 10       		.byte	16
 848 0334 15       		.byte	21
 849 0335 10       		.byte	16
 850 0336 18       		.byte	24
 851 0337 01       		.byte	1
 852 0338 1B       		.byte	27
 853 0339 40       		.byte	64
 854 033a 1D       		.byte	29
 855 033b 02       		.byte	2
ARM GAS  C:\Users\Srujith\AppData\Local\Temp\ccbkAYJe.s 			page 16


 856 033c 1F       		.byte	31
 857 033d 64       		.byte	100
 858 033e 23       		.byte	35
 859 033f 01       		.byte	1
 860 0340 27       		.byte	39
 861 0341 10       		.byte	16
 862 0342 28       		.byte	40
 863 0343 10       		.byte	16
 864 0344 29       		.byte	41
 865 0345 80       		.byte	-128
 866 0346 2A       		.byte	42
 867 0347 24       		.byte	36
 868 0348 2B       		.byte	43
 869 0349 60       		.byte	96
 870 034a 2C       		.byte	44
 871 034b 08       		.byte	8
 872 034c 2D       		.byte	45
 873 034d 84       		.byte	-124
 874 034e 2F       		.byte	47
 875 034f 40       		.byte	64
 876 0350 32       		.byte	50
 877 0351 80       		.byte	-128
 878 0352 33       		.byte	51
 879 0353 10       		.byte	16
 880 0354 34       		.byte	52
 881 0355 40       		.byte	64
 882 0356 35       		.byte	53
 883 0357 01       		.byte	1
 884 0358 36       		.byte	54
 885 0359 10       		.byte	16
 886 035a 38       		.byte	56
 887 035b 04       		.byte	4
 888 035c 3B       		.byte	59
 889 035d 10       		.byte	16
 890 035e 3C       		.byte	60
 891 035f 10       		.byte	16
 892 0360 3D       		.byte	61
 893 0361 20       		.byte	32
 894 0362 3E       		.byte	62
 895 0363 20       		.byte	32
 896 0364 3F       		.byte	63
 897 0365 84       		.byte	-124
 898 0366 5F       		.byte	95
 899 0367 01       		.byte	1
 900 0368 67       		.byte	103
 901 0369 0A       		.byte	10
 902 036a 81       		.byte	-127
 903 036b 01       		.byte	1
 904 036c 82       		.byte	-126
 905 036d 40       		.byte	64
 906 036e 83       		.byte	-125
 907 036f 10       		.byte	16
 908 0370 89       		.byte	-119
 909 0371 80       		.byte	-128
 910 0372 90       		.byte	-112
 911 0373 04       		.byte	4
 912 0374 91       		.byte	-111
ARM GAS  C:\Users\Srujith\AppData\Local\Temp\ccbkAYJe.s 			page 17


 913 0375 10       		.byte	16
 914 0376 93       		.byte	-109
 915 0377 12       		.byte	18
 916 0378 94       		.byte	-108
 917 0379 01       		.byte	1
 918 037a 9D       		.byte	-99
 919 037b 80       		.byte	-128
 920 037c 9F       		.byte	-97
 921 037d 10       		.byte	16
 922 037e A0       		.byte	-96
 923 037f A8       		.byte	-88
 924 0380 A1       		.byte	-95
 925 0381 50       		.byte	80
 926 0382 A2       		.byte	-94
 927 0383 94       		.byte	-108
 928 0384 A3       		.byte	-93
 929 0385 01       		.byte	1
 930 0386 A7       		.byte	-89
 931 0387 20       		.byte	32
 932 0388 B4       		.byte	-76
 933 0389 01       		.byte	1
 934 038a C0       		.byte	-64
 935 038b FF       		.byte	-1
 936 038c C2       		.byte	-62
 937 038d FF       		.byte	-1
 938 038e C4       		.byte	-60
 939 038f 6E       		.byte	110
 940 0390 CA       		.byte	-54
 941 0391 FF       		.byte	-1
 942 0392 CC       		.byte	-52
 943 0393 BC       		.byte	-68
 944 0394 CE       		.byte	-50
 945 0395 76       		.byte	118
 946 0396 D6       		.byte	-42
 947 0397 80       		.byte	-128
 948 0398 D8       		.byte	-40
 949 0399 30       		.byte	48
 950 039a E8       		.byte	-24
 951 039b 10       		.byte	16
 952 039c EE       		.byte	-18
 953 039d 08       		.byte	8
 954 039e 33       		.byte	51
 955 039f 20       		.byte	32
 956 03a0 CC       		.byte	-52
 957 03a1 10       		.byte	16
 958 03a2 A7       		.byte	-89
 959 03a3 20       		.byte	32
 960 03a4 A7       		.byte	-89
 961 03a5 20       		.byte	32
 962 03a6 A7       		.byte	-89
 963 03a7 20       		.byte	32
 964 03a8 24       		.byte	36
 965 03a9 08       		.byte	8
 966 03aa A7       		.byte	-89
 967 03ab 20       		.byte	32
 968 03ac C8       		.byte	-56
 969 03ad 20       		.byte	32
ARM GAS  C:\Users\Srujith\AppData\Local\Temp\ccbkAYJe.s 			page 18


 970 03ae AF       		.byte	-81
 971 03af 20       		.byte	32
 972 03b0 B4       		.byte	-76
 973 03b1 04       		.byte	4
 974 03b2 EE       		.byte	-18
 975 03b3 10       		.byte	16
 976 03b4 1F       		.byte	31
 977 03b5 80       		.byte	-128
 978 03b6 34       		.byte	52
 979 03b7 02       		.byte	2
 980 03b8 C6       		.byte	-58
 981 03b9 01       		.byte	1
 982 03ba CC       		.byte	-52
 983 03bb 01       		.byte	1
 984 03bc 11       		.byte	17
 985 03bd 01       		.byte	1
 986 03be 7C       		.byte	124
 987 03bf 40       		.byte	64
 988 03c0 89       		.byte	-119
 989 03c1 01       		.byte	1
 990 03c2 90       		.byte	-112
 991 03c3 40       		.byte	64
 992 03c4 AF       		.byte	-81
 993 03c5 80       		.byte	-128
 994 03c6 B4       		.byte	-76
 995 03c7 42       		.byte	66
 996 03c8 C4       		.byte	-60
 997 03c9 08       		.byte	8
 998 03ca DE       		.byte	-34
 999 03cb 04       		.byte	4
 1000 03cc E6       		.byte	-26
 1001 03cd 01       		.byte	1
 1002 03ce E8       		.byte	-24
 1003 03cf 0A       		.byte	10
 1004 03d0 00       		.byte	0
 1005 03d1 02       		.byte	2
 1006 03d2 0C       		.byte	12
 1007 03d3 02       		.byte	2
 1008 03d4 10       		.byte	16
 1009 03d5 02       		.byte	2
 1010 03d6 1C       		.byte	28
 1011 03d7 02       		.byte	2
 1012 03d8 00       		.byte	0
 1013 03d9 03       		.byte	3
 1014 03da 00       		.byte	0
 1015 03db 00       		.byte	0
 1016 03dc 80       		.byte	-128
 1017 03dd 80       		.byte	-128
 1018 03de 00       		.byte	0
 1019 03df 00       		.byte	0
 1020 03e0 40       		.byte	64
 1021 03e1 00       		.byte	0
 1022 03e2 00       		.byte	0
 1023 03e3 00       		.byte	0
 1024 03e4 00       		.byte	0
 1025 03e5 00       		.byte	0
 1026 03e6 00       		.byte	0
ARM GAS  C:\Users\Srujith\AppData\Local\Temp\ccbkAYJe.s 			page 19


 1027 03e7 00       		.byte	0
 1028 03e8 00       		.byte	0
 1029 03e9 00       		.byte	0
 1030 03ea 04       		.byte	4
 1031 03eb 00       		.byte	0
 1032 03ec 80       		.byte	-128
 1033 03ed 00       		.byte	0
 1034 03ee 40       		.byte	64
 1035 03ef 80       		.byte	-128
 1036 03f0 80       		.byte	-128
 1037 03f1 00       		.byte	0
 1038 03f2 80       		.byte	-128
 1039 03f3 00       		.byte	0
 1040 03f4 00       		.byte	0
 1041 03f5 00       		.byte	0
 1042 03f6 00       		.byte	0
 1043 03f7 00       		.byte	0
 1044 03f8 00       		.byte	0
 1045 03f9 0B       		.byte	11
 1046 03fa 0B       		.byte	11
 1047 03fb 00       		.byte	0
 1048 03fc 00       		.byte	0
 1049 03fd 00       		.byte	0
 1050 03fe 00       		.byte	0
 1051 03ff 00       		.byte	0
 1052 0400 00       		.byte	0
 1053 0401 00       		.byte	0
 1054 0402 00       		.byte	0
 1055 0403 00       		.byte	0
 1056 0404 00       		.byte	0
 1057 0405 00       		.byte	0
 1058 0406 08       		.byte	8
 1059 0407 00       		.byte	0
 1060              		.section	.cywolatch,"a",%progbits
 1061              		.align	2
 1062              		.type	cy_meta_wonvl, %object
 1063              		.size	cy_meta_wonvl, 4
 1064              	cy_meta_wonvl:
 1065 0000 BC       		.byte	-68
 1066 0001 90       		.byte	-112
 1067 0002 AC       		.byte	-84
 1068 0003 AF       		.byte	-81
 1069              		.section	.cycustnvl,"a",%progbits
 1070              		.align	2
 1071              		.type	cy_meta_custnvl, %object
 1072              		.size	cy_meta_custnvl, 4
 1073              	cy_meta_custnvl:
 1074 0000 00       		.byte	0
 1075 0001 00       		.byte	0
 1076 0002 40       		.byte	64
 1077 0003 05       		.byte	5
 1078              		.section	.cymeta,"a",%progbits
 1079              		.align	2
 1080              		.type	cy_metadata, %object
 1081              		.size	cy_metadata, 12
 1082              	cy_metadata:
 1083 0000 00       		.byte	0
ARM GAS  C:\Users\Srujith\AppData\Local\Temp\ccbkAYJe.s 			page 20


 1084 0001 01       		.byte	1
 1085 0002 2E       		.byte	46
 1086 0003 16       		.byte	22
 1087 0004 10       		.byte	16
 1088 0005 69       		.byte	105
 1089 0006 00       		.byte	0
 1090 0007 01       		.byte	1
 1091 0008 00       		.byte	0
 1092 0009 00       		.byte	0
 1093 000a 00       		.byte	0
 1094 000b 00       		.byte	0
 1095              		.section	.cyflashprotect,"a",%progbits
 1096              		.align	2
 1097              		.type	cy_meta_flashprotect, %object
 1098              		.size	cy_meta_flashprotect, 256
 1099              	cy_meta_flashprotect:
 1100 0000 00000000 		.space	256
 1100      00000000 
 1100      00000000 
 1100      00000000 
 1100      00000000 
 1101              		.text
 1102              	.Letext0:
 1103              		.file 1 "Generated_Source\\PSoC5\\cymetadata.c"
 1104              		.file 2 "Generated_Source\\PSoC5\\cytypes.h"
 1105              		.section	.debug_info,"",%progbits
 1106              	.Ldebug_info0:
 1107 0000 36010000 		.4byte	0x136
 1108 0004 0400     		.2byte	0x4
 1109 0006 00000000 		.4byte	.Ldebug_abbrev0
 1110 000a 04       		.byte	0x4
 1111 000b 01       		.uleb128 0x1
 1112 000c A5000000 		.4byte	.LASF18
 1113 0010 01       		.byte	0x1
 1114 0011 BB010000 		.4byte	.LASF19
 1115 0015 12000000 		.4byte	.LASF20
 1116 0019 00000000 		.4byte	.Ldebug_line0
 1117 001d 02       		.uleb128 0x2
 1118 001e 01       		.byte	0x1
 1119 001f 06       		.byte	0x6
 1120 0020 AF010000 		.4byte	.LASF0
 1121 0024 02       		.uleb128 0x2
 1122 0025 01       		.byte	0x1
 1123 0026 08       		.byte	0x8
 1124 0027 49000000 		.4byte	.LASF1
 1125 002b 02       		.uleb128 0x2
 1126 002c 02       		.byte	0x2
 1127 002d 05       		.byte	0x5
 1128 002e 96010000 		.4byte	.LASF2
 1129 0032 02       		.uleb128 0x2
 1130 0033 02       		.byte	0x2
 1131 0034 07       		.byte	0x7
 1132 0035 69000000 		.4byte	.LASF3
 1133 0039 02       		.uleb128 0x2
 1134 003a 04       		.byte	0x4
 1135 003b 05       		.byte	0x5
 1136 003c A6010000 		.4byte	.LASF4
ARM GAS  C:\Users\Srujith\AppData\Local\Temp\ccbkAYJe.s 			page 21


 1137 0040 02       		.uleb128 0x2
 1138 0041 04       		.byte	0x4
 1139 0042 07       		.byte	0x7
 1140 0043 57000000 		.4byte	.LASF5
 1141 0047 02       		.uleb128 0x2
 1142 0048 08       		.byte	0x8
 1143 0049 05       		.byte	0x5
 1144 004a 83010000 		.4byte	.LASF6
 1145 004e 02       		.uleb128 0x2
 1146 004f 08       		.byte	0x8
 1147 0050 07       		.byte	0x7
 1148 0051 40010000 		.4byte	.LASF7
 1149 0055 03       		.uleb128 0x3
 1150 0056 04       		.byte	0x4
 1151 0057 05       		.byte	0x5
 1152 0058 696E7400 		.ascii	"int\000"
 1153 005c 02       		.uleb128 0x2
 1154 005d 04       		.byte	0x4
 1155 005e 07       		.byte	0x7
 1156 005f 33010000 		.4byte	.LASF8
 1157 0063 04       		.uleb128 0x4
 1158 0064 A0010000 		.4byte	.LASF21
 1159 0068 02       		.byte	0x2
 1160 0069 C2       		.byte	0xc2
 1161 006a 24000000 		.4byte	0x24
 1162 006e 02       		.uleb128 0x2
 1163 006f 04       		.byte	0x4
 1164 0070 04       		.byte	0x4
 1165 0071 0C000000 		.4byte	.LASF9
 1166 0075 02       		.uleb128 0x2
 1167 0076 08       		.byte	0x8
 1168 0077 04       		.byte	0x4
 1169 0078 7C000000 		.4byte	.LASF10
 1170 007c 02       		.uleb128 0x2
 1171 007d 01       		.byte	0x1
 1172 007e 08       		.byte	0x8
 1173 007f 91010000 		.4byte	.LASF11
 1174 0083 05       		.uleb128 0x5
 1175 0084 63000000 		.4byte	0x63
 1176 0088 94000000 		.4byte	0x94
 1177 008c 06       		.uleb128 0x6
 1178 008d 94000000 		.4byte	0x94
 1179 0091 0704     		.2byte	0x407
 1180 0093 00       		.byte	0
 1181 0094 02       		.uleb128 0x2
 1182 0095 04       		.byte	0x4
 1183 0096 07       		.byte	0x7
 1184 0097 7A010000 		.4byte	.LASF12
 1185 009b 07       		.uleb128 0x7
 1186 009c 93000000 		.4byte	.LASF13
 1187 00a0 01       		.byte	0x1
 1188 00a1 1F       		.byte	0x1f
 1189 00a2 AC000000 		.4byte	0xac
 1190 00a6 05       		.uleb128 0x5
 1191 00a7 03       		.byte	0x3
 1192 00a8 00000000 		.4byte	cy_meta_configecc
 1193 00ac 08       		.uleb128 0x8
ARM GAS  C:\Users\Srujith\AppData\Local\Temp\ccbkAYJe.s 			page 22


 1194 00ad 83000000 		.4byte	0x83
 1195 00b1 05       		.uleb128 0x5
 1196 00b2 63000000 		.4byte	0x63
 1197 00b6 C1000000 		.4byte	0xc1
 1198 00ba 09       		.uleb128 0x9
 1199 00bb 94000000 		.4byte	0x94
 1200 00bf 03       		.byte	0x3
 1201 00c0 00       		.byte	0
 1202 00c1 07       		.uleb128 0x7
 1203 00c2 83000000 		.4byte	.LASF14
 1204 00c6 01       		.byte	0x1
 1205 00c7 AD       		.byte	0xad
 1206 00c8 D2000000 		.4byte	0xd2
 1207 00cc 05       		.uleb128 0x5
 1208 00cd 03       		.byte	0x3
 1209 00ce 00000000 		.4byte	cy_meta_custnvl
 1210 00d2 08       		.uleb128 0x8
 1211 00d3 B1000000 		.4byte	0xb1
 1212 00d7 07       		.uleb128 0x7
 1213 00d8 6C010000 		.4byte	.LASF15
 1214 00dc 01       		.byte	0x1
 1215 00dd BB       		.byte	0xbb
 1216 00de E8000000 		.4byte	0xe8
 1217 00e2 05       		.uleb128 0x5
 1218 00e3 03       		.byte	0x3
 1219 00e4 00000000 		.4byte	cy_meta_wonvl
 1220 00e8 08       		.uleb128 0x8
 1221 00e9 B1000000 		.4byte	0xb1
 1222 00ed 05       		.uleb128 0x5
 1223 00ee 63000000 		.4byte	0x63
 1224 00f2 FD000000 		.4byte	0xfd
 1225 00f6 09       		.uleb128 0x9
 1226 00f7 94000000 		.4byte	0x94
 1227 00fb FF       		.byte	0xff
 1228 00fc 00       		.byte	0
 1229 00fd 07       		.uleb128 0x7
 1230 00fe 57010000 		.4byte	.LASF16
 1231 0102 01       		.byte	0x1
 1232 0103 C9       		.byte	0xc9
 1233 0104 0E010000 		.4byte	0x10e
 1234 0108 05       		.uleb128 0x5
 1235 0109 03       		.byte	0x3
 1236 010a 00000000 		.4byte	cy_meta_flashprotect
 1237 010e 08       		.uleb128 0x8
 1238 010f ED000000 		.4byte	0xed
 1239 0113 05       		.uleb128 0x5
 1240 0114 63000000 		.4byte	0x63
 1241 0118 23010000 		.4byte	0x123
 1242 011c 09       		.uleb128 0x9
 1243 011d 94000000 		.4byte	0x94
 1244 0121 0B       		.byte	0xb
 1245 0122 00       		.byte	0
 1246 0123 07       		.uleb128 0x7
 1247 0124 00000000 		.4byte	.LASF17
 1248 0128 01       		.byte	0x1
 1249 0129 F6       		.byte	0xf6
 1250 012a 34010000 		.4byte	0x134
ARM GAS  C:\Users\Srujith\AppData\Local\Temp\ccbkAYJe.s 			page 23


 1251 012e 05       		.uleb128 0x5
 1252 012f 03       		.byte	0x3
 1253 0130 00000000 		.4byte	cy_metadata
 1254 0134 08       		.uleb128 0x8
 1255 0135 13010000 		.4byte	0x113
 1256 0139 00       		.byte	0
 1257              		.section	.debug_abbrev,"",%progbits
 1258              	.Ldebug_abbrev0:
 1259 0000 01       		.uleb128 0x1
 1260 0001 11       		.uleb128 0x11
 1261 0002 01       		.byte	0x1
 1262 0003 25       		.uleb128 0x25
 1263 0004 0E       		.uleb128 0xe
 1264 0005 13       		.uleb128 0x13
 1265 0006 0B       		.uleb128 0xb
 1266 0007 03       		.uleb128 0x3
 1267 0008 0E       		.uleb128 0xe
 1268 0009 1B       		.uleb128 0x1b
 1269 000a 0E       		.uleb128 0xe
 1270 000b 10       		.uleb128 0x10
 1271 000c 17       		.uleb128 0x17
 1272 000d 00       		.byte	0
 1273 000e 00       		.byte	0
 1274 000f 02       		.uleb128 0x2
 1275 0010 24       		.uleb128 0x24
 1276 0011 00       		.byte	0
 1277 0012 0B       		.uleb128 0xb
 1278 0013 0B       		.uleb128 0xb
 1279 0014 3E       		.uleb128 0x3e
 1280 0015 0B       		.uleb128 0xb
 1281 0016 03       		.uleb128 0x3
 1282 0017 0E       		.uleb128 0xe
 1283 0018 00       		.byte	0
 1284 0019 00       		.byte	0
 1285 001a 03       		.uleb128 0x3
 1286 001b 24       		.uleb128 0x24
 1287 001c 00       		.byte	0
 1288 001d 0B       		.uleb128 0xb
 1289 001e 0B       		.uleb128 0xb
 1290 001f 3E       		.uleb128 0x3e
 1291 0020 0B       		.uleb128 0xb
 1292 0021 03       		.uleb128 0x3
 1293 0022 08       		.uleb128 0x8
 1294 0023 00       		.byte	0
 1295 0024 00       		.byte	0
 1296 0025 04       		.uleb128 0x4
 1297 0026 16       		.uleb128 0x16
 1298 0027 00       		.byte	0
 1299 0028 03       		.uleb128 0x3
 1300 0029 0E       		.uleb128 0xe
 1301 002a 3A       		.uleb128 0x3a
 1302 002b 0B       		.uleb128 0xb
 1303 002c 3B       		.uleb128 0x3b
 1304 002d 0B       		.uleb128 0xb
 1305 002e 49       		.uleb128 0x49
 1306 002f 13       		.uleb128 0x13
 1307 0030 00       		.byte	0
ARM GAS  C:\Users\Srujith\AppData\Local\Temp\ccbkAYJe.s 			page 24


 1308 0031 00       		.byte	0
 1309 0032 05       		.uleb128 0x5
 1310 0033 01       		.uleb128 0x1
 1311 0034 01       		.byte	0x1
 1312 0035 49       		.uleb128 0x49
 1313 0036 13       		.uleb128 0x13
 1314 0037 01       		.uleb128 0x1
 1315 0038 13       		.uleb128 0x13
 1316 0039 00       		.byte	0
 1317 003a 00       		.byte	0
 1318 003b 06       		.uleb128 0x6
 1319 003c 21       		.uleb128 0x21
 1320 003d 00       		.byte	0
 1321 003e 49       		.uleb128 0x49
 1322 003f 13       		.uleb128 0x13
 1323 0040 2F       		.uleb128 0x2f
 1324 0041 05       		.uleb128 0x5
 1325 0042 00       		.byte	0
 1326 0043 00       		.byte	0
 1327 0044 07       		.uleb128 0x7
 1328 0045 34       		.uleb128 0x34
 1329 0046 00       		.byte	0
 1330 0047 03       		.uleb128 0x3
 1331 0048 0E       		.uleb128 0xe
 1332 0049 3A       		.uleb128 0x3a
 1333 004a 0B       		.uleb128 0xb
 1334 004b 3B       		.uleb128 0x3b
 1335 004c 0B       		.uleb128 0xb
 1336 004d 49       		.uleb128 0x49
 1337 004e 13       		.uleb128 0x13
 1338 004f 3F       		.uleb128 0x3f
 1339 0050 19       		.uleb128 0x19
 1340 0051 02       		.uleb128 0x2
 1341 0052 18       		.uleb128 0x18
 1342 0053 00       		.byte	0
 1343 0054 00       		.byte	0
 1344 0055 08       		.uleb128 0x8
 1345 0056 26       		.uleb128 0x26
 1346 0057 00       		.byte	0
 1347 0058 49       		.uleb128 0x49
 1348 0059 13       		.uleb128 0x13
 1349 005a 00       		.byte	0
 1350 005b 00       		.byte	0
 1351 005c 09       		.uleb128 0x9
 1352 005d 21       		.uleb128 0x21
 1353 005e 00       		.byte	0
 1354 005f 49       		.uleb128 0x49
 1355 0060 13       		.uleb128 0x13
 1356 0061 2F       		.uleb128 0x2f
 1357 0062 0B       		.uleb128 0xb
 1358 0063 00       		.byte	0
 1359 0064 00       		.byte	0
 1360 0065 00       		.byte	0
 1361              		.section	.debug_aranges,"",%progbits
 1362 0000 14000000 		.4byte	0x14
 1363 0004 0200     		.2byte	0x2
 1364 0006 00000000 		.4byte	.Ldebug_info0
ARM GAS  C:\Users\Srujith\AppData\Local\Temp\ccbkAYJe.s 			page 25


 1365 000a 04       		.byte	0x4
 1366 000b 00       		.byte	0
 1367 000c 0000     		.2byte	0
 1368 000e 0000     		.2byte	0
 1369 0010 00000000 		.4byte	0
 1370 0014 00000000 		.4byte	0
 1371              		.section	.debug_line,"",%progbits
 1372              	.Ldebug_line0:
 1373 0000 4D000000 		.section	.debug_str,"MS",%progbits,1
 1373      02004700 
 1373      00000201 
 1373      FB0E0D00 
 1373      01010101 
 1374              	.LASF17:
 1375 0000 63795F6D 		.ascii	"cy_metadata\000"
 1375      65746164 
 1375      61746100 
 1376              	.LASF9:
 1377 000c 666C6F61 		.ascii	"float\000"
 1377      7400
 1378              	.LASF20:
 1379 0012 433A5C55 		.ascii	"C:\\Users\\Srujith\\Desktop\\SAR Example\\SAR Examp"
 1379      73657273 
 1379      5C537275 
 1379      6A697468 
 1379      5C446573 
 1380 0040 6C652E63 		.ascii	"le.cydsn\000"
 1380      7964736E 
 1380      00
 1381              	.LASF1:
 1382 0049 756E7369 		.ascii	"unsigned char\000"
 1382      676E6564 
 1382      20636861 
 1382      7200
 1383              	.LASF5:
 1384 0057 6C6F6E67 		.ascii	"long unsigned int\000"
 1384      20756E73 
 1384      69676E65 
 1384      6420696E 
 1384      7400
 1385              	.LASF3:
 1386 0069 73686F72 		.ascii	"short unsigned int\000"
 1386      7420756E 
 1386      7369676E 
 1386      65642069 
 1386      6E7400
 1387              	.LASF10:
 1388 007c 646F7562 		.ascii	"double\000"
 1388      6C6500
 1389              	.LASF14:
 1390 0083 63795F6D 		.ascii	"cy_meta_custnvl\000"
 1390      6574615F 
 1390      63757374 
 1390      6E766C00 
 1391              	.LASF13:
 1392 0093 63795F6D 		.ascii	"cy_meta_configecc\000"
 1392      6574615F 
ARM GAS  C:\Users\Srujith\AppData\Local\Temp\ccbkAYJe.s 			page 26


 1392      636F6E66 
 1392      69676563 
 1392      6300
 1393              	.LASF18:
 1394 00a5 474E5520 		.ascii	"GNU C 4.9.3 20150303 (release) [ARM/embedded-4_9-br"
 1394      4320342E 
 1394      392E3320 
 1394      32303135 
 1394      30333033 
 1395 00d8 616E6368 		.ascii	"anch revision 221220] -mcpu=cortex-m3 -mthumb -g -O"
 1395      20726576 
 1395      6973696F 
 1395      6E203232 
 1395      31323230 
 1396 010b 67202D66 		.ascii	"g -ffunction-sections -ffat-lto-objects\000"
 1396      66756E63 
 1396      74696F6E 
 1396      2D736563 
 1396      74696F6E 
 1397              	.LASF8:
 1398 0133 756E7369 		.ascii	"unsigned int\000"
 1398      676E6564 
 1398      20696E74 
 1398      00
 1399              	.LASF7:
 1400 0140 6C6F6E67 		.ascii	"long long unsigned int\000"
 1400      206C6F6E 
 1400      6720756E 
 1400      7369676E 
 1400      65642069 
 1401              	.LASF16:
 1402 0157 63795F6D 		.ascii	"cy_meta_flashprotect\000"
 1402      6574615F 
 1402      666C6173 
 1402      6870726F 
 1402      74656374 
 1403              	.LASF15:
 1404 016c 63795F6D 		.ascii	"cy_meta_wonvl\000"
 1404      6574615F 
 1404      776F6E76 
 1404      6C00
 1405              	.LASF12:
 1406 017a 73697A65 		.ascii	"sizetype\000"
 1406      74797065 
 1406      00
 1407              	.LASF6:
 1408 0183 6C6F6E67 		.ascii	"long long int\000"
 1408      206C6F6E 
 1408      6720696E 
 1408      7400
 1409              	.LASF11:
 1410 0191 63686172 		.ascii	"char\000"
 1410      00
 1411              	.LASF2:
 1412 0196 73686F72 		.ascii	"short int\000"
 1412      7420696E 
 1412      7400
ARM GAS  C:\Users\Srujith\AppData\Local\Temp\ccbkAYJe.s 			page 27


 1413              	.LASF21:
 1414 01a0 75696E74 		.ascii	"uint8\000"
 1414      3800
 1415              	.LASF4:
 1416 01a6 6C6F6E67 		.ascii	"long int\000"
 1416      20696E74 
 1416      00
 1417              	.LASF0:
 1418 01af 7369676E 		.ascii	"signed char\000"
 1418      65642063 
 1418      68617200 
 1419              	.LASF19:
 1420 01bb 47656E65 		.ascii	"Generated_Source\\PSoC5\\cymetadata.c\000"
 1420      72617465 
 1420      645F536F 
 1420      75726365 
 1420      5C50536F 
 1421              		.ident	"GCC: (GNU Tools for ARM Embedded Processors) 4.9.3 20150303 (release) [ARM/embedded-4_9-br
