ARM GAS  C:\Users\Digi-Key\AppData\Local\Temp\ccbZUglt.s 			page 1


   1              		.syntax unified
   2              		.cpu cortex-m3
   3              		.fpu softvfp
   4              		.eabi_attribute 20, 1
   5              		.eabi_attribute 21, 1
   6              		.eabi_attribute 23, 3
   7              		.eabi_attribute 24, 1
   8              		.eabi_attribute 25, 1
   9              		.eabi_attribute 26, 1
  10              		.eabi_attribute 30, 1
  11              		.eabi_attribute 34, 1
  12              		.eabi_attribute 18, 4
  13              		.thumb
  14              		.file	"LED_Pin.c"
  15              		.text
  16              	.Ltext0:
  17              		.cfi_sections	.debug_frame
  18              		.section	.text.LED_Pin_Write,"ax",%progbits
  19              		.align	2
  20              		.global	LED_Pin_Write
  21              		.thumb
  22              		.thumb_func
  23              		.type	LED_Pin_Write, %function
  24              	LED_Pin_Write:
  25              	.LFB0:
  26              		.file 1 ".\\Generated_Source\\PSoC5\\LED_Pin.c"
   1:.\Generated_Source\PSoC5/LED_Pin.c **** /*******************************************************************************
   2:.\Generated_Source\PSoC5/LED_Pin.c **** * File Name: LED_Pin.c  
   3:.\Generated_Source\PSoC5/LED_Pin.c **** * Version 2.10
   4:.\Generated_Source\PSoC5/LED_Pin.c **** *
   5:.\Generated_Source\PSoC5/LED_Pin.c **** * Description:
   6:.\Generated_Source\PSoC5/LED_Pin.c **** *  This file contains API to enable firmware control of a Pins component.
   7:.\Generated_Source\PSoC5/LED_Pin.c **** *
   8:.\Generated_Source\PSoC5/LED_Pin.c **** * Note:
   9:.\Generated_Source\PSoC5/LED_Pin.c **** *
  10:.\Generated_Source\PSoC5/LED_Pin.c **** ********************************************************************************
  11:.\Generated_Source\PSoC5/LED_Pin.c **** * Copyright 2008-2014, Cypress Semiconductor Corporation.  All rights reserved.
  12:.\Generated_Source\PSoC5/LED_Pin.c **** * You may use this file only in accordance with the license, terms, conditions, 
  13:.\Generated_Source\PSoC5/LED_Pin.c **** * disclaimers, and limitations in the end user license agreement accompanying 
  14:.\Generated_Source\PSoC5/LED_Pin.c **** * the software package with which this file was provided.
  15:.\Generated_Source\PSoC5/LED_Pin.c **** *******************************************************************************/
  16:.\Generated_Source\PSoC5/LED_Pin.c **** 
  17:.\Generated_Source\PSoC5/LED_Pin.c **** #include "cytypes.h"
  18:.\Generated_Source\PSoC5/LED_Pin.c **** #include "LED_Pin.h"
  19:.\Generated_Source\PSoC5/LED_Pin.c **** 
  20:.\Generated_Source\PSoC5/LED_Pin.c **** /* APIs are not generated for P15[7:6] on PSoC 5 */
  21:.\Generated_Source\PSoC5/LED_Pin.c **** #if !(CY_PSOC5A &&\
  22:.\Generated_Source\PSoC5/LED_Pin.c **** 	 LED_Pin__PORT == 15 && ((LED_Pin__MASK & 0xC0) != 0))
  23:.\Generated_Source\PSoC5/LED_Pin.c **** 
  24:.\Generated_Source\PSoC5/LED_Pin.c **** 
  25:.\Generated_Source\PSoC5/LED_Pin.c **** /*******************************************************************************
  26:.\Generated_Source\PSoC5/LED_Pin.c **** * Function Name: LED_Pin_Write
  27:.\Generated_Source\PSoC5/LED_Pin.c **** ********************************************************************************
  28:.\Generated_Source\PSoC5/LED_Pin.c **** *
  29:.\Generated_Source\PSoC5/LED_Pin.c **** * Summary:
  30:.\Generated_Source\PSoC5/LED_Pin.c **** *  Assign a new value to the digital port's data output register.  
  31:.\Generated_Source\PSoC5/LED_Pin.c **** *
ARM GAS  C:\Users\Digi-Key\AppData\Local\Temp\ccbZUglt.s 			page 2


  32:.\Generated_Source\PSoC5/LED_Pin.c **** * Parameters:  
  33:.\Generated_Source\PSoC5/LED_Pin.c **** *  prtValue:  The value to be assigned to the Digital Port. 
  34:.\Generated_Source\PSoC5/LED_Pin.c **** *
  35:.\Generated_Source\PSoC5/LED_Pin.c **** * Return: 
  36:.\Generated_Source\PSoC5/LED_Pin.c **** *  None
  37:.\Generated_Source\PSoC5/LED_Pin.c **** *  
  38:.\Generated_Source\PSoC5/LED_Pin.c **** *******************************************************************************/
  39:.\Generated_Source\PSoC5/LED_Pin.c **** void LED_Pin_Write(uint8 value) 
  40:.\Generated_Source\PSoC5/LED_Pin.c **** {
  27              		.loc 1 40 0
  28              		.cfi_startproc
  29              		@ args = 0, pretend = 0, frame = 0
  30              		@ frame_needed = 0, uses_anonymous_args = 0
  31              		@ link register save eliminated.
  32              	.LVL0:
  41:.\Generated_Source\PSoC5/LED_Pin.c ****     uint8 staticBits = (LED_Pin_DR & (uint8)(~LED_Pin_MASK));
  33              		.loc 1 41 0
  34 0000 044A     		ldr	r2, .L2
  35 0002 1378     		ldrb	r3, [r2]	@ zero_extendqisi2
  36 0004 03F0FD03 		and	r3, r3, #253
  37              	.LVL1:
  42:.\Generated_Source\PSoC5/LED_Pin.c ****     LED_Pin_DR = staticBits | ((uint8)(value << LED_Pin_SHIFT) & LED_Pin_MASK);
  38              		.loc 1 42 0
  39 0008 4000     		lsls	r0, r0, #1
  40              	.LVL2:
  41 000a 00F00200 		and	r0, r0, #2
  42 000e 1843     		orrs	r0, r0, r3
  43 0010 1070     		strb	r0, [r2]
  44 0012 7047     		bx	lr
  45              	.L3:
  46              		.align	2
  47              	.L2:
  48 0014 20510040 		.word	1073762592
  49              		.cfi_endproc
  50              	.LFE0:
  51              		.size	LED_Pin_Write, .-LED_Pin_Write
  52              		.section	.text.LED_Pin_SetDriveMode,"ax",%progbits
  53              		.align	2
  54              		.global	LED_Pin_SetDriveMode
  55              		.thumb
  56              		.thumb_func
  57              		.type	LED_Pin_SetDriveMode, %function
  58              	LED_Pin_SetDriveMode:
  59              	.LFB1:
  43:.\Generated_Source\PSoC5/LED_Pin.c **** }
  44:.\Generated_Source\PSoC5/LED_Pin.c **** 
  45:.\Generated_Source\PSoC5/LED_Pin.c **** 
  46:.\Generated_Source\PSoC5/LED_Pin.c **** /*******************************************************************************
  47:.\Generated_Source\PSoC5/LED_Pin.c **** * Function Name: LED_Pin_SetDriveMode
  48:.\Generated_Source\PSoC5/LED_Pin.c **** ********************************************************************************
  49:.\Generated_Source\PSoC5/LED_Pin.c **** *
  50:.\Generated_Source\PSoC5/LED_Pin.c **** * Summary:
  51:.\Generated_Source\PSoC5/LED_Pin.c **** *  Change the drive mode on the pins of the port.
  52:.\Generated_Source\PSoC5/LED_Pin.c **** * 
  53:.\Generated_Source\PSoC5/LED_Pin.c **** * Parameters:  
  54:.\Generated_Source\PSoC5/LED_Pin.c **** *  mode:  Change the pins to one of the following drive modes.
  55:.\Generated_Source\PSoC5/LED_Pin.c **** *
ARM GAS  C:\Users\Digi-Key\AppData\Local\Temp\ccbZUglt.s 			page 3


  56:.\Generated_Source\PSoC5/LED_Pin.c **** *  LED_Pin_DM_STRONG     Strong Drive 
  57:.\Generated_Source\PSoC5/LED_Pin.c **** *  LED_Pin_DM_OD_HI      Open Drain, Drives High 
  58:.\Generated_Source\PSoC5/LED_Pin.c **** *  LED_Pin_DM_OD_LO      Open Drain, Drives Low 
  59:.\Generated_Source\PSoC5/LED_Pin.c **** *  LED_Pin_DM_RES_UP     Resistive Pull Up 
  60:.\Generated_Source\PSoC5/LED_Pin.c **** *  LED_Pin_DM_RES_DWN    Resistive Pull Down 
  61:.\Generated_Source\PSoC5/LED_Pin.c **** *  LED_Pin_DM_RES_UPDWN  Resistive Pull Up/Down 
  62:.\Generated_Source\PSoC5/LED_Pin.c **** *  LED_Pin_DM_DIG_HIZ    High Impedance Digital 
  63:.\Generated_Source\PSoC5/LED_Pin.c **** *  LED_Pin_DM_ALG_HIZ    High Impedance Analog 
  64:.\Generated_Source\PSoC5/LED_Pin.c **** *
  65:.\Generated_Source\PSoC5/LED_Pin.c **** * Return: 
  66:.\Generated_Source\PSoC5/LED_Pin.c **** *  None
  67:.\Generated_Source\PSoC5/LED_Pin.c **** *
  68:.\Generated_Source\PSoC5/LED_Pin.c **** *******************************************************************************/
  69:.\Generated_Source\PSoC5/LED_Pin.c **** void LED_Pin_SetDriveMode(uint8 mode) 
  70:.\Generated_Source\PSoC5/LED_Pin.c **** {
  60              		.loc 1 70 0
  61              		.cfi_startproc
  62              		@ args = 0, pretend = 0, frame = 0
  63              		@ frame_needed = 0, uses_anonymous_args = 0
  64              		@ link register save eliminated.
  65              	.LVL3:
  71:.\Generated_Source\PSoC5/LED_Pin.c **** 	CyPins_SetPinDriveMode(LED_Pin_0, mode);
  66              		.loc 1 71 0
  67 0000 044A     		ldr	r2, .L5
  68 0002 1378     		ldrb	r3, [r2]	@ zero_extendqisi2
  69 0004 03F0F103 		and	r3, r3, #241
  70 0008 00F00E00 		and	r0, r0, #14
  71              	.LVL4:
  72 000c 1843     		orrs	r0, r0, r3
  73 000e 1070     		strb	r0, [r2]
  74 0010 7047     		bx	lr
  75              	.L6:
  76 0012 00BF     		.align	2
  77              	.L5:
  78 0014 11500040 		.word	1073762321
  79              		.cfi_endproc
  80              	.LFE1:
  81              		.size	LED_Pin_SetDriveMode, .-LED_Pin_SetDriveMode
  82              		.section	.text.LED_Pin_Read,"ax",%progbits
  83              		.align	2
  84              		.global	LED_Pin_Read
  85              		.thumb
  86              		.thumb_func
  87              		.type	LED_Pin_Read, %function
  88              	LED_Pin_Read:
  89              	.LFB2:
  72:.\Generated_Source\PSoC5/LED_Pin.c **** }
  73:.\Generated_Source\PSoC5/LED_Pin.c **** 
  74:.\Generated_Source\PSoC5/LED_Pin.c **** 
  75:.\Generated_Source\PSoC5/LED_Pin.c **** /*******************************************************************************
  76:.\Generated_Source\PSoC5/LED_Pin.c **** * Function Name: LED_Pin_Read
  77:.\Generated_Source\PSoC5/LED_Pin.c **** ********************************************************************************
  78:.\Generated_Source\PSoC5/LED_Pin.c **** *
  79:.\Generated_Source\PSoC5/LED_Pin.c **** * Summary:
  80:.\Generated_Source\PSoC5/LED_Pin.c **** *  Read the current value on the pins of the Digital Port in right justified 
  81:.\Generated_Source\PSoC5/LED_Pin.c **** *  form.
  82:.\Generated_Source\PSoC5/LED_Pin.c **** *
ARM GAS  C:\Users\Digi-Key\AppData\Local\Temp\ccbZUglt.s 			page 4


  83:.\Generated_Source\PSoC5/LED_Pin.c **** * Parameters:  
  84:.\Generated_Source\PSoC5/LED_Pin.c **** *  None
  85:.\Generated_Source\PSoC5/LED_Pin.c **** *
  86:.\Generated_Source\PSoC5/LED_Pin.c **** * Return: 
  87:.\Generated_Source\PSoC5/LED_Pin.c **** *  Returns the current value of the Digital Port as a right justified number
  88:.\Generated_Source\PSoC5/LED_Pin.c **** *  
  89:.\Generated_Source\PSoC5/LED_Pin.c **** * Note:
  90:.\Generated_Source\PSoC5/LED_Pin.c **** *  Macro LED_Pin_ReadPS calls this function. 
  91:.\Generated_Source\PSoC5/LED_Pin.c **** *  
  92:.\Generated_Source\PSoC5/LED_Pin.c **** *******************************************************************************/
  93:.\Generated_Source\PSoC5/LED_Pin.c **** uint8 LED_Pin_Read(void) 
  94:.\Generated_Source\PSoC5/LED_Pin.c **** {
  90              		.loc 1 94 0
  91              		.cfi_startproc
  92              		@ args = 0, pretend = 0, frame = 0
  93              		@ frame_needed = 0, uses_anonymous_args = 0
  94              		@ link register save eliminated.
  95:.\Generated_Source\PSoC5/LED_Pin.c ****     return (LED_Pin_PS & LED_Pin_MASK) >> LED_Pin_SHIFT;
  95              		.loc 1 95 0
  96 0000 024B     		ldr	r3, .L8
  97 0002 1878     		ldrb	r0, [r3]	@ zero_extendqisi2
  96:.\Generated_Source\PSoC5/LED_Pin.c **** }
  98              		.loc 1 96 0
  99 0004 C0F34000 		ubfx	r0, r0, #1, #1
 100 0008 7047     		bx	lr
 101              	.L9:
 102 000a 00BF     		.align	2
 103              	.L8:
 104 000c 21510040 		.word	1073762593
 105              		.cfi_endproc
 106              	.LFE2:
 107              		.size	LED_Pin_Read, .-LED_Pin_Read
 108              		.section	.text.LED_Pin_ReadDataReg,"ax",%progbits
 109              		.align	2
 110              		.global	LED_Pin_ReadDataReg
 111              		.thumb
 112              		.thumb_func
 113              		.type	LED_Pin_ReadDataReg, %function
 114              	LED_Pin_ReadDataReg:
 115              	.LFB3:
  97:.\Generated_Source\PSoC5/LED_Pin.c **** 
  98:.\Generated_Source\PSoC5/LED_Pin.c **** 
  99:.\Generated_Source\PSoC5/LED_Pin.c **** /*******************************************************************************
 100:.\Generated_Source\PSoC5/LED_Pin.c **** * Function Name: LED_Pin_ReadDataReg
 101:.\Generated_Source\PSoC5/LED_Pin.c **** ********************************************************************************
 102:.\Generated_Source\PSoC5/LED_Pin.c **** *
 103:.\Generated_Source\PSoC5/LED_Pin.c **** * Summary:
 104:.\Generated_Source\PSoC5/LED_Pin.c **** *  Read the current value assigned to a Digital Port's data output register
 105:.\Generated_Source\PSoC5/LED_Pin.c **** *
 106:.\Generated_Source\PSoC5/LED_Pin.c **** * Parameters:  
 107:.\Generated_Source\PSoC5/LED_Pin.c **** *  None 
 108:.\Generated_Source\PSoC5/LED_Pin.c **** *
 109:.\Generated_Source\PSoC5/LED_Pin.c **** * Return: 
 110:.\Generated_Source\PSoC5/LED_Pin.c **** *  Returns the current value assigned to the Digital Port's data output register
 111:.\Generated_Source\PSoC5/LED_Pin.c **** *  
 112:.\Generated_Source\PSoC5/LED_Pin.c **** *******************************************************************************/
 113:.\Generated_Source\PSoC5/LED_Pin.c **** uint8 LED_Pin_ReadDataReg(void) 
ARM GAS  C:\Users\Digi-Key\AppData\Local\Temp\ccbZUglt.s 			page 5


 114:.\Generated_Source\PSoC5/LED_Pin.c **** {
 116              		.loc 1 114 0
 117              		.cfi_startproc
 118              		@ args = 0, pretend = 0, frame = 0
 119              		@ frame_needed = 0, uses_anonymous_args = 0
 120              		@ link register save eliminated.
 115:.\Generated_Source\PSoC5/LED_Pin.c ****     return (LED_Pin_DR & LED_Pin_MASK) >> LED_Pin_SHIFT;
 121              		.loc 1 115 0
 122 0000 024B     		ldr	r3, .L11
 123 0002 1878     		ldrb	r0, [r3]	@ zero_extendqisi2
 116:.\Generated_Source\PSoC5/LED_Pin.c **** }
 124              		.loc 1 116 0
 125 0004 C0F34000 		ubfx	r0, r0, #1, #1
 126 0008 7047     		bx	lr
 127              	.L12:
 128 000a 00BF     		.align	2
 129              	.L11:
 130 000c 20510040 		.word	1073762592
 131              		.cfi_endproc
 132              	.LFE3:
 133              		.size	LED_Pin_ReadDataReg, .-LED_Pin_ReadDataReg
 134              		.text
 135              	.Letext0:
 136              		.file 2 ".\\Generated_Source\\PSoC5\\cytypes.h"
 137              		.section	.debug_info,"",%progbits
 138              	.Ldebug_info0:
 139 0000 1A010000 		.4byte	0x11a
 140 0004 0400     		.2byte	0x4
 141 0006 00000000 		.4byte	.Ldebug_abbrev0
 142 000a 04       		.byte	0x4
 143 000b 01       		.uleb128 0x1
 144 000c E1000000 		.4byte	.LASF20
 145 0010 01       		.byte	0x1
 146 0011 7C010000 		.4byte	.LASF21
 147 0015 64000000 		.4byte	.LASF22
 148 0019 00000000 		.4byte	.Ldebug_ranges0+0
 149 001d 00000000 		.4byte	0
 150 0021 00000000 		.4byte	.Ldebug_line0
 151 0025 02       		.uleb128 0x2
 152 0026 01       		.byte	0x1
 153 0027 06       		.byte	0x6
 154 0028 E4010000 		.4byte	.LASF0
 155 002c 02       		.uleb128 0x2
 156 002d 01       		.byte	0x1
 157 002e 08       		.byte	0x8
 158 002f 51000000 		.4byte	.LASF1
 159 0033 02       		.uleb128 0x2
 160 0034 02       		.byte	0x2
 161 0035 05       		.byte	0x5
 162 0036 CB010000 		.4byte	.LASF2
 163 003a 02       		.uleb128 0x2
 164 003b 02       		.byte	0x2
 165 003c 07       		.byte	0x7
 166 003d BA000000 		.4byte	.LASF3
 167 0041 02       		.uleb128 0x2
 168 0042 04       		.byte	0x4
 169 0043 05       		.byte	0x5
ARM GAS  C:\Users\Digi-Key\AppData\Local\Temp\ccbZUglt.s 			page 6


 170 0044 DB010000 		.4byte	.LASF4
 171 0048 02       		.uleb128 0x2
 172 0049 04       		.byte	0x4
 173 004a 07       		.byte	0x7
 174 004b A8000000 		.4byte	.LASF5
 175 004f 02       		.uleb128 0x2
 176 0050 08       		.byte	0x8
 177 0051 05       		.byte	0x5
 178 0052 B8010000 		.4byte	.LASF6
 179 0056 02       		.uleb128 0x2
 180 0057 08       		.byte	0x8
 181 0058 07       		.byte	0x7
 182 0059 3A000000 		.4byte	.LASF7
 183 005d 03       		.uleb128 0x3
 184 005e 04       		.byte	0x4
 185 005f 05       		.byte	0x5
 186 0060 696E7400 		.ascii	"int\000"
 187 0064 02       		.uleb128 0x2
 188 0065 04       		.byte	0x4
 189 0066 07       		.byte	0x7
 190 0067 6F010000 		.4byte	.LASF8
 191 006b 04       		.uleb128 0x4
 192 006c D5010000 		.4byte	.LASF12
 193 0070 02       		.byte	0x2
 194 0071 C2       		.byte	0xc2
 195 0072 2C000000 		.4byte	0x2c
 196 0076 02       		.uleb128 0x2
 197 0077 04       		.byte	0x4
 198 0078 04       		.byte	0x4
 199 0079 34000000 		.4byte	.LASF9
 200 007d 02       		.uleb128 0x2
 201 007e 08       		.byte	0x8
 202 007f 04       		.byte	0x4
 203 0080 CD000000 		.4byte	.LASF10
 204 0084 02       		.uleb128 0x2
 205 0085 01       		.byte	0x1
 206 0086 08       		.byte	0x8
 207 0087 C6010000 		.4byte	.LASF11
 208 008b 05       		.uleb128 0x5
 209 008c 5F000000 		.4byte	.LASF13
 210 0090 02       		.byte	0x2
 211 0091 6C01     		.2byte	0x16c
 212 0093 97000000 		.4byte	0x97
 213 0097 06       		.uleb128 0x6
 214 0098 6B000000 		.4byte	0x6b
 215 009c 07       		.uleb128 0x7
 216 009d 11000000 		.4byte	.LASF14
 217 00a1 01       		.byte	0x1
 218 00a2 27       		.byte	0x27
 219 00a3 00000000 		.4byte	.LFB0
 220 00a7 18000000 		.4byte	.LFE0-.LFB0
 221 00ab 01       		.uleb128 0x1
 222 00ac 9C       		.byte	0x9c
 223 00ad CE000000 		.4byte	0xce
 224 00b1 08       		.uleb128 0x8
 225 00b2 00000000 		.4byte	.LASF16
 226 00b6 01       		.byte	0x1
ARM GAS  C:\Users\Digi-Key\AppData\Local\Temp\ccbZUglt.s 			page 7


 227 00b7 27       		.byte	0x27
 228 00b8 6B000000 		.4byte	0x6b
 229 00bc 00000000 		.4byte	.LLST0
 230 00c0 09       		.uleb128 0x9
 231 00c1 06000000 		.4byte	.LASF23
 232 00c5 01       		.byte	0x1
 233 00c6 29       		.byte	0x29
 234 00c7 6B000000 		.4byte	0x6b
 235 00cb 01       		.uleb128 0x1
 236 00cc 53       		.byte	0x53
 237 00cd 00       		.byte	0
 238 00ce 07       		.uleb128 0x7
 239 00cf 1F000000 		.4byte	.LASF15
 240 00d3 01       		.byte	0x1
 241 00d4 45       		.byte	0x45
 242 00d5 00000000 		.4byte	.LFB1
 243 00d9 18000000 		.4byte	.LFE1-.LFB1
 244 00dd 01       		.uleb128 0x1
 245 00de 9C       		.byte	0x9c
 246 00df F3000000 		.4byte	0xf3
 247 00e3 08       		.uleb128 0x8
 248 00e4 9F010000 		.4byte	.LASF17
 249 00e8 01       		.byte	0x1
 250 00e9 45       		.byte	0x45
 251 00ea 6B000000 		.4byte	0x6b
 252 00ee 21000000 		.4byte	.LLST1
 253 00f2 00       		.byte	0
 254 00f3 0A       		.uleb128 0xa
 255 00f4 D4000000 		.4byte	.LASF18
 256 00f8 01       		.byte	0x1
 257 00f9 5D       		.byte	0x5d
 258 00fa 6B000000 		.4byte	0x6b
 259 00fe 00000000 		.4byte	.LFB2
 260 0102 10000000 		.4byte	.LFE2-.LFB2
 261 0106 01       		.uleb128 0x1
 262 0107 9C       		.byte	0x9c
 263 0108 0A       		.uleb128 0xa
 264 0109 A4010000 		.4byte	.LASF19
 265 010d 01       		.byte	0x1
 266 010e 71       		.byte	0x71
 267 010f 6B000000 		.4byte	0x6b
 268 0113 00000000 		.4byte	.LFB3
 269 0117 10000000 		.4byte	.LFE3-.LFB3
 270 011b 01       		.uleb128 0x1
 271 011c 9C       		.byte	0x9c
 272 011d 00       		.byte	0
 273              		.section	.debug_abbrev,"",%progbits
 274              	.Ldebug_abbrev0:
 275 0000 01       		.uleb128 0x1
 276 0001 11       		.uleb128 0x11
 277 0002 01       		.byte	0x1
 278 0003 25       		.uleb128 0x25
 279 0004 0E       		.uleb128 0xe
 280 0005 13       		.uleb128 0x13
 281 0006 0B       		.uleb128 0xb
 282 0007 03       		.uleb128 0x3
 283 0008 0E       		.uleb128 0xe
ARM GAS  C:\Users\Digi-Key\AppData\Local\Temp\ccbZUglt.s 			page 8


 284 0009 1B       		.uleb128 0x1b
 285 000a 0E       		.uleb128 0xe
 286 000b 55       		.uleb128 0x55
 287 000c 17       		.uleb128 0x17
 288 000d 11       		.uleb128 0x11
 289 000e 01       		.uleb128 0x1
 290 000f 10       		.uleb128 0x10
 291 0010 17       		.uleb128 0x17
 292 0011 00       		.byte	0
 293 0012 00       		.byte	0
 294 0013 02       		.uleb128 0x2
 295 0014 24       		.uleb128 0x24
 296 0015 00       		.byte	0
 297 0016 0B       		.uleb128 0xb
 298 0017 0B       		.uleb128 0xb
 299 0018 3E       		.uleb128 0x3e
 300 0019 0B       		.uleb128 0xb
 301 001a 03       		.uleb128 0x3
 302 001b 0E       		.uleb128 0xe
 303 001c 00       		.byte	0
 304 001d 00       		.byte	0
 305 001e 03       		.uleb128 0x3
 306 001f 24       		.uleb128 0x24
 307 0020 00       		.byte	0
 308 0021 0B       		.uleb128 0xb
 309 0022 0B       		.uleb128 0xb
 310 0023 3E       		.uleb128 0x3e
 311 0024 0B       		.uleb128 0xb
 312 0025 03       		.uleb128 0x3
 313 0026 08       		.uleb128 0x8
 314 0027 00       		.byte	0
 315 0028 00       		.byte	0
 316 0029 04       		.uleb128 0x4
 317 002a 16       		.uleb128 0x16
 318 002b 00       		.byte	0
 319 002c 03       		.uleb128 0x3
 320 002d 0E       		.uleb128 0xe
 321 002e 3A       		.uleb128 0x3a
 322 002f 0B       		.uleb128 0xb
 323 0030 3B       		.uleb128 0x3b
 324 0031 0B       		.uleb128 0xb
 325 0032 49       		.uleb128 0x49
 326 0033 13       		.uleb128 0x13
 327 0034 00       		.byte	0
 328 0035 00       		.byte	0
 329 0036 05       		.uleb128 0x5
 330 0037 16       		.uleb128 0x16
 331 0038 00       		.byte	0
 332 0039 03       		.uleb128 0x3
 333 003a 0E       		.uleb128 0xe
 334 003b 3A       		.uleb128 0x3a
 335 003c 0B       		.uleb128 0xb
 336 003d 3B       		.uleb128 0x3b
 337 003e 05       		.uleb128 0x5
 338 003f 49       		.uleb128 0x49
 339 0040 13       		.uleb128 0x13
 340 0041 00       		.byte	0
ARM GAS  C:\Users\Digi-Key\AppData\Local\Temp\ccbZUglt.s 			page 9


 341 0042 00       		.byte	0
 342 0043 06       		.uleb128 0x6
 343 0044 35       		.uleb128 0x35
 344 0045 00       		.byte	0
 345 0046 49       		.uleb128 0x49
 346 0047 13       		.uleb128 0x13
 347 0048 00       		.byte	0
 348 0049 00       		.byte	0
 349 004a 07       		.uleb128 0x7
 350 004b 2E       		.uleb128 0x2e
 351 004c 01       		.byte	0x1
 352 004d 3F       		.uleb128 0x3f
 353 004e 19       		.uleb128 0x19
 354 004f 03       		.uleb128 0x3
 355 0050 0E       		.uleb128 0xe
 356 0051 3A       		.uleb128 0x3a
 357 0052 0B       		.uleb128 0xb
 358 0053 3B       		.uleb128 0x3b
 359 0054 0B       		.uleb128 0xb
 360 0055 27       		.uleb128 0x27
 361 0056 19       		.uleb128 0x19
 362 0057 11       		.uleb128 0x11
 363 0058 01       		.uleb128 0x1
 364 0059 12       		.uleb128 0x12
 365 005a 06       		.uleb128 0x6
 366 005b 40       		.uleb128 0x40
 367 005c 18       		.uleb128 0x18
 368 005d 9742     		.uleb128 0x2117
 369 005f 19       		.uleb128 0x19
 370 0060 01       		.uleb128 0x1
 371 0061 13       		.uleb128 0x13
 372 0062 00       		.byte	0
 373 0063 00       		.byte	0
 374 0064 08       		.uleb128 0x8
 375 0065 05       		.uleb128 0x5
 376 0066 00       		.byte	0
 377 0067 03       		.uleb128 0x3
 378 0068 0E       		.uleb128 0xe
 379 0069 3A       		.uleb128 0x3a
 380 006a 0B       		.uleb128 0xb
 381 006b 3B       		.uleb128 0x3b
 382 006c 0B       		.uleb128 0xb
 383 006d 49       		.uleb128 0x49
 384 006e 13       		.uleb128 0x13
 385 006f 02       		.uleb128 0x2
 386 0070 17       		.uleb128 0x17
 387 0071 00       		.byte	0
 388 0072 00       		.byte	0
 389 0073 09       		.uleb128 0x9
 390 0074 34       		.uleb128 0x34
 391 0075 00       		.byte	0
 392 0076 03       		.uleb128 0x3
 393 0077 0E       		.uleb128 0xe
 394 0078 3A       		.uleb128 0x3a
 395 0079 0B       		.uleb128 0xb
 396 007a 3B       		.uleb128 0x3b
 397 007b 0B       		.uleb128 0xb
ARM GAS  C:\Users\Digi-Key\AppData\Local\Temp\ccbZUglt.s 			page 10


 398 007c 49       		.uleb128 0x49
 399 007d 13       		.uleb128 0x13
 400 007e 02       		.uleb128 0x2
 401 007f 18       		.uleb128 0x18
 402 0080 00       		.byte	0
 403 0081 00       		.byte	0
 404 0082 0A       		.uleb128 0xa
 405 0083 2E       		.uleb128 0x2e
 406 0084 00       		.byte	0
 407 0085 3F       		.uleb128 0x3f
 408 0086 19       		.uleb128 0x19
 409 0087 03       		.uleb128 0x3
 410 0088 0E       		.uleb128 0xe
 411 0089 3A       		.uleb128 0x3a
 412 008a 0B       		.uleb128 0xb
 413 008b 3B       		.uleb128 0x3b
 414 008c 0B       		.uleb128 0xb
 415 008d 27       		.uleb128 0x27
 416 008e 19       		.uleb128 0x19
 417 008f 49       		.uleb128 0x49
 418 0090 13       		.uleb128 0x13
 419 0091 11       		.uleb128 0x11
 420 0092 01       		.uleb128 0x1
 421 0093 12       		.uleb128 0x12
 422 0094 06       		.uleb128 0x6
 423 0095 40       		.uleb128 0x40
 424 0096 18       		.uleb128 0x18
 425 0097 9742     		.uleb128 0x2117
 426 0099 19       		.uleb128 0x19
 427 009a 00       		.byte	0
 428 009b 00       		.byte	0
 429 009c 00       		.byte	0
 430              		.section	.debug_loc,"",%progbits
 431              	.Ldebug_loc0:
 432              	.LLST0:
 433 0000 00000000 		.4byte	.LVL0
 434 0004 0A000000 		.4byte	.LVL2
 435 0008 0100     		.2byte	0x1
 436 000a 50       		.byte	0x50
 437 000b 0A000000 		.4byte	.LVL2
 438 000f 18000000 		.4byte	.LFE0
 439 0013 0400     		.2byte	0x4
 440 0015 F3       		.byte	0xf3
 441 0016 01       		.uleb128 0x1
 442 0017 50       		.byte	0x50
 443 0018 9F       		.byte	0x9f
 444 0019 00000000 		.4byte	0
 445 001d 00000000 		.4byte	0
 446              	.LLST1:
 447 0021 00000000 		.4byte	.LVL3
 448 0025 0C000000 		.4byte	.LVL4
 449 0029 0100     		.2byte	0x1
 450 002b 50       		.byte	0x50
 451 002c 0C000000 		.4byte	.LVL4
 452 0030 18000000 		.4byte	.LFE1
 453 0034 0400     		.2byte	0x4
 454 0036 F3       		.byte	0xf3
ARM GAS  C:\Users\Digi-Key\AppData\Local\Temp\ccbZUglt.s 			page 11


 455 0037 01       		.uleb128 0x1
 456 0038 50       		.byte	0x50
 457 0039 9F       		.byte	0x9f
 458 003a 00000000 		.4byte	0
 459 003e 00000000 		.4byte	0
 460              		.section	.debug_aranges,"",%progbits
 461 0000 34000000 		.4byte	0x34
 462 0004 0200     		.2byte	0x2
 463 0006 00000000 		.4byte	.Ldebug_info0
 464 000a 04       		.byte	0x4
 465 000b 00       		.byte	0
 466 000c 0000     		.2byte	0
 467 000e 0000     		.2byte	0
 468 0010 00000000 		.4byte	.LFB0
 469 0014 18000000 		.4byte	.LFE0-.LFB0
 470 0018 00000000 		.4byte	.LFB1
 471 001c 18000000 		.4byte	.LFE1-.LFB1
 472 0020 00000000 		.4byte	.LFB2
 473 0024 10000000 		.4byte	.LFE2-.LFB2
 474 0028 00000000 		.4byte	.LFB3
 475 002c 10000000 		.4byte	.LFE3-.LFB3
 476 0030 00000000 		.4byte	0
 477 0034 00000000 		.4byte	0
 478              		.section	.debug_ranges,"",%progbits
 479              	.Ldebug_ranges0:
 480 0000 00000000 		.4byte	.LFB0
 481 0004 18000000 		.4byte	.LFE0
 482 0008 00000000 		.4byte	.LFB1
 483 000c 18000000 		.4byte	.LFE1
 484 0010 00000000 		.4byte	.LFB2
 485 0014 10000000 		.4byte	.LFE2
 486 0018 00000000 		.4byte	.LFB3
 487 001c 10000000 		.4byte	.LFE3
 488 0020 00000000 		.4byte	0
 489 0024 00000000 		.4byte	0
 490              		.section	.debug_line,"",%progbits
 491              	.Ldebug_line0:
 492 0000 92000000 		.section	.debug_str,"MS",%progbits,1
 492      02004600 
 492      00000201 
 492      FB0E0D00 
 492      01010101 
 493              	.LASF16:
 494 0000 76616C75 		.ascii	"value\000"
 494      6500
 495              	.LASF23:
 496 0006 73746174 		.ascii	"staticBits\000"
 496      69634269 
 496      747300
 497              	.LASF14:
 498 0011 4C45445F 		.ascii	"LED_Pin_Write\000"
 498      50696E5F 
 498      57726974 
 498      6500
 499              	.LASF15:
 500 001f 4C45445F 		.ascii	"LED_Pin_SetDriveMode\000"
 500      50696E5F 
ARM GAS  C:\Users\Digi-Key\AppData\Local\Temp\ccbZUglt.s 			page 12


 500      53657444 
 500      72697665 
 500      4D6F6465 
 501              	.LASF9:
 502 0034 666C6F61 		.ascii	"float\000"
 502      7400
 503              	.LASF7:
 504 003a 6C6F6E67 		.ascii	"long long unsigned int\000"
 504      206C6F6E 
 504      6720756E 
 504      7369676E 
 504      65642069 
 505              	.LASF1:
 506 0051 756E7369 		.ascii	"unsigned char\000"
 506      676E6564 
 506      20636861 
 506      7200
 507              	.LASF13:
 508 005f 72656738 		.ascii	"reg8\000"
 508      00
 509              	.LASF22:
 510 0064 433A5C55 		.ascii	"C:\\Users\\Digi-Key\\Documents\\PSoC Creator\\Desig"
 510      73657273 
 510      5C446967 
 510      692D4B65 
 510      795C446F 
 511 0092 6E31325C 		.ascii	"n12\\SAR Example.cydsn\000"
 511      53415220 
 511      4578616D 
 511      706C652E 
 511      63796473 
 512              	.LASF5:
 513 00a8 6C6F6E67 		.ascii	"long unsigned int\000"
 513      20756E73 
 513      69676E65 
 513      6420696E 
 513      7400
 514              	.LASF3:
 515 00ba 73686F72 		.ascii	"short unsigned int\000"
 515      7420756E 
 515      7369676E 
 515      65642069 
 515      6E7400
 516              	.LASF10:
 517 00cd 646F7562 		.ascii	"double\000"
 517      6C6500
 518              	.LASF18:
 519 00d4 4C45445F 		.ascii	"LED_Pin_Read\000"
 519      50696E5F 
 519      52656164 
 519      00
 520              	.LASF20:
 521 00e1 474E5520 		.ascii	"GNU C 4.9.3 20150303 (release) [ARM/embedded-4_9-br"
 521      4320342E 
 521      392E3320 
 521      32303135 
 521      30333033 
ARM GAS  C:\Users\Digi-Key\AppData\Local\Temp\ccbZUglt.s 			page 13


 522 0114 616E6368 		.ascii	"anch revision 221220] -mcpu=cortex-m3 -mthumb -g -O"
 522      20726576 
 522      6973696F 
 522      6E203232 
 522      31323230 
 523 0147 67202D66 		.ascii	"g -ffunction-sections -ffat-lto-objects\000"
 523      66756E63 
 523      74696F6E 
 523      2D736563 
 523      74696F6E 
 524              	.LASF8:
 525 016f 756E7369 		.ascii	"unsigned int\000"
 525      676E6564 
 525      20696E74 
 525      00
 526              	.LASF21:
 527 017c 2E5C4765 		.ascii	".\\Generated_Source\\PSoC5\\LED_Pin.c\000"
 527      6E657261 
 527      7465645F 
 527      536F7572 
 527      63655C50 
 528              	.LASF17:
 529 019f 6D6F6465 		.ascii	"mode\000"
 529      00
 530              	.LASF19:
 531 01a4 4C45445F 		.ascii	"LED_Pin_ReadDataReg\000"
 531      50696E5F 
 531      52656164 
 531      44617461 
 531      52656700 
 532              	.LASF6:
 533 01b8 6C6F6E67 		.ascii	"long long int\000"
 533      206C6F6E 
 533      6720696E 
 533      7400
 534              	.LASF11:
 535 01c6 63686172 		.ascii	"char\000"
 535      00
 536              	.LASF2:
 537 01cb 73686F72 		.ascii	"short int\000"
 537      7420696E 
 537      7400
 538              	.LASF12:
 539 01d5 75696E74 		.ascii	"uint8\000"
 539      3800
 540              	.LASF4:
 541 01db 6C6F6E67 		.ascii	"long int\000"
 541      20696E74 
 541      00
 542              	.LASF0:
 543 01e4 7369676E 		.ascii	"signed char\000"
 543      65642063 
 543      68617200 
 544              		.ident	"GCC: (GNU Tools for ARM Embedded Processors) 4.9.3 20150303 (release) [ARM/embedded-4_9-br
