ARM GAS  C:\Users\Srujith\AppData\Local\Temp\cczE3xs5.s 			page 1


   1              		.syntax unified
   2              		.cpu cortex-m3
   3              		.fpu softvfp
   4              		.eabi_attribute 20, 1
   5              		.eabi_attribute 21, 1
   6              		.eabi_attribute 23, 3
   7              		.eabi_attribute 24, 1
   8              		.eabi_attribute 25, 1
   9              		.eabi_attribute 26, 1
  10              		.eabi_attribute 30, 1
  11              		.eabi_attribute 34, 1
  12              		.eabi_attribute 18, 4
  13              		.thumb
  14              		.file	"main.c"
  15              		.text
  16              	.Ltext0:
  17              		.cfi_sections	.debug_frame
  18              		.global	__aeabi_f2d
  19              		.section	.text.main,"ax",%progbits
  20              		.align	2
  21              		.global	main
  22              		.thumb
  23              		.thumb_func
  24              		.type	main, %function
  25              	main:
  26              	.LFB63:
  27              		.file 1 "main.c"
   1:main.c        **** /* ========================================
   2:main.c        ****  *
   3:main.c        ****  * Copyright YOUR COMPANY, THE YEAR
   4:main.c        ****  * All Rights Reserved
   5:main.c        ****  * UNPUBLISHED, LICENSED SOFTWARE.
   6:main.c        ****  *
   7:main.c        ****  * CONFIDENTIAL AND PROPRIETARY INFORMATION
   8:main.c        ****  * WHICH IS THE PROPERTY OF your company.
   9:main.c        ****  *
  10:main.c        ****  * ========================================
  11:main.c        **** */
  12:main.c        **** #include <project.h>
  13:main.c        **** #include <stdio.h>
  14:main.c        **** #include <math.h> 
  15:main.c        **** 
  16:main.c        **** 
  17:main.c        **** int main()
  18:main.c        **** {
  28              		.loc 1 18 0
  29              		.cfi_startproc
  30              		@ args = 0, pretend = 0, frame = 56
  31              		@ frame_needed = 0, uses_anonymous_args = 0
  32 0000 00B5     		push	{lr}
  33              		.cfi_def_cfa_offset 4
  34              		.cfi_offset 14, -4
  35 0002 8FB0     		sub	sp, sp, #60
  36              		.cfi_def_cfa_offset 64
  19:main.c        ****     CyGlobalIntEnable; /* Enable global interrupts. */
  37              		.loc 1 19 0
  38              	@ 19 "main.c" 1
ARM GAS  C:\Users\Srujith\AppData\Local\Temp\cczE3xs5.s 			page 2


  39 0004 62B6     		CPSIE   i
  40              	@ 0 "" 2
  20:main.c        ****     
  21:main.c        ****     /* Start Components*/ 
  22:main.c        ****     
  23:main.c        ****     PGA_1_Start();
  41              		.loc 1 23 0
  42              		.thumb
  43 0006 FFF7FEFF 		bl	PGA_1_Start
  44              	.LVL0:
  24:main.c        ****     ADC_Start(); 
  45              		.loc 1 24 0
  46 000a FFF7FEFF 		bl	ADC_Start
  47              	.LVL1:
  25:main.c        ****     UART_1_Start();
  48              		.loc 1 25 0
  49 000e FFF7FEFF 		bl	UART_1_Start
  50              	.LVL2:
  51              	.L2:
  26:main.c        ****     
  27:main.c        ****     
  28:main.c        ****     
  29:main.c        ****     float voltage = 0; //voltage reading 
  30:main.c        ****     uint16 counts = 0; // ADC Counts 
  31:main.c        ****     char outputstring[50]; //String used to output value to UART 
  32:main.c        ****    
  33:main.c        **** 
  34:main.c        ****     for(;;)
  35:main.c        ****     {
  36:main.c        ****         ADC_StartConvert(); 
  52              		.loc 1 36 0 discriminator 1
  53 0012 FFF7FEFF 		bl	ADC_StartConvert
  54              	.LVL3:
  37:main.c        ****         
  38:main.c        ****         counts = ADC_GetResult16(); //read ADC 
  55              		.loc 1 38 0 discriminator 1
  56 0016 FFF7FEFF 		bl	ADC_GetResult16
  57              	.LVL4:
  39:main.c        ****         
  40:main.c        ****         voltage = ADC_CountsTo_Volts(counts); 
  58              		.loc 1 40 0 discriminator 1
  59 001a FFF7FEFF 		bl	ADC_CountsTo_Volts
  60              	.LVL5:
  41:main.c        ****         
  42:main.c        ****         
  43:main.c        ****         sprintf(outputstring, "%9.6f", voltage);  // convert voltage to string 
  61              		.loc 1 43 0 discriminator 1
  62 001e FFF7FEFF 		bl	__aeabi_f2d
  63              	.LVL6:
  64 0022 0246     		mov	r2, r0
  65 0024 0B46     		mov	r3, r1
  66 0026 01A8     		add	r0, sp, #4
  67 0028 0649     		ldr	r1, .L4
  68 002a FFF7FEFF 		bl	sprintf
  69              	.LVL7:
  44:main.c        ****         
  45:main.c        ****         UART_1_PutString(outputstring);  // print value to UART 
ARM GAS  C:\Users\Srujith\AppData\Local\Temp\cczE3xs5.s 			page 3


  70              		.loc 1 45 0 discriminator 1
  71 002e 01A8     		add	r0, sp, #4
  72 0030 FFF7FEFF 		bl	UART_1_PutString
  73              	.LVL8:
  46:main.c        ****         UART_1_PutString("\r\n"); 
  74              		.loc 1 46 0 discriminator 1
  75 0034 0448     		ldr	r0, .L4+4
  76 0036 FFF7FEFF 		bl	UART_1_PutString
  77              	.LVL9:
  47:main.c        ****         
  48:main.c        ****        
  49:main.c        ****         CyDelay(300);        
  78              		.loc 1 49 0 discriminator 1
  79 003a 4FF49670 		mov	r0, #300
  80 003e FFF7FEFF 		bl	CyDelay
  81              	.LVL10:
  50:main.c        ****         
  51:main.c        ****     }
  82              		.loc 1 51 0 discriminator 1
  83 0042 E6E7     		b	.L2
  84              	.L5:
  85              		.align	2
  86              	.L4:
  87 0044 00000000 		.word	.LC0
  88 0048 08000000 		.word	.LC1
  89              		.cfi_endproc
  90              	.LFE63:
  91              		.size	main, .-main
  92              		.section	.rodata.str1.4,"aMS",%progbits,1
  93              		.align	2
  94              	.LC0:
  95 0000 25392E36 		.ascii	"%9.6f\000"
  95      6600
  96 0006 0000     		.space	2
  97              	.LC1:
  98 0008 0D0A00   		.ascii	"\015\012\000"
  99 000b 00       		.text
 100              	.Letext0:
 101              		.file 2 "c:\\program files\\cypress\\psoc creator\\4.0\\psoc creator\\import\\gnu\\arm\\4.9.3\\arm
 102              		.file 3 "c:\\program files\\cypress\\psoc creator\\4.0\\psoc creator\\import\\gnu\\arm\\4.9.3\\arm
 103              		.file 4 "Generated_Source\\PSoC5/cytypes.h"
 104              		.file 5 "Generated_Source\\PSoC5/PGA_1.h"
 105              		.file 6 "Generated_Source\\PSoC5/ADC.h"
 106              		.file 7 "Generated_Source\\PSoC5/UART_1.h"
 107              		.file 8 "c:\\program files\\cypress\\psoc creator\\4.0\\psoc creator\\import\\gnu\\arm\\4.9.3\\arm
 108              		.file 9 "Generated_Source\\PSoC5/core_cm3.h"
 109              		.file 10 "Generated_Source\\PSoC5/CyLib.h"
 110              		.section	.debug_info,"",%progbits
 111              	.Ldebug_info0:
 112 0000 5F020000 		.4byte	0x25f
 113 0004 0400     		.2byte	0x4
 114 0006 00000000 		.4byte	.Ldebug_abbrev0
 115 000a 04       		.byte	0x4
 116 000b 01       		.uleb128 0x1
 117 000c F8000000 		.4byte	.LASF30
 118 0010 01       		.byte	0x1
 119 0011 ED010000 		.4byte	.LASF31
ARM GAS  C:\Users\Srujith\AppData\Local\Temp\cczE3xs5.s 			page 4


 120 0015 42000000 		.4byte	.LASF32
 121 0019 00000000 		.4byte	.Ldebug_ranges0+0
 122 001d 00000000 		.4byte	0
 123 0021 00000000 		.4byte	.Ldebug_line0
 124 0025 02       		.uleb128 0x2
 125 0026 01       		.byte	0x1
 126 0027 06       		.byte	0x6
 127 0028 24020000 		.4byte	.LASF0
 128 002c 02       		.uleb128 0x2
 129 002d 01       		.byte	0x1
 130 002e 08       		.byte	0x8
 131 002f 79000000 		.4byte	.LASF1
 132 0033 02       		.uleb128 0x2
 133 0034 02       		.byte	0x2
 134 0035 05       		.byte	0x5
 135 0036 F9010000 		.4byte	.LASF2
 136 003a 02       		.uleb128 0x2
 137 003b 02       		.byte	0x2
 138 003c 07       		.byte	0x7
 139 003d B6000000 		.4byte	.LASF3
 140 0041 03       		.uleb128 0x3
 141 0042 19000000 		.4byte	.LASF9
 142 0046 02       		.byte	0x2
 143 0047 3F       		.byte	0x3f
 144 0048 4C000000 		.4byte	0x4c
 145 004c 02       		.uleb128 0x2
 146 004d 04       		.byte	0x4
 147 004e 05       		.byte	0x5
 148 004f 23000000 		.4byte	.LASF4
 149 0053 02       		.uleb128 0x2
 150 0054 04       		.byte	0x4
 151 0055 07       		.byte	0x7
 152 0056 A4000000 		.4byte	.LASF5
 153 005a 02       		.uleb128 0x2
 154 005b 08       		.byte	0x8
 155 005c 05       		.byte	0x5
 156 005d DF010000 		.4byte	.LASF6
 157 0061 02       		.uleb128 0x2
 158 0062 08       		.byte	0x8
 159 0063 07       		.byte	0x7
 160 0064 9A010000 		.4byte	.LASF7
 161 0068 04       		.uleb128 0x4
 162 0069 04       		.byte	0x4
 163 006a 05       		.byte	0x5
 164 006b 696E7400 		.ascii	"int\000"
 165 006f 02       		.uleb128 0x2
 166 0070 04       		.byte	0x4
 167 0071 07       		.byte	0x7
 168 0072 86010000 		.4byte	.LASF8
 169 0076 03       		.uleb128 0x3
 170 0077 BB010000 		.4byte	.LASF10
 171 007b 03       		.byte	0x3
 172 007c 2C       		.byte	0x2c
 173 007d 41000000 		.4byte	0x41
 174 0081 03       		.uleb128 0x3
 175 0082 EA000000 		.4byte	.LASF11
 176 0086 04       		.byte	0x4
ARM GAS  C:\Users\Srujith\AppData\Local\Temp\cczE3xs5.s 			page 5


 177 0087 C3       		.byte	0xc3
 178 0088 3A000000 		.4byte	0x3a
 179 008c 03       		.uleb128 0x3
 180 008d F1000000 		.4byte	.LASF12
 181 0091 04       		.byte	0x4
 182 0092 C4       		.byte	0xc4
 183 0093 53000000 		.4byte	0x53
 184 0097 03       		.uleb128 0x3
 185 0098 9E000000 		.4byte	.LASF13
 186 009c 04       		.byte	0x4
 187 009d C6       		.byte	0xc6
 188 009e 33000000 		.4byte	0x33
 189 00a2 03       		.uleb128 0x3
 190 00a3 10020000 		.4byte	.LASF14
 191 00a7 04       		.byte	0x4
 192 00a8 C8       		.byte	0xc8
 193 00a9 AD000000 		.4byte	0xad
 194 00ad 02       		.uleb128 0x2
 195 00ae 04       		.byte	0x4
 196 00af 04       		.byte	0x4
 197 00b0 3C000000 		.4byte	.LASF15
 198 00b4 02       		.uleb128 0x2
 199 00b5 08       		.byte	0x8
 200 00b6 04       		.byte	0x4
 201 00b7 DE000000 		.4byte	.LASF16
 202 00bb 03       		.uleb128 0x3
 203 00bc 98000000 		.4byte	.LASF17
 204 00c0 04       		.byte	0x4
 205 00c1 D3       		.byte	0xd3
 206 00c2 C6000000 		.4byte	0xc6
 207 00c6 02       		.uleb128 0x2
 208 00c7 01       		.byte	0x1
 209 00c8 08       		.byte	0x8
 210 00c9 F4010000 		.4byte	.LASF18
 211 00cd 02       		.uleb128 0x2
 212 00ce 04       		.byte	0x4
 213 00cf 07       		.byte	0x7
 214 00d0 C3010000 		.4byte	.LASF19
 215 00d4 05       		.uleb128 0x5
 216 00d5 04       		.byte	0x4
 217 00d6 C6000000 		.4byte	0xc6
 218 00da 05       		.uleb128 0x5
 219 00db 04       		.byte	0x4
 220 00dc E0000000 		.4byte	0xe0
 221 00e0 06       		.uleb128 0x6
 222 00e1 C6000000 		.4byte	0xc6
 223 00e5 02       		.uleb128 0x2
 224 00e6 08       		.byte	0x8
 225 00e7 04       		.byte	0x4
 226 00e8 18020000 		.4byte	.LASF20
 227 00ec 07       		.uleb128 0x7
 228 00ed E5000000 		.4byte	.LASF33
 229 00f1 01       		.byte	0x1
 230 00f2 11       		.byte	0x11
 231 00f3 68000000 		.4byte	0x68
 232 00f7 00000000 		.4byte	.LFB63
 233 00fb 4C000000 		.4byte	.LFE63-.LFB63
ARM GAS  C:\Users\Srujith\AppData\Local\Temp\cczE3xs5.s 			page 6


 234 00ff 01       		.uleb128 0x1
 235 0100 9C       		.byte	0x9c
 236 0101 C1010000 		.4byte	0x1c1
 237 0105 08       		.uleb128 0x8
 238 0106 C9000000 		.4byte	.LASF21
 239 010a 01       		.byte	0x1
 240 010b 1D       		.byte	0x1d
 241 010c AD000000 		.4byte	0xad
 242 0110 00000000 		.4byte	.LLST0
 243 0114 08       		.uleb128 0x8
 244 0115 93010000 		.4byte	.LASF22
 245 0119 01       		.byte	0x1
 246 011a 1E       		.byte	0x1e
 247 011b 81000000 		.4byte	0x81
 248 011f 13000000 		.4byte	.LLST1
 249 0123 09       		.uleb128 0x9
 250 0124 03020000 		.4byte	.LASF23
 251 0128 01       		.byte	0x1
 252 0129 1F       		.byte	0x1f
 253 012a C1010000 		.4byte	0x1c1
 254 012e 02       		.uleb128 0x2
 255 012f 91       		.byte	0x91
 256 0130 44       		.sleb128 -60
 257 0131 0A       		.uleb128 0xa
 258 0132 0A000000 		.4byte	.LVL0
 259 0136 E2010000 		.4byte	0x1e2
 260 013a 0A       		.uleb128 0xa
 261 013b 0E000000 		.4byte	.LVL1
 262 013f E9010000 		.4byte	0x1e9
 263 0143 0A       		.uleb128 0xa
 264 0144 12000000 		.4byte	.LVL2
 265 0148 F0010000 		.4byte	0x1f0
 266 014c 0A       		.uleb128 0xa
 267 014d 16000000 		.4byte	.LVL3
 268 0151 F7010000 		.4byte	0x1f7
 269 0155 0A       		.uleb128 0xa
 270 0156 1A000000 		.4byte	.LVL4
 271 015a FE010000 		.4byte	0x1fe
 272 015e 0A       		.uleb128 0xa
 273 015f 1E000000 		.4byte	.LVL5
 274 0163 09020000 		.4byte	0x209
 275 0167 0B       		.uleb128 0xb
 276 0168 2E000000 		.4byte	.LVL7
 277 016c 1E020000 		.4byte	0x21e
 278 0170 84010000 		.4byte	0x184
 279 0174 0C       		.uleb128 0xc
 280 0175 01       		.uleb128 0x1
 281 0176 51       		.byte	0x51
 282 0177 05       		.uleb128 0x5
 283 0178 03       		.byte	0x3
 284 0179 00000000 		.4byte	.LC0
 285 017d 0C       		.uleb128 0xc
 286 017e 01       		.uleb128 0x1
 287 017f 50       		.byte	0x50
 288 0180 02       		.uleb128 0x2
 289 0181 91       		.byte	0x91
 290 0182 44       		.sleb128 -60
ARM GAS  C:\Users\Srujith\AppData\Local\Temp\cczE3xs5.s 			page 7


 291 0183 00       		.byte	0
 292 0184 0B       		.uleb128 0xb
 293 0185 34000000 		.4byte	.LVL8
 294 0189 39020000 		.4byte	0x239
 295 018d 98010000 		.4byte	0x198
 296 0191 0C       		.uleb128 0xc
 297 0192 01       		.uleb128 0x1
 298 0193 50       		.byte	0x50
 299 0194 02       		.uleb128 0x2
 300 0195 91       		.byte	0x91
 301 0196 44       		.sleb128 -60
 302 0197 00       		.byte	0
 303 0198 0B       		.uleb128 0xb
 304 0199 3A000000 		.4byte	.LVL9
 305 019d 39020000 		.4byte	0x239
 306 01a1 AF010000 		.4byte	0x1af
 307 01a5 0C       		.uleb128 0xc
 308 01a6 01       		.uleb128 0x1
 309 01a7 50       		.byte	0x50
 310 01a8 05       		.uleb128 0x5
 311 01a9 03       		.byte	0x3
 312 01aa 08000000 		.4byte	.LC1
 313 01ae 00       		.byte	0
 314 01af 0D       		.uleb128 0xd
 315 01b0 42000000 		.4byte	.LVL10
 316 01b4 55020000 		.4byte	0x255
 317 01b8 0C       		.uleb128 0xc
 318 01b9 01       		.uleb128 0x1
 319 01ba 50       		.byte	0x50
 320 01bb 03       		.uleb128 0x3
 321 01bc 0A       		.byte	0xa
 322 01bd 2C01     		.2byte	0x12c
 323 01bf 00       		.byte	0
 324 01c0 00       		.byte	0
 325 01c1 0E       		.uleb128 0xe
 326 01c2 C6000000 		.4byte	0xc6
 327 01c6 D1010000 		.4byte	0x1d1
 328 01ca 0F       		.uleb128 0xf
 329 01cb CD000000 		.4byte	0xcd
 330 01cf 31       		.byte	0x31
 331 01d0 00       		.byte	0
 332 01d1 10       		.uleb128 0x10
 333 01d2 D1000000 		.4byte	.LASF34
 334 01d6 09       		.byte	0x9
 335 01d7 2A06     		.2byte	0x62a
 336 01d9 DD010000 		.4byte	0x1dd
 337 01dd 11       		.uleb128 0x11
 338 01de 76000000 		.4byte	0x76
 339 01e2 12       		.uleb128 0x12
 340 01e3 00000000 		.4byte	.LASF24
 341 01e7 05       		.byte	0x5
 342 01e8 3E       		.byte	0x3e
 343 01e9 12       		.uleb128 0x12
 344 01ea B1010000 		.4byte	.LASF25
 345 01ee 06       		.byte	0x6
 346 01ef 34       		.byte	0x34
 347 01f0 12       		.uleb128 0x12
ARM GAS  C:\Users\Srujith\AppData\Local\Temp\cczE3xs5.s 			page 8


 348 01f1 0C000000 		.4byte	.LASF26
 349 01f5 07       		.byte	0x7
 350 01f6 54       		.byte	0x54
 351 01f7 12       		.uleb128 0x12
 352 01f8 87000000 		.4byte	.LASF27
 353 01fc 06       		.byte	0x6
 354 01fd D1       		.byte	0xd1
 355 01fe 13       		.uleb128 0x13
 356 01ff 2C000000 		.4byte	.LASF35
 357 0203 06       		.byte	0x6
 358 0204 3B       		.byte	0x3b
 359 0205 97000000 		.4byte	0x97
 360 0209 14       		.uleb128 0x14
 361 020a CC010000 		.4byte	.LASF28
 362 020e 06       		.byte	0x6
 363 020f 41       		.byte	0x41
 364 0210 A2000000 		.4byte	0xa2
 365 0214 1E020000 		.4byte	0x21e
 366 0218 15       		.uleb128 0x15
 367 0219 97000000 		.4byte	0x97
 368 021d 00       		.byte	0
 369 021e 14       		.uleb128 0x14
 370 021f 41020000 		.4byte	.LASF29
 371 0223 08       		.byte	0x8
 372 0224 DE       		.byte	0xde
 373 0225 68000000 		.4byte	0x68
 374 0229 39020000 		.4byte	0x239
 375 022d 15       		.uleb128 0x15
 376 022e D4000000 		.4byte	0xd4
 377 0232 15       		.uleb128 0x15
 378 0233 DA000000 		.4byte	0xda
 379 0237 16       		.uleb128 0x16
 380 0238 00       		.byte	0
 381 0239 17       		.uleb128 0x17
 382 023a 30020000 		.4byte	.LASF36
 383 023e 07       		.byte	0x7
 384 023f 8B       		.byte	0x8b
 385 0240 4A020000 		.4byte	0x24a
 386 0244 15       		.uleb128 0x15
 387 0245 4A020000 		.4byte	0x24a
 388 0249 00       		.byte	0
 389 024a 05       		.uleb128 0x5
 390 024b 04       		.byte	0x4
 391 024c 50020000 		.4byte	0x250
 392 0250 06       		.uleb128 0x6
 393 0251 BB000000 		.4byte	0xbb
 394 0255 18       		.uleb128 0x18
 395 0256 49020000 		.4byte	.LASF37
 396 025a 0A       		.byte	0xa
 397 025b 77       		.byte	0x77
 398 025c 15       		.uleb128 0x15
 399 025d 8C000000 		.4byte	0x8c
 400 0261 00       		.byte	0
 401 0262 00       		.byte	0
 402              		.section	.debug_abbrev,"",%progbits
 403              	.Ldebug_abbrev0:
 404 0000 01       		.uleb128 0x1
ARM GAS  C:\Users\Srujith\AppData\Local\Temp\cczE3xs5.s 			page 9


 405 0001 11       		.uleb128 0x11
 406 0002 01       		.byte	0x1
 407 0003 25       		.uleb128 0x25
 408 0004 0E       		.uleb128 0xe
 409 0005 13       		.uleb128 0x13
 410 0006 0B       		.uleb128 0xb
 411 0007 03       		.uleb128 0x3
 412 0008 0E       		.uleb128 0xe
 413 0009 1B       		.uleb128 0x1b
 414 000a 0E       		.uleb128 0xe
 415 000b 55       		.uleb128 0x55
 416 000c 17       		.uleb128 0x17
 417 000d 11       		.uleb128 0x11
 418 000e 01       		.uleb128 0x1
 419 000f 10       		.uleb128 0x10
 420 0010 17       		.uleb128 0x17
 421 0011 00       		.byte	0
 422 0012 00       		.byte	0
 423 0013 02       		.uleb128 0x2
 424 0014 24       		.uleb128 0x24
 425 0015 00       		.byte	0
 426 0016 0B       		.uleb128 0xb
 427 0017 0B       		.uleb128 0xb
 428 0018 3E       		.uleb128 0x3e
 429 0019 0B       		.uleb128 0xb
 430 001a 03       		.uleb128 0x3
 431 001b 0E       		.uleb128 0xe
 432 001c 00       		.byte	0
 433 001d 00       		.byte	0
 434 001e 03       		.uleb128 0x3
 435 001f 16       		.uleb128 0x16
 436 0020 00       		.byte	0
 437 0021 03       		.uleb128 0x3
 438 0022 0E       		.uleb128 0xe
 439 0023 3A       		.uleb128 0x3a
 440 0024 0B       		.uleb128 0xb
 441 0025 3B       		.uleb128 0x3b
 442 0026 0B       		.uleb128 0xb
 443 0027 49       		.uleb128 0x49
 444 0028 13       		.uleb128 0x13
 445 0029 00       		.byte	0
 446 002a 00       		.byte	0
 447 002b 04       		.uleb128 0x4
 448 002c 24       		.uleb128 0x24
 449 002d 00       		.byte	0
 450 002e 0B       		.uleb128 0xb
 451 002f 0B       		.uleb128 0xb
 452 0030 3E       		.uleb128 0x3e
 453 0031 0B       		.uleb128 0xb
 454 0032 03       		.uleb128 0x3
 455 0033 08       		.uleb128 0x8
 456 0034 00       		.byte	0
 457 0035 00       		.byte	0
 458 0036 05       		.uleb128 0x5
 459 0037 0F       		.uleb128 0xf
 460 0038 00       		.byte	0
 461 0039 0B       		.uleb128 0xb
ARM GAS  C:\Users\Srujith\AppData\Local\Temp\cczE3xs5.s 			page 10


 462 003a 0B       		.uleb128 0xb
 463 003b 49       		.uleb128 0x49
 464 003c 13       		.uleb128 0x13
 465 003d 00       		.byte	0
 466 003e 00       		.byte	0
 467 003f 06       		.uleb128 0x6
 468 0040 26       		.uleb128 0x26
 469 0041 00       		.byte	0
 470 0042 49       		.uleb128 0x49
 471 0043 13       		.uleb128 0x13
 472 0044 00       		.byte	0
 473 0045 00       		.byte	0
 474 0046 07       		.uleb128 0x7
 475 0047 2E       		.uleb128 0x2e
 476 0048 01       		.byte	0x1
 477 0049 3F       		.uleb128 0x3f
 478 004a 19       		.uleb128 0x19
 479 004b 03       		.uleb128 0x3
 480 004c 0E       		.uleb128 0xe
 481 004d 3A       		.uleb128 0x3a
 482 004e 0B       		.uleb128 0xb
 483 004f 3B       		.uleb128 0x3b
 484 0050 0B       		.uleb128 0xb
 485 0051 49       		.uleb128 0x49
 486 0052 13       		.uleb128 0x13
 487 0053 11       		.uleb128 0x11
 488 0054 01       		.uleb128 0x1
 489 0055 12       		.uleb128 0x12
 490 0056 06       		.uleb128 0x6
 491 0057 40       		.uleb128 0x40
 492 0058 18       		.uleb128 0x18
 493 0059 9642     		.uleb128 0x2116
 494 005b 19       		.uleb128 0x19
 495 005c 01       		.uleb128 0x1
 496 005d 13       		.uleb128 0x13
 497 005e 00       		.byte	0
 498 005f 00       		.byte	0
 499 0060 08       		.uleb128 0x8
 500 0061 34       		.uleb128 0x34
 501 0062 00       		.byte	0
 502 0063 03       		.uleb128 0x3
 503 0064 0E       		.uleb128 0xe
 504 0065 3A       		.uleb128 0x3a
 505 0066 0B       		.uleb128 0xb
 506 0067 3B       		.uleb128 0x3b
 507 0068 0B       		.uleb128 0xb
 508 0069 49       		.uleb128 0x49
 509 006a 13       		.uleb128 0x13
 510 006b 02       		.uleb128 0x2
 511 006c 17       		.uleb128 0x17
 512 006d 00       		.byte	0
 513 006e 00       		.byte	0
 514 006f 09       		.uleb128 0x9
 515 0070 34       		.uleb128 0x34
 516 0071 00       		.byte	0
 517 0072 03       		.uleb128 0x3
 518 0073 0E       		.uleb128 0xe
ARM GAS  C:\Users\Srujith\AppData\Local\Temp\cczE3xs5.s 			page 11


 519 0074 3A       		.uleb128 0x3a
 520 0075 0B       		.uleb128 0xb
 521 0076 3B       		.uleb128 0x3b
 522 0077 0B       		.uleb128 0xb
 523 0078 49       		.uleb128 0x49
 524 0079 13       		.uleb128 0x13
 525 007a 02       		.uleb128 0x2
 526 007b 18       		.uleb128 0x18
 527 007c 00       		.byte	0
 528 007d 00       		.byte	0
 529 007e 0A       		.uleb128 0xa
 530 007f 898201   		.uleb128 0x4109
 531 0082 00       		.byte	0
 532 0083 11       		.uleb128 0x11
 533 0084 01       		.uleb128 0x1
 534 0085 31       		.uleb128 0x31
 535 0086 13       		.uleb128 0x13
 536 0087 00       		.byte	0
 537 0088 00       		.byte	0
 538 0089 0B       		.uleb128 0xb
 539 008a 898201   		.uleb128 0x4109
 540 008d 01       		.byte	0x1
 541 008e 11       		.uleb128 0x11
 542 008f 01       		.uleb128 0x1
 543 0090 31       		.uleb128 0x31
 544 0091 13       		.uleb128 0x13
 545 0092 01       		.uleb128 0x1
 546 0093 13       		.uleb128 0x13
 547 0094 00       		.byte	0
 548 0095 00       		.byte	0
 549 0096 0C       		.uleb128 0xc
 550 0097 8A8201   		.uleb128 0x410a
 551 009a 00       		.byte	0
 552 009b 02       		.uleb128 0x2
 553 009c 18       		.uleb128 0x18
 554 009d 9142     		.uleb128 0x2111
 555 009f 18       		.uleb128 0x18
 556 00a0 00       		.byte	0
 557 00a1 00       		.byte	0
 558 00a2 0D       		.uleb128 0xd
 559 00a3 898201   		.uleb128 0x4109
 560 00a6 01       		.byte	0x1
 561 00a7 11       		.uleb128 0x11
 562 00a8 01       		.uleb128 0x1
 563 00a9 31       		.uleb128 0x31
 564 00aa 13       		.uleb128 0x13
 565 00ab 00       		.byte	0
 566 00ac 00       		.byte	0
 567 00ad 0E       		.uleb128 0xe
 568 00ae 01       		.uleb128 0x1
 569 00af 01       		.byte	0x1
 570 00b0 49       		.uleb128 0x49
 571 00b1 13       		.uleb128 0x13
 572 00b2 01       		.uleb128 0x1
 573 00b3 13       		.uleb128 0x13
 574 00b4 00       		.byte	0
 575 00b5 00       		.byte	0
ARM GAS  C:\Users\Srujith\AppData\Local\Temp\cczE3xs5.s 			page 12


 576 00b6 0F       		.uleb128 0xf
 577 00b7 21       		.uleb128 0x21
 578 00b8 00       		.byte	0
 579 00b9 49       		.uleb128 0x49
 580 00ba 13       		.uleb128 0x13
 581 00bb 2F       		.uleb128 0x2f
 582 00bc 0B       		.uleb128 0xb
 583 00bd 00       		.byte	0
 584 00be 00       		.byte	0
 585 00bf 10       		.uleb128 0x10
 586 00c0 34       		.uleb128 0x34
 587 00c1 00       		.byte	0
 588 00c2 03       		.uleb128 0x3
 589 00c3 0E       		.uleb128 0xe
 590 00c4 3A       		.uleb128 0x3a
 591 00c5 0B       		.uleb128 0xb
 592 00c6 3B       		.uleb128 0x3b
 593 00c7 05       		.uleb128 0x5
 594 00c8 49       		.uleb128 0x49
 595 00c9 13       		.uleb128 0x13
 596 00ca 3F       		.uleb128 0x3f
 597 00cb 19       		.uleb128 0x19
 598 00cc 3C       		.uleb128 0x3c
 599 00cd 19       		.uleb128 0x19
 600 00ce 00       		.byte	0
 601 00cf 00       		.byte	0
 602 00d0 11       		.uleb128 0x11
 603 00d1 35       		.uleb128 0x35
 604 00d2 00       		.byte	0
 605 00d3 49       		.uleb128 0x49
 606 00d4 13       		.uleb128 0x13
 607 00d5 00       		.byte	0
 608 00d6 00       		.byte	0
 609 00d7 12       		.uleb128 0x12
 610 00d8 2E       		.uleb128 0x2e
 611 00d9 00       		.byte	0
 612 00da 3F       		.uleb128 0x3f
 613 00db 19       		.uleb128 0x19
 614 00dc 03       		.uleb128 0x3
 615 00dd 0E       		.uleb128 0xe
 616 00de 3A       		.uleb128 0x3a
 617 00df 0B       		.uleb128 0xb
 618 00e0 3B       		.uleb128 0x3b
 619 00e1 0B       		.uleb128 0xb
 620 00e2 27       		.uleb128 0x27
 621 00e3 19       		.uleb128 0x19
 622 00e4 3C       		.uleb128 0x3c
 623 00e5 19       		.uleb128 0x19
 624 00e6 00       		.byte	0
 625 00e7 00       		.byte	0
 626 00e8 13       		.uleb128 0x13
 627 00e9 2E       		.uleb128 0x2e
 628 00ea 00       		.byte	0
 629 00eb 3F       		.uleb128 0x3f
 630 00ec 19       		.uleb128 0x19
 631 00ed 03       		.uleb128 0x3
 632 00ee 0E       		.uleb128 0xe
ARM GAS  C:\Users\Srujith\AppData\Local\Temp\cczE3xs5.s 			page 13


 633 00ef 3A       		.uleb128 0x3a
 634 00f0 0B       		.uleb128 0xb
 635 00f1 3B       		.uleb128 0x3b
 636 00f2 0B       		.uleb128 0xb
 637 00f3 27       		.uleb128 0x27
 638 00f4 19       		.uleb128 0x19
 639 00f5 49       		.uleb128 0x49
 640 00f6 13       		.uleb128 0x13
 641 00f7 3C       		.uleb128 0x3c
 642 00f8 19       		.uleb128 0x19
 643 00f9 00       		.byte	0
 644 00fa 00       		.byte	0
 645 00fb 14       		.uleb128 0x14
 646 00fc 2E       		.uleb128 0x2e
 647 00fd 01       		.byte	0x1
 648 00fe 3F       		.uleb128 0x3f
 649 00ff 19       		.uleb128 0x19
 650 0100 03       		.uleb128 0x3
 651 0101 0E       		.uleb128 0xe
 652 0102 3A       		.uleb128 0x3a
 653 0103 0B       		.uleb128 0xb
 654 0104 3B       		.uleb128 0x3b
 655 0105 0B       		.uleb128 0xb
 656 0106 27       		.uleb128 0x27
 657 0107 19       		.uleb128 0x19
 658 0108 49       		.uleb128 0x49
 659 0109 13       		.uleb128 0x13
 660 010a 3C       		.uleb128 0x3c
 661 010b 19       		.uleb128 0x19
 662 010c 01       		.uleb128 0x1
 663 010d 13       		.uleb128 0x13
 664 010e 00       		.byte	0
 665 010f 00       		.byte	0
 666 0110 15       		.uleb128 0x15
 667 0111 05       		.uleb128 0x5
 668 0112 00       		.byte	0
 669 0113 49       		.uleb128 0x49
 670 0114 13       		.uleb128 0x13
 671 0115 00       		.byte	0
 672 0116 00       		.byte	0
 673 0117 16       		.uleb128 0x16
 674 0118 18       		.uleb128 0x18
 675 0119 00       		.byte	0
 676 011a 00       		.byte	0
 677 011b 00       		.byte	0
 678 011c 17       		.uleb128 0x17
 679 011d 2E       		.uleb128 0x2e
 680 011e 01       		.byte	0x1
 681 011f 3F       		.uleb128 0x3f
 682 0120 19       		.uleb128 0x19
 683 0121 03       		.uleb128 0x3
 684 0122 0E       		.uleb128 0xe
 685 0123 3A       		.uleb128 0x3a
 686 0124 0B       		.uleb128 0xb
 687 0125 3B       		.uleb128 0x3b
 688 0126 0B       		.uleb128 0xb
 689 0127 27       		.uleb128 0x27
ARM GAS  C:\Users\Srujith\AppData\Local\Temp\cczE3xs5.s 			page 14


 690 0128 19       		.uleb128 0x19
 691 0129 3C       		.uleb128 0x3c
 692 012a 19       		.uleb128 0x19
 693 012b 01       		.uleb128 0x1
 694 012c 13       		.uleb128 0x13
 695 012d 00       		.byte	0
 696 012e 00       		.byte	0
 697 012f 18       		.uleb128 0x18
 698 0130 2E       		.uleb128 0x2e
 699 0131 01       		.byte	0x1
 700 0132 3F       		.uleb128 0x3f
 701 0133 19       		.uleb128 0x19
 702 0134 03       		.uleb128 0x3
 703 0135 0E       		.uleb128 0xe
 704 0136 3A       		.uleb128 0x3a
 705 0137 0B       		.uleb128 0xb
 706 0138 3B       		.uleb128 0x3b
 707 0139 0B       		.uleb128 0xb
 708 013a 27       		.uleb128 0x27
 709 013b 19       		.uleb128 0x19
 710 013c 3C       		.uleb128 0x3c
 711 013d 19       		.uleb128 0x19
 712 013e 00       		.byte	0
 713 013f 00       		.byte	0
 714 0140 00       		.byte	0
 715              		.section	.debug_loc,"",%progbits
 716              	.Ldebug_loc0:
 717              	.LLST0:
 718 0000 1E000000 		.4byte	.LVL5
 719 0004 21000000 		.4byte	.LVL6-1
 720 0008 0100     		.2byte	0x1
 721 000a 50       		.byte	0x50
 722 000b 00000000 		.4byte	0
 723 000f 00000000 		.4byte	0
 724              	.LLST1:
 725 0013 1A000000 		.4byte	.LVL4
 726 0017 1D000000 		.4byte	.LVL5-1
 727 001b 0100     		.2byte	0x1
 728 001d 50       		.byte	0x50
 729 001e 00000000 		.4byte	0
 730 0022 00000000 		.4byte	0
 731              		.section	.debug_aranges,"",%progbits
 732 0000 1C000000 		.4byte	0x1c
 733 0004 0200     		.2byte	0x2
 734 0006 00000000 		.4byte	.Ldebug_info0
 735 000a 04       		.byte	0x4
 736 000b 00       		.byte	0
 737 000c 0000     		.2byte	0
 738 000e 0000     		.2byte	0
 739 0010 00000000 		.4byte	.LFB63
 740 0014 4C000000 		.4byte	.LFE63-.LFB63
 741 0018 00000000 		.4byte	0
 742 001c 00000000 		.4byte	0
 743              		.section	.debug_ranges,"",%progbits
 744              	.Ldebug_ranges0:
 745 0000 00000000 		.4byte	.LFB63
 746 0004 4C000000 		.4byte	.LFE63
ARM GAS  C:\Users\Srujith\AppData\Local\Temp\cczE3xs5.s 			page 15


 747 0008 00000000 		.4byte	0
 748 000c 00000000 		.4byte	0
 749              		.section	.debug_line,"",%progbits
 750              	.Ldebug_line0:
 751 0000 B4010000 		.section	.debug_str,"MS",%progbits,1
 751      02007101 
 751      00000201 
 751      FB0E0D00 
 751      01010101 
 752              	.LASF24:
 753 0000 5047415F 		.ascii	"PGA_1_Start\000"
 753      315F5374 
 753      61727400 
 754              	.LASF26:
 755 000c 55415254 		.ascii	"UART_1_Start\000"
 755      5F315F53 
 755      74617274 
 755      00
 756              	.LASF9:
 757 0019 5F5F696E 		.ascii	"__int32_t\000"
 757      7433325F 
 757      7400
 758              	.LASF4:
 759 0023 6C6F6E67 		.ascii	"long int\000"
 759      20696E74 
 759      00
 760              	.LASF35:
 761 002c 4144435F 		.ascii	"ADC_GetResult16\000"
 761      47657452 
 761      6573756C 
 761      74313600 
 762              	.LASF15:
 763 003c 666C6F61 		.ascii	"float\000"
 763      7400
 764              	.LASF32:
 765 0042 433A5C55 		.ascii	"C:\\Users\\Srujith\\Desktop\\SAR Example\\SAR Examp"
 765      73657273 
 765      5C537275 
 765      6A697468 
 765      5C446573 
 766 0070 6C652E63 		.ascii	"le.cydsn\000"
 766      7964736E 
 766      00
 767              	.LASF1:
 768 0079 756E7369 		.ascii	"unsigned char\000"
 768      676E6564 
 768      20636861 
 768      7200
 769              	.LASF27:
 770 0087 4144435F 		.ascii	"ADC_StartConvert\000"
 770      53746172 
 770      74436F6E 
 770      76657274 
 770      00
 771              	.LASF17:
 772 0098 63686172 		.ascii	"char8\000"
 772      3800
ARM GAS  C:\Users\Srujith\AppData\Local\Temp\cczE3xs5.s 			page 16


 773              	.LASF13:
 774 009e 696E7431 		.ascii	"int16\000"
 774      3600
 775              	.LASF5:
 776 00a4 6C6F6E67 		.ascii	"long unsigned int\000"
 776      20756E73 
 776      69676E65 
 776      6420696E 
 776      7400
 777              	.LASF3:
 778 00b6 73686F72 		.ascii	"short unsigned int\000"
 778      7420756E 
 778      7369676E 
 778      65642069 
 778      6E7400
 779              	.LASF21:
 780 00c9 766F6C74 		.ascii	"voltage\000"
 780      61676500 
 781              	.LASF34:
 782 00d1 49544D5F 		.ascii	"ITM_RxBuffer\000"
 782      52784275 
 782      66666572 
 782      00
 783              	.LASF16:
 784 00de 646F7562 		.ascii	"double\000"
 784      6C6500
 785              	.LASF33:
 786 00e5 6D61696E 		.ascii	"main\000"
 786      00
 787              	.LASF11:
 788 00ea 75696E74 		.ascii	"uint16\000"
 788      313600
 789              	.LASF12:
 790 00f1 75696E74 		.ascii	"uint32\000"
 790      333200
 791              	.LASF30:
 792 00f8 474E5520 		.ascii	"GNU C 4.9.3 20150303 (release) [ARM/embedded-4_9-br"
 792      4320342E 
 792      392E3320 
 792      32303135 
 792      30333033 
 793 012b 616E6368 		.ascii	"anch revision 221220] -mcpu=cortex-m3 -mthumb -g -O"
 793      20726576 
 793      6973696F 
 793      6E203232 
 793      31323230 
 794 015e 67202D66 		.ascii	"g -ffunction-sections -ffat-lto-objects\000"
 794      66756E63 
 794      74696F6E 
 794      2D736563 
 794      74696F6E 
 795              	.LASF8:
 796 0186 756E7369 		.ascii	"unsigned int\000"
 796      676E6564 
 796      20696E74 
 796      00
 797              	.LASF22:
ARM GAS  C:\Users\Srujith\AppData\Local\Temp\cczE3xs5.s 			page 17


 798 0193 636F756E 		.ascii	"counts\000"
 798      747300
 799              	.LASF7:
 800 019a 6C6F6E67 		.ascii	"long long unsigned int\000"
 800      206C6F6E 
 800      6720756E 
 800      7369676E 
 800      65642069 
 801              	.LASF25:
 802 01b1 4144435F 		.ascii	"ADC_Start\000"
 802      53746172 
 802      7400
 803              	.LASF10:
 804 01bb 696E7433 		.ascii	"int32_t\000"
 804      325F7400 
 805              	.LASF19:
 806 01c3 73697A65 		.ascii	"sizetype\000"
 806      74797065 
 806      00
 807              	.LASF28:
 808 01cc 4144435F 		.ascii	"ADC_CountsTo_Volts\000"
 808      436F756E 
 808      7473546F 
 808      5F566F6C 
 808      747300
 809              	.LASF6:
 810 01df 6C6F6E67 		.ascii	"long long int\000"
 810      206C6F6E 
 810      6720696E 
 810      7400
 811              	.LASF31:
 812 01ed 6D61696E 		.ascii	"main.c\000"
 812      2E6300
 813              	.LASF18:
 814 01f4 63686172 		.ascii	"char\000"
 814      00
 815              	.LASF2:
 816 01f9 73686F72 		.ascii	"short int\000"
 816      7420696E 
 816      7400
 817              	.LASF23:
 818 0203 6F757470 		.ascii	"outputstring\000"
 818      75747374 
 818      72696E67 
 818      00
 819              	.LASF14:
 820 0210 666C6F61 		.ascii	"float32\000"
 820      74333200 
 821              	.LASF20:
 822 0218 6C6F6E67 		.ascii	"long double\000"
 822      20646F75 
 822      626C6500 
 823              	.LASF0:
 824 0224 7369676E 		.ascii	"signed char\000"
 824      65642063 
 824      68617200 
 825              	.LASF36:
ARM GAS  C:\Users\Srujith\AppData\Local\Temp\cczE3xs5.s 			page 18


 826 0230 55415254 		.ascii	"UART_1_PutString\000"
 826      5F315F50 
 826      75745374 
 826      72696E67 
 826      00
 827              	.LASF29:
 828 0241 73707269 		.ascii	"sprintf\000"
 828      6E746600 
 829              	.LASF37:
 830 0249 43794465 		.ascii	"CyDelay\000"
 830      6C617900 
 831              		.ident	"GCC: (GNU Tools for ARM Embedded Processors) 4.9.3 20150303 (release) [ARM/embedded-4_9-br
