ARM GAS  C:\Users\Srujith\AppData\Local\Temp\ccxHidrZ.s 			page 1


   1              		.syntax unified
   2              		.cpu cortex-m3
   3              		.fpu softvfp
   4              		.eabi_attribute 20, 1
   5              		.eabi_attribute 21, 1
   6              		.eabi_attribute 23, 3
   7              		.eabi_attribute 24, 1
   8              		.eabi_attribute 25, 1
   9              		.eabi_attribute 26, 1
  10              		.eabi_attribute 30, 6
  11              		.eabi_attribute 34, 1
  12              		.eabi_attribute 18, 4
  13              		.thumb
  14              		.file	"cymetadata.c"
  15              		.text
  16              	.Ltext0:
  17              		.cfi_sections	.debug_frame
  18              		.global	cy_meta_configecc
  19              		.section	.cyconfigecc,"a",%progbits
  20              		.align	2
  21              		.type	cy_meta_configecc, %object
  22              		.size	cy_meta_configecc, 872
  23              	cy_meta_configecc:
  24 0000 03       		.byte	3
  25 0001 65       		.byte	101
  26 0002 00       		.byte	0
  27 0003 40       		.byte	64
  28 0004 04       		.byte	4
  29 0005 04       		.byte	4
  30 0006 01       		.byte	1
  31 0007 40       		.byte	64
  32 0008 01       		.byte	1
  33 0009 05       		.byte	5
  34 000a 01       		.byte	1
  35 000b 40       		.byte	64
  36 000c 01       		.byte	1
  37 000d 07       		.byte	7
  38 000e 01       		.byte	1
  39 000f 40       		.byte	64
  40 0010 01       		.byte	1
  41 0011 09       		.byte	9
  42 0012 01       		.byte	1
  43 0013 40       		.byte	64
  44 0014 01       		.byte	1
  45 0015 15       		.byte	21
  46 0016 01       		.byte	1
  47 0017 40       		.byte	64
  48 0018 6E       		.byte	110
  49 0019 18       		.byte	24
  50 001a 01       		.byte	1
  51 001b 40       		.byte	64
  52 001c 39       		.byte	57
  53 001d 19       		.byte	25
  54 001e 01       		.byte	1
  55 001f 40       		.byte	64
  56 0020 61       		.byte	97
  57 0021 1A       		.byte	26
ARM GAS  C:\Users\Srujith\AppData\Local\Temp\ccxHidrZ.s 			page 2


  58 0022 01       		.byte	1
  59 0023 40       		.byte	64
  60 0024 4A       		.byte	74
  61 0025 1B       		.byte	27
  62 0026 01       		.byte	1
  63 0027 40       		.byte	64
  64 0028 02       		.byte	2
  65 0029 44       		.byte	68
  66 002a 01       		.byte	1
  67 002b 40       		.byte	64
  68 002c 01       		.byte	1
  69 002d 45       		.byte	69
  70 002e 01       		.byte	1
  71 002f 40       		.byte	64
  72 0030 03       		.byte	3
  73 0031 46       		.byte	70
  74 0032 01       		.byte	1
  75 0033 40       		.byte	64
  76 0034 03       		.byte	3
  77 0035 47       		.byte	71
  78 0036 01       		.byte	1
  79 0037 40       		.byte	64
  80 0038 02       		.byte	2
  81 0039 48       		.byte	72
  82 003a 01       		.byte	1
  83 003b 40       		.byte	64
  84 003c 01       		.byte	1
  85 003d 49       		.byte	73
  86 003e 01       		.byte	1
  87 003f 40       		.byte	64
  88 0040 01       		.byte	1
  89 0041 4C       		.byte	76
  90 0042 01       		.byte	1
  91 0043 40       		.byte	64
  92 0044 0A       		.byte	10
  93 0045 4D       		.byte	77
  94 0046 01       		.byte	1
  95 0047 40       		.byte	64
  96 0048 02       		.byte	2
  97 0049 50       		.byte	80
  98 004a 01       		.byte	1
  99 004b 40       		.byte	64
 100 004c 88       		.byte	-120
 101 004d 0F       		.byte	15
 102 004e 8A       		.byte	-118
 103 004f 72       		.byte	114
 104 0050 8B       		.byte	-117
 105 0051 38       		.byte	56
 106 0052 B9       		.byte	-71
 107 0053 80       		.byte	-128
 108 0054 BF       		.byte	-65
 109 0055 40       		.byte	64
 110 0056 D9       		.byte	-39
 111 0057 04       		.byte	4
 112 0058 DF       		.byte	-33
 113 0059 01       		.byte	1
 114 005a 24       		.byte	36
ARM GAS  C:\Users\Srujith\AppData\Local\Temp\ccxHidrZ.s 			page 3


 115 005b 01       		.byte	1
 116 005c B4       		.byte	-76
 117 005d 01       		.byte	1
 118 005e EC       		.byte	-20
 119 005f 10       		.byte	16
 120 0060 EC       		.byte	-20
 121 0061 10       		.byte	16
 122 0062 00       		.byte	0
 123 0063 DC       		.byte	-36
 124 0064 01       		.byte	1
 125 0065 80       		.byte	-128
 126 0066 02       		.byte	2
 127 0067 22       		.byte	34
 128 0068 04       		.byte	4
 129 0069 09       		.byte	9
 130 006a 06       		.byte	6
 131 006b D0       		.byte	-48
 132 006c 07       		.byte	7
 133 006d 55       		.byte	85
 134 006e 09       		.byte	9
 135 006f 03       		.byte	3
 136 0070 0B       		.byte	11
 137 0071 44       		.byte	68
 138 0072 0C       		.byte	12
 139 0073 10       		.byte	16
 140 0074 0E       		.byte	14
 141 0075 AC       		.byte	-84
 142 0076 11       		.byte	17
 143 0077 2A       		.byte	42
 144 0078 13       		.byte	19
 145 0079 44       		.byte	68
 146 007a 16       		.byte	22
 147 007b 03       		.byte	3
 148 007c 18       		.byte	24
 149 007d 14       		.byte	20
 150 007e 1D       		.byte	29
 151 007f 73       		.byte	115
 152 0080 1F       		.byte	31
 153 0081 0C       		.byte	12
 154 0082 20       		.byte	32
 155 0083 0C       		.byte	12
 156 0084 21       		.byte	33
 157 0085 73       		.byte	115
 158 0086 22       		.byte	34
 159 0087 71       		.byte	113
 160 0088 23       		.byte	35
 161 0089 04       		.byte	4
 162 008a 24       		.byte	36
 163 008b 10       		.byte	16
 164 008c 26       		.byte	38
 165 008d 40       		.byte	64
 166 008e 2A       		.byte	42
 167 008f 20       		.byte	32
 168 0090 2B       		.byte	43
 169 0091 08       		.byte	8
 170 0092 31       		.byte	49
 171 0093 40       		.byte	64
ARM GAS  C:\Users\Srujith\AppData\Local\Temp\ccxHidrZ.s 			page 4


 172 0094 32       		.byte	50
 173 0095 1F       		.byte	31
 174 0096 33       		.byte	51
 175 0097 30       		.byte	48
 176 0098 35       		.byte	53
 177 0099 80       		.byte	-128
 178 009a 36       		.byte	54
 179 009b E0       		.byte	-32
 180 009c 37       		.byte	55
 181 009d 0F       		.byte	15
 182 009e 39       		.byte	57
 183 009f 08       		.byte	8
 184 00a0 3A       		.byte	58
 185 00a1 80       		.byte	-128
 186 00a2 3B       		.byte	59
 187 00a3 80       		.byte	-128
 188 00a4 3F       		.byte	63
 189 00a5 15       		.byte	21
 190 00a6 40       		.byte	64
 191 00a7 12       		.byte	18
 192 00a8 41       		.byte	65
 193 00a9 04       		.byte	4
 194 00aa 45       		.byte	69
 195 00ab 0B       		.byte	11
 196 00ac 46       		.byte	70
 197 00ad C0       		.byte	-64
 198 00ae 47       		.byte	71
 199 00af E0       		.byte	-32
 200 00b0 48       		.byte	72
 201 00b1 29       		.byte	41
 202 00b2 49       		.byte	73
 203 00b3 FF       		.byte	-1
 204 00b4 4A       		.byte	74
 205 00b5 FF       		.byte	-1
 206 00b6 4B       		.byte	75
 207 00b7 FF       		.byte	-1
 208 00b8 4E       		.byte	78
 209 00b9 F0       		.byte	-16
 210 00ba 4F       		.byte	79
 211 00bb 44       		.byte	68
 212 00bc 50       		.byte	80
 213 00bd 0C       		.byte	12
 214 00be 54       		.byte	84
 215 00bf 01       		.byte	1
 216 00c0 58       		.byte	88
 217 00c1 04       		.byte	4
 218 00c2 59       		.byte	89
 219 00c3 04       		.byte	4
 220 00c4 5A       		.byte	90
 221 00c5 04       		.byte	4
 222 00c6 5B       		.byte	91
 223 00c7 04       		.byte	4
 224 00c8 5C       		.byte	92
 225 00c9 11       		.byte	17
 226 00ca 5D       		.byte	93
 227 00cb 11       		.byte	17
 228 00cc 5F       		.byte	95
ARM GAS  C:\Users\Srujith\AppData\Local\Temp\ccxHidrZ.s 			page 5


 229 00cd 01       		.byte	1
 230 00ce 66       		.byte	102
 231 00cf C0       		.byte	-64
 232 00d0 6A       		.byte	106
 233 00d1 40       		.byte	64
 234 00d2 6B       		.byte	107
 235 00d3 02       		.byte	2
 236 00d4 80       		.byte	-128
 237 00d5 11       		.byte	17
 238 00d6 81       		.byte	-127
 239 00d7 01       		.byte	1
 240 00d8 82       		.byte	-126
 241 00d9 0E       		.byte	14
 242 00da 83       		.byte	-125
 243 00db 06       		.byte	6
 244 00dc 85       		.byte	-123
 245 00dd 02       		.byte	2
 246 00de 86       		.byte	-122
 247 00df 08       		.byte	8
 248 00e0 87       		.byte	-121
 249 00e1 09       		.byte	9
 250 00e2 89       		.byte	-119
 251 00e3 17       		.byte	23
 252 00e4 8A       		.byte	-118
 253 00e5 0C       		.byte	12
 254 00e6 8C       		.byte	-116
 255 00e7 0C       		.byte	12
 256 00e8 8E       		.byte	-114
 257 00e9 13       		.byte	19
 258 00ea 90       		.byte	-112
 259 00eb 40       		.byte	64
 260 00ec 92       		.byte	-110
 261 00ed 80       		.byte	-128
 262 00ee 94       		.byte	-108
 263 00ef C0       		.byte	-64
 264 00f0 98       		.byte	-104
 265 00f1 20       		.byte	32
 266 00f2 99       		.byte	-103
 267 00f3 17       		.byte	23
 268 00f4 9A       		.byte	-102
 269 00f5 03       		.byte	3
 270 00f6 9D       		.byte	-99
 271 00f7 10       		.byte	16
 272 00f8 A0       		.byte	-96
 273 00f9 11       		.byte	17
 274 00fa A2       		.byte	-94
 275 00fb 06       		.byte	6
 276 00fc A4       		.byte	-92
 277 00fd C0       		.byte	-64
 278 00fe A8       		.byte	-88
 279 00ff 80       		.byte	-128
 280 0100 A9       		.byte	-87
 281 0101 04       		.byte	4
 282 0102 AA       		.byte	-86
 283 0103 40       		.byte	64
 284 0104 AB       		.byte	-85
 285 0105 01       		.byte	1
ARM GAS  C:\Users\Srujith\AppData\Local\Temp\ccxHidrZ.s 			page 6


 286 0106 B0       		.byte	-80
 287 0107 0F       		.byte	15
 288 0108 B1       		.byte	-79
 289 0109 07       		.byte	7
 290 010a B2       		.byte	-78
 291 010b 30       		.byte	48
 292 010c B3       		.byte	-77
 293 010d 10       		.byte	16
 294 010e B4       		.byte	-76
 295 010f C0       		.byte	-64
 296 0110 B5       		.byte	-75
 297 0111 08       		.byte	8
 298 0112 B8       		.byte	-72
 299 0113 08       		.byte	8
 300 0114 BA       		.byte	-70
 301 0115 02       		.byte	2
 302 0116 C0       		.byte	-64
 303 0117 03       		.byte	3
 304 0118 C6       		.byte	-58
 305 0119 40       		.byte	64
 306 011a C9       		.byte	-55
 307 011b FF       		.byte	-1
 308 011c CA       		.byte	-54
 309 011d 07       		.byte	7
 310 011e CB       		.byte	-53
 311 011f FF       		.byte	-1
 312 0120 CC       		.byte	-52
 313 0121 40       		.byte	64
 314 0122 CD       		.byte	-51
 315 0123 20       		.byte	32
 316 0124 CE       		.byte	-50
 317 0125 F0       		.byte	-16
 318 0126 CF       		.byte	-49
 319 0127 05       		.byte	5
 320 0128 D0       		.byte	-48
 321 0129 08       		.byte	8
 322 012a D8       		.byte	-40
 323 012b 04       		.byte	4
 324 012c D9       		.byte	-39
 325 012d 04       		.byte	4
 326 012e DA       		.byte	-38
 327 012f 04       		.byte	4
 328 0130 DC       		.byte	-36
 329 0131 11       		.byte	17
 330 0132 DD       		.byte	-35
 331 0133 01       		.byte	1
 332 0134 DF       		.byte	-33
 333 0135 01       		.byte	1
 334 0136 E0       		.byte	-32
 335 0137 40       		.byte	64
 336 0138 E1       		.byte	-31
 337 0139 A8       		.byte	-88
 338 013a E2       		.byte	-30
 339 013b 40       		.byte	64
 340 013c E3       		.byte	-29
 341 013d 20       		.byte	32
 342 013e 00       		.byte	0
ARM GAS  C:\Users\Srujith\AppData\Local\Temp\ccxHidrZ.s 			page 7


 343 013f 40       		.byte	64
 344 0140 02       		.byte	2
 345 0141 10       		.byte	16
 346 0142 03       		.byte	3
 347 0143 88       		.byte	-120
 348 0144 05       		.byte	5
 349 0145 25       		.byte	37
 350 0146 06       		.byte	6
 351 0147 04       		.byte	4
 352 0148 07       		.byte	7
 353 0149 01       		.byte	1
 354 014a 0B       		.byte	11
 355 014b 94       		.byte	-108
 356 014c 0E       		.byte	14
 357 014d 10       		.byte	16
 358 014e 0F       		.byte	15
 359 014f 08       		.byte	8
 360 0150 10       		.byte	16
 361 0151 10       		.byte	16
 362 0152 12       		.byte	18
 363 0153 84       		.byte	-124
 364 0154 14       		.byte	20
 365 0155 40       		.byte	64
 366 0156 16       		.byte	22
 367 0157 18       		.byte	24
 368 0158 18       		.byte	24
 369 0159 40       		.byte	64
 370 015a 19       		.byte	25
 371 015b 25       		.byte	37
 372 015c 1B       		.byte	27
 373 015d 08       		.byte	8
 374 015e 1E       		.byte	30
 375 015f 10       		.byte	16
 376 0160 1F       		.byte	31
 377 0161 80       		.byte	-128
 378 0162 20       		.byte	32
 379 0163 80       		.byte	-128
 380 0164 21       		.byte	33
 381 0165 01       		.byte	1
 382 0166 22       		.byte	34
 383 0167 10       		.byte	16
 384 0168 23       		.byte	35
 385 0169 20       		.byte	32
 386 016a 25       		.byte	37
 387 016b 48       		.byte	72
 388 016c 26       		.byte	38
 389 016d 80       		.byte	-128
 390 016e 27       		.byte	39
 391 016f 89       		.byte	-119
 392 0170 29       		.byte	41
 393 0171 20       		.byte	32
 394 0172 2C       		.byte	44
 395 0173 40       		.byte	64
 396 0174 2F       		.byte	47
 397 0175 88       		.byte	-120
 398 0176 30       		.byte	48
 399 0177 10       		.byte	16
ARM GAS  C:\Users\Srujith\AppData\Local\Temp\ccxHidrZ.s 			page 8


 400 0178 32       		.byte	50
 401 0179 40       		.byte	64
 402 017a 33       		.byte	51
 403 017b 10       		.byte	16
 404 017c 35       		.byte	53
 405 017d 01       		.byte	1
 406 017e 36       		.byte	54
 407 017f 80       		.byte	-128
 408 0180 39       		.byte	57
 409 0181 2A       		.byte	42
 410 0182 3B       		.byte	59
 411 0183 10       		.byte	16
 412 0184 3D       		.byte	61
 413 0185 11       		.byte	17
 414 0186 3E       		.byte	62
 415 0187 0A       		.byte	10
 416 0188 3F       		.byte	63
 417 0189 24       		.byte	36
 418 018a 41       		.byte	65
 419 018b 08       		.byte	8
 420 018c 44       		.byte	68
 421 018d 40       		.byte	64
 422 018e 45       		.byte	69
 423 018f 40       		.byte	64
 424 0190 46       		.byte	70
 425 0191 08       		.byte	8
 426 0192 4B       		.byte	75
 427 0193 04       		.byte	4
 428 0194 4F       		.byte	79
 429 0195 08       		.byte	8
 430 0196 52       		.byte	82
 431 0197 10       		.byte	16
 432 0198 56       		.byte	86
 433 0199 02       		.byte	2
 434 019a 57       		.byte	87
 435 019b 10       		.byte	16
 436 019c 5D       		.byte	93
 437 019d 11       		.byte	17
 438 019e 5F       		.byte	95
 439 019f 88       		.byte	-120
 440 01a0 C0       		.byte	-64
 441 01a1 BF       		.byte	-65
 442 01a2 C2       		.byte	-62
 443 01a3 6E       		.byte	110
 444 01a4 C4       		.byte	-60
 445 01a5 7E       		.byte	126
 446 01a6 CA       		.byte	-54
 447 01a7 A4       		.byte	-92
 448 01a8 CC       		.byte	-52
 449 01a9 9C       		.byte	-100
 450 01aa CE       		.byte	-50
 451 01ab E7       		.byte	-25
 452 01ac D0       		.byte	-48
 453 01ad B2       		.byte	-78
 454 01ae D6       		.byte	-42
 455 01af F0       		.byte	-16
 456 01b0 01       		.byte	1
ARM GAS  C:\Users\Srujith\AppData\Local\Temp\ccxHidrZ.s 			page 9


 457 01b1 08       		.byte	8
 458 01b2 04       		.byte	4
 459 01b3 33       		.byte	51
 460 01b4 05       		.byte	5
 461 01b5 3C       		.byte	60
 462 01b6 06       		.byte	6
 463 01b7 0C       		.byte	12
 464 01b8 07       		.byte	7
 465 01b9 C2       		.byte	-62
 466 01ba 08       		.byte	8
 467 01bb 02       		.byte	2
 468 01bc 09       		.byte	9
 469 01bd 18       		.byte	24
 470 01be 0A       		.byte	10
 471 01bf 80       		.byte	-128
 472 01c0 0C       		.byte	12
 473 01c1 03       		.byte	3
 474 01c2 0D       		.byte	13
 475 01c3 44       		.byte	68
 476 01c4 0E       		.byte	14
 477 01c5 40       		.byte	64
 478 01c6 11       		.byte	17
 479 01c7 1C       		.byte	28
 480 01c8 12       		.byte	18
 481 01c9 23       		.byte	35
 482 01ca 13       		.byte	19
 483 01cb E1       		.byte	-31
 484 01cc 14       		.byte	20
 485 01cd 3F       		.byte	63
 486 01ce 15       		.byte	21
 487 01cf FF       		.byte	-1
 488 01d0 18       		.byte	24
 489 01d1 1C       		.byte	28
 490 01d2 1A       		.byte	26
 491 01d3 23       		.byte	35
 492 01d4 1B       		.byte	27
 493 01d5 04       		.byte	4
 494 01d6 1C       		.byte	28
 495 01d7 1F       		.byte	31
 496 01d8 1D       		.byte	29
 497 01d9 10       		.byte	16
 498 01da 1E       		.byte	30
 499 01db 20       		.byte	32
 500 01dc 20       		.byte	32
 501 01dd 08       		.byte	8
 502 01de 21       		.byte	33
 503 01df E7       		.byte	-25
 504 01e0 23       		.byte	35
 505 01e1 18       		.byte	24
 506 01e2 24       		.byte	36
 507 01e3 04       		.byte	4
 508 01e4 27       		.byte	39
 509 01e5 E3       		.byte	-29
 510 01e6 28       		.byte	40
 511 01e7 0C       		.byte	12
 512 01e8 29       		.byte	41
 513 01e9 80       		.byte	-128
ARM GAS  C:\Users\Srujith\AppData\Local\Temp\ccxHidrZ.s 			page 10


 514 01ea 2C       		.byte	44
 515 01eb 01       		.byte	1
 516 01ec 2D       		.byte	45
 517 01ed C0       		.byte	-64
 518 01ee 2E       		.byte	46
 519 01ef 80       		.byte	-128
 520 01f0 30       		.byte	48
 521 01f1 10       		.byte	16
 522 01f2 31       		.byte	49
 523 01f3 38       		.byte	56
 524 01f4 32       		.byte	50
 525 01f5 0F       		.byte	15
 526 01f6 34       		.byte	52
 527 01f7 C0       		.byte	-64
 528 01f8 35       		.byte	53
 529 01f9 1F       		.byte	31
 530 01fa 36       		.byte	54
 531 01fb 2C       		.byte	44
 532 01fc 37       		.byte	55
 533 01fd C0       		.byte	-64
 534 01fe 3A       		.byte	58
 535 01ff 88       		.byte	-120
 536 0200 3B       		.byte	59
 537 0201 28       		.byte	40
 538 0202 3E       		.byte	62
 539 0203 11       		.byte	17
 540 0204 56       		.byte	86
 541 0205 02       		.byte	2
 542 0206 57       		.byte	87
 543 0207 13       		.byte	19
 544 0208 58       		.byte	88
 545 0209 04       		.byte	4
 546 020a 59       		.byte	89
 547 020b 04       		.byte	4
 548 020c 5B       		.byte	91
 549 020d 04       		.byte	4
 550 020e 5C       		.byte	92
 551 020f 11       		.byte	17
 552 0210 5D       		.byte	93
 553 0211 10       		.byte	16
 554 0212 5F       		.byte	95
 555 0213 01       		.byte	1
 556 0214 80       		.byte	-128
 557 0215 01       		.byte	1
 558 0216 86       		.byte	-122
 559 0217 01       		.byte	1
 560 0218 89       		.byte	-119
 561 0219 01       		.byte	1
 562 021a 8A       		.byte	-118
 563 021b 02       		.byte	2
 564 021c 92       		.byte	-110
 565 021d 01       		.byte	1
 566 021e 94       		.byte	-108
 567 021f 01       		.byte	1
 568 0220 9A       		.byte	-102
 569 0221 02       		.byte	2
 570 0222 A6       		.byte	-90
ARM GAS  C:\Users\Srujith\AppData\Local\Temp\ccxHidrZ.s 			page 11


 571 0223 04       		.byte	4
 572 0224 AE       		.byte	-82
 573 0225 04       		.byte	4
 574 0226 B1       		.byte	-79
 575 0227 01       		.byte	1
 576 0228 B2       		.byte	-78
 577 0229 02       		.byte	2
 578 022a B4       		.byte	-76
 579 022b 01       		.byte	1
 580 022c B6       		.byte	-74
 581 022d 04       		.byte	4
 582 022e B8       		.byte	-72
 583 022f 20       		.byte	32
 584 0230 BE       		.byte	-66
 585 0231 44       		.byte	68
 586 0232 BF       		.byte	-65
 587 0233 01       		.byte	1
 588 0234 C0       		.byte	-64
 589 0235 52       		.byte	82
 590 0236 C1       		.byte	-63
 591 0237 03       		.byte	3
 592 0238 C2       		.byte	-62
 593 0239 01       		.byte	1
 594 023a C4       		.byte	-60
 595 023b 06       		.byte	6
 596 023c C6       		.byte	-58
 597 023d C0       		.byte	-64
 598 023e C7       		.byte	-57
 599 023f 0E       		.byte	14
 600 0240 C8       		.byte	-56
 601 0241 18       		.byte	24
 602 0242 C9       		.byte	-55
 603 0243 FF       		.byte	-1
 604 0244 CA       		.byte	-54
 605 0245 FF       		.byte	-1
 606 0246 CB       		.byte	-53
 607 0247 FF       		.byte	-1
 608 0248 CC       		.byte	-52
 609 0249 62       		.byte	98
 610 024a CD       		.byte	-51
 611 024b A0       		.byte	-96
 612 024c CE       		.byte	-50
 613 024d F0       		.byte	-16
 614 024e CF       		.byte	-49
 615 024f 41       		.byte	65
 616 0250 D0       		.byte	-48
 617 0251 0C       		.byte	12
 618 0252 D4       		.byte	-44
 619 0253 18       		.byte	24
 620 0254 D8       		.byte	-40
 621 0255 04       		.byte	4
 622 0256 D9       		.byte	-39
 623 0257 04       		.byte	4
 624 0258 DA       		.byte	-38
 625 0259 04       		.byte	4
 626 025a DB       		.byte	-37
 627 025b 04       		.byte	4
ARM GAS  C:\Users\Srujith\AppData\Local\Temp\ccxHidrZ.s 			page 12


 628 025c DC       		.byte	-36
 629 025d 01       		.byte	1
 630 025e DD       		.byte	-35
 631 025f 11       		.byte	17
 632 0260 DF       		.byte	-33
 633 0261 01       		.byte	1
 634 0262 E6       		.byte	-26
 635 0263 40       		.byte	64
 636 0264 E7       		.byte	-25
 637 0265 02       		.byte	2
 638 0266 E9       		.byte	-23
 639 0267 10       		.byte	16
 640 0268 EA       		.byte	-22
 641 0269 30       		.byte	48
 642 026a EB       		.byte	-21
 643 026b 10       		.byte	16
 644 026c ED       		.byte	-19
 645 026d 10       		.byte	16
 646 026e EE       		.byte	-18
 647 026f 10       		.byte	16
 648 0270 EF       		.byte	-17
 649 0271 12       		.byte	18
 650 0272 00       		.byte	0
 651 0273 80       		.byte	-128
 652 0274 01       		.byte	1
 653 0275 A8       		.byte	-88
 654 0276 04       		.byte	4
 655 0277 06       		.byte	6
 656 0278 06       		.byte	6
 657 0279 08       		.byte	8
 658 027a 09       		.byte	9
 659 027b 0A       		.byte	10
 660 027c 0A       		.byte	10
 661 027d 02       		.byte	2
 662 027e 0B       		.byte	11
 663 027f 04       		.byte	4
 664 0280 0D       		.byte	13
 665 0281 08       		.byte	8
 666 0282 0E       		.byte	14
 667 0283 04       		.byte	4
 668 0284 0F       		.byte	15
 669 0285 80       		.byte	-128
 670 0286 10       		.byte	16
 671 0287 82       		.byte	-126
 672 0288 13       		.byte	19
 673 0289 18       		.byte	24
 674 028a 16       		.byte	22
 675 028b 20       		.byte	32
 676 028c 17       		.byte	23
 677 028d 80       		.byte	-128
 678 028e 19       		.byte	25
 679 028f 09       		.byte	9
 680 0290 1A       		.byte	26
 681 0291 02       		.byte	2
 682 0292 1B       		.byte	27
 683 0293 50       		.byte	80
 684 0294 1D       		.byte	29
ARM GAS  C:\Users\Srujith\AppData\Local\Temp\ccxHidrZ.s 			page 13


 685 0295 40       		.byte	64
 686 0296 1E       		.byte	30
 687 0297 04       		.byte	4
 688 0298 1F       		.byte	31
 689 0299 04       		.byte	4
 690 029a 20       		.byte	32
 691 029b 04       		.byte	4
 692 029c 21       		.byte	33
 693 029d 08       		.byte	8
 694 029e 23       		.byte	35
 695 029f 85       		.byte	-123
 696 02a0 25       		.byte	37
 697 02a1 01       		.byte	1
 698 02a2 29       		.byte	41
 699 02a3 A0       		.byte	-96
 700 02a4 2A       		.byte	42
 701 02a5 06       		.byte	6
 702 02a6 30       		.byte	48
 703 02a7 80       		.byte	-128
 704 02a8 31       		.byte	49
 705 02a9 08       		.byte	8
 706 02aa 32       		.byte	50
 707 02ab 11       		.byte	17
 708 02ac 38       		.byte	56
 709 02ad 04       		.byte	4
 710 02ae 3A       		.byte	58
 711 02af 01       		.byte	1
 712 02b0 3B       		.byte	59
 713 02b1 90       		.byte	-112
 714 02b2 3E       		.byte	62
 715 02b3 10       		.byte	16
 716 02b4 45       		.byte	69
 717 02b5 08       		.byte	8
 718 02b6 46       		.byte	70
 719 02b7 04       		.byte	4
 720 02b8 47       		.byte	71
 721 02b9 A0       		.byte	-96
 722 02ba 4D       		.byte	77
 723 02bb 40       		.byte	64
 724 02bc 4F       		.byte	79
 725 02bd 20       		.byte	32
 726 02be 56       		.byte	86
 727 02bf 28       		.byte	40
 728 02c0 59       		.byte	89
 729 02c1 01       		.byte	1
 730 02c2 5F       		.byte	95
 731 02c3 01       		.byte	1
 732 02c4 65       		.byte	101
 733 02c5 40       		.byte	64
 734 02c6 67       		.byte	103
 735 02c7 08       		.byte	8
 736 02c8 69       		.byte	105
 737 02c9 20       		.byte	32
 738 02ca 6A       		.byte	106
 739 02cb 80       		.byte	-128
 740 02cc 6B       		.byte	107
 741 02cd 10       		.byte	16
ARM GAS  C:\Users\Srujith\AppData\Local\Temp\ccxHidrZ.s 			page 14


 742 02ce 70       		.byte	112
 743 02cf 80       		.byte	-128
 744 02d0 73       		.byte	115
 745 02d1 18       		.byte	24
 746 02d2 88       		.byte	-120
 747 02d3 02       		.byte	2
 748 02d4 89       		.byte	-119
 749 02d5 06       		.byte	6
 750 02d6 8B       		.byte	-117
 751 02d7 60       		.byte	96
 752 02d8 8C       		.byte	-116
 753 02d9 01       		.byte	1
 754 02da 8D       		.byte	-115
 755 02db 49       		.byte	73
 756 02dc 8E       		.byte	-114
 757 02dd 03       		.byte	3
 758 02de 8F       		.byte	-113
 759 02df 08       		.byte	8
 760 02e0 92       		.byte	-110
 761 02e1 30       		.byte	48
 762 02e2 95       		.byte	-107
 763 02e3 28       		.byte	40
 764 02e4 96       		.byte	-106
 765 02e5 80       		.byte	-128
 766 02e6 97       		.byte	-105
 767 02e7 80       		.byte	-128
 768 02e8 99       		.byte	-103
 769 02e9 20       		.byte	32
 770 02ea 9B       		.byte	-101
 771 02eb 20       		.byte	32
 772 02ec 9F       		.byte	-97
 773 02ed 10       		.byte	16
 774 02ee A0       		.byte	-96
 775 02ef 40       		.byte	64
 776 02f0 C0       		.byte	-64
 777 02f1 77       		.byte	119
 778 02f2 C2       		.byte	-62
 779 02f3 7F       		.byte	127
 780 02f4 C4       		.byte	-60
 781 02f5 AF       		.byte	-81
 782 02f6 CA       		.byte	-54
 783 02f7 0F       		.byte	15
 784 02f8 CC       		.byte	-52
 785 02f9 0F       		.byte	15
 786 02fa CE       		.byte	-50
 787 02fb 2F       		.byte	47
 788 02fc D0       		.byte	-48
 789 02fd 70       		.byte	112
 790 02fe D2       		.byte	-46
 791 02ff 30       		.byte	48
 792 0300 D6       		.byte	-42
 793 0301 81       		.byte	-127
 794 0302 D8       		.byte	-40
 795 0303 30       		.byte	48
 796 0304 EC       		.byte	-20
 797 0305 10       		.byte	16
 798 0306 7C       		.byte	124
ARM GAS  C:\Users\Srujith\AppData\Local\Temp\ccxHidrZ.s 			page 15


 799 0307 01       		.byte	1
 800 0308 DE       		.byte	-34
 801 0309 01       		.byte	1
 802 030a 94       		.byte	-108
 803 030b 01       		.byte	1
 804 030c 45       		.byte	69
 805 030d 08       		.byte	8
 806 030e 94       		.byte	-108
 807 030f 01       		.byte	1
 808 0310 D0       		.byte	-48
 809 0311 01       		.byte	1
 810 0312 A5       		.byte	-91
 811 0313 08       		.byte	8
 812 0314 B4       		.byte	-76
 813 0315 01       		.byte	1
 814 0316 EC       		.byte	-20
 815 0317 08       		.byte	8
 816 0318 25       		.byte	37
 817 0319 10       		.byte	16
 818 031a C8       		.byte	-56
 819 031b 20       		.byte	32
 820 031c B5       		.byte	-75
 821 031d 10       		.byte	16
 822 031e A5       		.byte	-91
 823 031f 08       		.byte	8
 824 0320 10       		.byte	16
 825 0321 80       		.byte	-128
 826 0322 75       		.byte	117
 827 0323 04       		.byte	4
 828 0324 88       		.byte	-120
 829 0325 80       		.byte	-128
 830 0326 8D       		.byte	-115
 831 0327 04       		.byte	4
 832 0328 B5       		.byte	-75
 833 0329 08       		.byte	8
 834 032a C4       		.byte	-60
 835 032b 08       		.byte	8
 836 032c DE       		.byte	-34
 837 032d 04       		.byte	4
 838 032e E0       		.byte	-32
 839 032f 08       		.byte	8
 840 0330 E6       		.byte	-26
 841 0331 01       		.byte	1
 842 0332 EC       		.byte	-20
 843 0333 08       		.byte	8
 844 0334 10       		.byte	16
 845 0335 02       		.byte	2
 846 0336 1C       		.byte	28
 847 0337 02       		.byte	2
 848 0338 80       		.byte	-128
 849 0339 80       		.byte	-128
 850 033a 00       		.byte	0
 851 033b 00       		.byte	0
 852 033c 40       		.byte	64
 853 033d 00       		.byte	0
 854 033e 00       		.byte	0
 855 033f 00       		.byte	0
ARM GAS  C:\Users\Srujith\AppData\Local\Temp\ccxHidrZ.s 			page 16


 856 0340 00       		.byte	0
 857 0341 7F       		.byte	127
 858 0342 7F       		.byte	127
 859 0343 00       		.byte	0
 860 0344 00       		.byte	0
 861 0345 00       		.byte	0
 862 0346 00       		.byte	0
 863 0347 00       		.byte	0
 864 0348 80       		.byte	-128
 865 0349 00       		.byte	0
 866 034a 40       		.byte	64
 867 034b 80       		.byte	-128
 868 034c 80       		.byte	-128
 869 034d 00       		.byte	0
 870 034e 80       		.byte	-128
 871 034f 00       		.byte	0
 872 0350 00       		.byte	0
 873 0351 00       		.byte	0
 874 0352 00       		.byte	0
 875 0353 00       		.byte	0
 876 0354 00       		.byte	0
 877 0355 0B       		.byte	11
 878 0356 0B       		.byte	11
 879 0357 00       		.byte	0
 880 0358 00       		.byte	0
 881 0359 00       		.byte	0
 882 035a 00       		.byte	0
 883 035b 00       		.byte	0
 884 035c 00       		.byte	0
 885 035d 00       		.byte	0
 886 035e 00       		.byte	0
 887 035f 00       		.byte	0
 888 0360 00       		.byte	0
 889 0361 00       		.byte	0
 890 0362 08       		.byte	8
 891 0363 00       		.byte	0
 892 0364 25       		.byte	37
 893 0365 00       		.byte	0
 894 0366 18       		.byte	24
 895 0367 01       		.byte	1
 896              		.global	cy_meta_custnvl
 897              		.section	.cycustnvl,"a",%progbits
 898              		.align	2
 899              		.type	cy_meta_custnvl, %object
 900              		.size	cy_meta_custnvl, 4
 901              	cy_meta_custnvl:
 902 0000 00       		.byte	0
 903 0001 00       		.byte	0
 904 0002 40       		.byte	64
 905 0003 05       		.byte	5
 906              		.global	cy_meta_wonvl
 907              		.section	.cywolatch,"a",%progbits
 908              		.align	2
 909              		.type	cy_meta_wonvl, %object
 910              		.size	cy_meta_wonvl, 4
 911              	cy_meta_wonvl:
 912 0000 BC       		.byte	-68
ARM GAS  C:\Users\Srujith\AppData\Local\Temp\ccxHidrZ.s 			page 17


 913 0001 90       		.byte	-112
 914 0002 AC       		.byte	-84
 915 0003 AF       		.byte	-81
 916              		.global	cy_meta_flashprotect
 917              		.section	.cyflashprotect,"a",%progbits
 918              		.align	2
 919              		.type	cy_meta_flashprotect, %object
 920              		.size	cy_meta_flashprotect, 256
 921              	cy_meta_flashprotect:
 922 0000 00000000 		.space	256
 922      00000000 
 922      00000000 
 922      00000000 
 922      00000000 
 923              		.global	cy_metadata
 924              		.section	.cymeta,"a",%progbits
 925              		.align	2
 926              		.type	cy_metadata, %object
 927              		.size	cy_metadata, 12
 928              	cy_metadata:
 929 0000 00       		.byte	0
 930 0001 01       		.byte	1
 931 0002 2E       		.byte	46
 932 0003 16       		.byte	22
 933 0004 10       		.byte	16
 934 0005 69       		.byte	105
 935 0006 00       		.byte	0
 936 0007 01       		.byte	1
 937 0008 00       		.byte	0
 938 0009 00       		.byte	0
 939 000a 00       		.byte	0
 940 000b 00       		.byte	0
 941              		.text
 942              	.Letext0:
 943              		.file 1 "Generated_Source\\PSoC5\\cymetadata.c"
 944              		.file 2 "Generated_Source\\PSoC5\\cytypes.h"
 945              		.section	.debug_info,"",%progbits
 946              	.Ldebug_info0:
 947 0000 37010000 		.4byte	0x137
 948 0004 0400     		.2byte	0x4
 949 0006 00000000 		.4byte	.Ldebug_abbrev0
 950 000a 04       		.byte	0x4
 951 000b 01       		.uleb128 0x1
 952 000c 06000000 		.4byte	.LASF18
 953 0010 01       		.byte	0x1
 954 0011 C5010000 		.4byte	.LASF19
 955 0015 A0000000 		.4byte	.LASF20
 956 0019 00000000 		.4byte	.Ldebug_line0
 957 001d 02       		.uleb128 0x2
 958 001e 01       		.byte	0x1
 959 001f 06       		.byte	0x6
 960 0020 B9010000 		.4byte	.LASF0
 961 0024 02       		.uleb128 0x2
 962 0025 01       		.byte	0x1
 963 0026 08       		.byte	0x8
 964 0027 E1000000 		.4byte	.LASF1
 965 002b 02       		.uleb128 0x2
ARM GAS  C:\Users\Srujith\AppData\Local\Temp\ccxHidrZ.s 			page 18


 966 002c 02       		.byte	0x2
 967 002d 05       		.byte	0x5
 968 002e A0010000 		.4byte	.LASF2
 969 0032 02       		.uleb128 0x2
 970 0033 02       		.byte	0x2
 971 0034 07       		.byte	0x7
 972 0035 01010000 		.4byte	.LASF3
 973 0039 02       		.uleb128 0x2
 974 003a 04       		.byte	0x4
 975 003b 05       		.byte	0x5
 976 003c B0010000 		.4byte	.LASF4
 977 0040 02       		.uleb128 0x2
 978 0041 04       		.byte	0x4
 979 0042 07       		.byte	0x7
 980 0043 EF000000 		.4byte	.LASF5
 981 0047 02       		.uleb128 0x2
 982 0048 08       		.byte	0x8
 983 0049 05       		.byte	0x5
 984 004a 8D010000 		.4byte	.LASF6
 985 004e 02       		.uleb128 0x2
 986 004f 08       		.byte	0x8
 987 0050 07       		.byte	0x7
 988 0051 4A010000 		.4byte	.LASF7
 989 0055 03       		.uleb128 0x3
 990 0056 04       		.byte	0x4
 991 0057 05       		.byte	0x5
 992 0058 696E7400 		.ascii	"int\000"
 993 005c 02       		.uleb128 0x2
 994 005d 04       		.byte	0x4
 995 005e 07       		.byte	0x7
 996 005f 3D010000 		.4byte	.LASF8
 997 0063 04       		.uleb128 0x4
 998 0064 AA010000 		.4byte	.LASF21
 999 0068 02       		.byte	0x2
 1000 0069 9201     		.2byte	0x192
 1001 006b 24000000 		.4byte	0x24
 1002 006f 02       		.uleb128 0x2
 1003 0070 04       		.byte	0x4
 1004 0071 04       		.byte	0x4
 1005 0072 00000000 		.4byte	.LASF9
 1006 0076 02       		.uleb128 0x2
 1007 0077 08       		.byte	0x8
 1008 0078 04       		.byte	0x4
 1009 0079 14010000 		.4byte	.LASF10
 1010 007d 02       		.uleb128 0x2
 1011 007e 01       		.byte	0x1
 1012 007f 08       		.byte	0x8
 1013 0080 9B010000 		.4byte	.LASF11
 1014 0084 05       		.uleb128 0x5
 1015 0085 63000000 		.4byte	0x63
 1016 0089 95000000 		.4byte	0x95
 1017 008d 06       		.uleb128 0x6
 1018 008e 95000000 		.4byte	0x95
 1019 0092 6703     		.2byte	0x367
 1020 0094 00       		.byte	0
 1021 0095 02       		.uleb128 0x2
 1022 0096 04       		.byte	0x4
ARM GAS  C:\Users\Srujith\AppData\Local\Temp\ccxHidrZ.s 			page 19


 1023 0097 07       		.byte	0x7
 1024 0098 84010000 		.4byte	.LASF12
 1025 009c 07       		.uleb128 0x7
 1026 009d 2B010000 		.4byte	.LASF13
 1027 00a1 01       		.byte	0x1
 1028 00a2 1F       		.byte	0x1f
 1029 00a3 AD000000 		.4byte	0xad
 1030 00a7 05       		.uleb128 0x5
 1031 00a8 03       		.byte	0x3
 1032 00a9 00000000 		.4byte	cy_meta_configecc
 1033 00ad 08       		.uleb128 0x8
 1034 00ae 84000000 		.4byte	0x84
 1035 00b2 05       		.uleb128 0x5
 1036 00b3 63000000 		.4byte	0x63
 1037 00b7 C2000000 		.4byte	0xc2
 1038 00bb 09       		.uleb128 0x9
 1039 00bc 95000000 		.4byte	0x95
 1040 00c0 03       		.byte	0x3
 1041 00c1 00       		.byte	0
 1042 00c2 07       		.uleb128 0x7
 1043 00c3 1B010000 		.4byte	.LASF14
 1044 00c7 01       		.byte	0x1
 1045 00c8 99       		.byte	0x99
 1046 00c9 D3000000 		.4byte	0xd3
 1047 00cd 05       		.uleb128 0x5
 1048 00ce 03       		.byte	0x3
 1049 00cf 00000000 		.4byte	cy_meta_custnvl
 1050 00d3 08       		.uleb128 0x8
 1051 00d4 B2000000 		.4byte	0xb2
 1052 00d8 07       		.uleb128 0x7
 1053 00d9 76010000 		.4byte	.LASF15
 1054 00dd 01       		.byte	0x1
 1055 00de A7       		.byte	0xa7
 1056 00df E9000000 		.4byte	0xe9
 1057 00e3 05       		.uleb128 0x5
 1058 00e4 03       		.byte	0x3
 1059 00e5 00000000 		.4byte	cy_meta_wonvl
 1060 00e9 08       		.uleb128 0x8
 1061 00ea B2000000 		.4byte	0xb2
 1062 00ee 05       		.uleb128 0x5
 1063 00ef 63000000 		.4byte	0x63
 1064 00f3 FE000000 		.4byte	0xfe
 1065 00f7 09       		.uleb128 0x9
 1066 00f8 95000000 		.4byte	0x95
 1067 00fc FF       		.byte	0xff
 1068 00fd 00       		.byte	0
 1069 00fe 07       		.uleb128 0x7
 1070 00ff 61010000 		.4byte	.LASF16
 1071 0103 01       		.byte	0x1
 1072 0104 B5       		.byte	0xb5
 1073 0105 0F010000 		.4byte	0x10f
 1074 0109 05       		.uleb128 0x5
 1075 010a 03       		.byte	0x3
 1076 010b 00000000 		.4byte	cy_meta_flashprotect
 1077 010f 08       		.uleb128 0x8
 1078 0110 EE000000 		.4byte	0xee
 1079 0114 05       		.uleb128 0x5
ARM GAS  C:\Users\Srujith\AppData\Local\Temp\ccxHidrZ.s 			page 20


 1080 0115 63000000 		.4byte	0x63
 1081 0119 24010000 		.4byte	0x124
 1082 011d 09       		.uleb128 0x9
 1083 011e 95000000 		.4byte	0x95
 1084 0122 0B       		.byte	0xb
 1085 0123 00       		.byte	0
 1086 0124 07       		.uleb128 0x7
 1087 0125 94000000 		.4byte	.LASF17
 1088 0129 01       		.byte	0x1
 1089 012a E2       		.byte	0xe2
 1090 012b 35010000 		.4byte	0x135
 1091 012f 05       		.uleb128 0x5
 1092 0130 03       		.byte	0x3
 1093 0131 00000000 		.4byte	cy_metadata
 1094 0135 08       		.uleb128 0x8
 1095 0136 14010000 		.4byte	0x114
 1096 013a 00       		.byte	0
 1097              		.section	.debug_abbrev,"",%progbits
 1098              	.Ldebug_abbrev0:
 1099 0000 01       		.uleb128 0x1
 1100 0001 11       		.uleb128 0x11
 1101 0002 01       		.byte	0x1
 1102 0003 25       		.uleb128 0x25
 1103 0004 0E       		.uleb128 0xe
 1104 0005 13       		.uleb128 0x13
 1105 0006 0B       		.uleb128 0xb
 1106 0007 03       		.uleb128 0x3
 1107 0008 0E       		.uleb128 0xe
 1108 0009 1B       		.uleb128 0x1b
 1109 000a 0E       		.uleb128 0xe
 1110 000b 10       		.uleb128 0x10
 1111 000c 17       		.uleb128 0x17
 1112 000d 00       		.byte	0
 1113 000e 00       		.byte	0
 1114 000f 02       		.uleb128 0x2
 1115 0010 24       		.uleb128 0x24
 1116 0011 00       		.byte	0
 1117 0012 0B       		.uleb128 0xb
 1118 0013 0B       		.uleb128 0xb
 1119 0014 3E       		.uleb128 0x3e
 1120 0015 0B       		.uleb128 0xb
 1121 0016 03       		.uleb128 0x3
 1122 0017 0E       		.uleb128 0xe
 1123 0018 00       		.byte	0
 1124 0019 00       		.byte	0
 1125 001a 03       		.uleb128 0x3
 1126 001b 24       		.uleb128 0x24
 1127 001c 00       		.byte	0
 1128 001d 0B       		.uleb128 0xb
 1129 001e 0B       		.uleb128 0xb
 1130 001f 3E       		.uleb128 0x3e
 1131 0020 0B       		.uleb128 0xb
 1132 0021 03       		.uleb128 0x3
 1133 0022 08       		.uleb128 0x8
 1134 0023 00       		.byte	0
 1135 0024 00       		.byte	0
 1136 0025 04       		.uleb128 0x4
ARM GAS  C:\Users\Srujith\AppData\Local\Temp\ccxHidrZ.s 			page 21


 1137 0026 16       		.uleb128 0x16
 1138 0027 00       		.byte	0
 1139 0028 03       		.uleb128 0x3
 1140 0029 0E       		.uleb128 0xe
 1141 002a 3A       		.uleb128 0x3a
 1142 002b 0B       		.uleb128 0xb
 1143 002c 3B       		.uleb128 0x3b
 1144 002d 05       		.uleb128 0x5
 1145 002e 49       		.uleb128 0x49
 1146 002f 13       		.uleb128 0x13
 1147 0030 00       		.byte	0
 1148 0031 00       		.byte	0
 1149 0032 05       		.uleb128 0x5
 1150 0033 01       		.uleb128 0x1
 1151 0034 01       		.byte	0x1
 1152 0035 49       		.uleb128 0x49
 1153 0036 13       		.uleb128 0x13
 1154 0037 01       		.uleb128 0x1
 1155 0038 13       		.uleb128 0x13
 1156 0039 00       		.byte	0
 1157 003a 00       		.byte	0
 1158 003b 06       		.uleb128 0x6
 1159 003c 21       		.uleb128 0x21
 1160 003d 00       		.byte	0
 1161 003e 49       		.uleb128 0x49
 1162 003f 13       		.uleb128 0x13
 1163 0040 2F       		.uleb128 0x2f
 1164 0041 05       		.uleb128 0x5
 1165 0042 00       		.byte	0
 1166 0043 00       		.byte	0
 1167 0044 07       		.uleb128 0x7
 1168 0045 34       		.uleb128 0x34
 1169 0046 00       		.byte	0
 1170 0047 03       		.uleb128 0x3
 1171 0048 0E       		.uleb128 0xe
 1172 0049 3A       		.uleb128 0x3a
 1173 004a 0B       		.uleb128 0xb
 1174 004b 3B       		.uleb128 0x3b
 1175 004c 0B       		.uleb128 0xb
 1176 004d 49       		.uleb128 0x49
 1177 004e 13       		.uleb128 0x13
 1178 004f 3F       		.uleb128 0x3f
 1179 0050 19       		.uleb128 0x19
 1180 0051 02       		.uleb128 0x2
 1181 0052 18       		.uleb128 0x18
 1182 0053 00       		.byte	0
 1183 0054 00       		.byte	0
 1184 0055 08       		.uleb128 0x8
 1185 0056 26       		.uleb128 0x26
 1186 0057 00       		.byte	0
 1187 0058 49       		.uleb128 0x49
 1188 0059 13       		.uleb128 0x13
 1189 005a 00       		.byte	0
 1190 005b 00       		.byte	0
 1191 005c 09       		.uleb128 0x9
 1192 005d 21       		.uleb128 0x21
 1193 005e 00       		.byte	0
ARM GAS  C:\Users\Srujith\AppData\Local\Temp\ccxHidrZ.s 			page 22


 1194 005f 49       		.uleb128 0x49
 1195 0060 13       		.uleb128 0x13
 1196 0061 2F       		.uleb128 0x2f
 1197 0062 0B       		.uleb128 0xb
 1198 0063 00       		.byte	0
 1199 0064 00       		.byte	0
 1200 0065 00       		.byte	0
 1201              		.section	.debug_aranges,"",%progbits
 1202 0000 14000000 		.4byte	0x14
 1203 0004 0200     		.2byte	0x2
 1204 0006 00000000 		.4byte	.Ldebug_info0
 1205 000a 04       		.byte	0x4
 1206 000b 00       		.byte	0
 1207 000c 0000     		.2byte	0
 1208 000e 0000     		.2byte	0
 1209 0010 00000000 		.4byte	0
 1210 0014 00000000 		.4byte	0
 1211              		.section	.debug_line,"",%progbits
 1212              	.Ldebug_line0:
 1213 0000 4D000000 		.section	.debug_str,"MS",%progbits,1
 1213      02004700 
 1213      00000201 
 1213      FB0E0D00 
 1213      01010101 
 1214              	.LASF9:
 1215 0000 666C6F61 		.ascii	"float\000"
 1215      7400
 1216              	.LASF18:
 1217 0006 474E5520 		.ascii	"GNU C 4.9.3 20150303 (release) [ARM/embedded-4_9-br"
 1217      4320342E 
 1217      392E3320 
 1217      32303135 
 1217      30333033 
 1218 0039 616E6368 		.ascii	"anch revision 221220] -mcpu=cortex-m3 -mthumb -g -O"
 1218      20726576 
 1218      6973696F 
 1218      6E203232 
 1218      31323230 
 1219 006c 30202D66 		.ascii	"0 -ffunction-sections -ffat-lto-objects\000"
 1219      66756E63 
 1219      74696F6E 
 1219      2D736563 
 1219      74696F6E 
 1220              	.LASF17:
 1221 0094 63795F6D 		.ascii	"cy_metadata\000"
 1221      65746164 
 1221      61746100 
 1222              	.LASF20:
 1223 00a0 433A5C55 		.ascii	"C:\\Users\\Srujith\\Desktop\\SAR Example\\ADC_Singl"
 1223      73657273 
 1223      5C537275 
 1223      6A697468 
 1223      5C446573 
 1224 00ce 65456E64 		.ascii	"eEndedMode01.cydsn\000"
 1224      65644D6F 
 1224      64653031 
 1224      2E637964 
ARM GAS  C:\Users\Srujith\AppData\Local\Temp\ccxHidrZ.s 			page 23


 1224      736E00
 1225              	.LASF1:
 1226 00e1 756E7369 		.ascii	"unsigned char\000"
 1226      676E6564 
 1226      20636861 
 1226      7200
 1227              	.LASF5:
 1228 00ef 6C6F6E67 		.ascii	"long unsigned int\000"
 1228      20756E73 
 1228      69676E65 
 1228      6420696E 
 1228      7400
 1229              	.LASF3:
 1230 0101 73686F72 		.ascii	"short unsigned int\000"
 1230      7420756E 
 1230      7369676E 
 1230      65642069 
 1230      6E7400
 1231              	.LASF10:
 1232 0114 646F7562 		.ascii	"double\000"
 1232      6C6500
 1233              	.LASF14:
 1234 011b 63795F6D 		.ascii	"cy_meta_custnvl\000"
 1234      6574615F 
 1234      63757374 
 1234      6E766C00 
 1235              	.LASF13:
 1236 012b 63795F6D 		.ascii	"cy_meta_configecc\000"
 1236      6574615F 
 1236      636F6E66 
 1236      69676563 
 1236      6300
 1237              	.LASF8:
 1238 013d 756E7369 		.ascii	"unsigned int\000"
 1238      676E6564 
 1238      20696E74 
 1238      00
 1239              	.LASF7:
 1240 014a 6C6F6E67 		.ascii	"long long unsigned int\000"
 1240      206C6F6E 
 1240      6720756E 
 1240      7369676E 
 1240      65642069 
 1241              	.LASF16:
 1242 0161 63795F6D 		.ascii	"cy_meta_flashprotect\000"
 1242      6574615F 
 1242      666C6173 
 1242      6870726F 
 1242      74656374 
 1243              	.LASF15:
 1244 0176 63795F6D 		.ascii	"cy_meta_wonvl\000"
 1244      6574615F 
 1244      776F6E76 
 1244      6C00
 1245              	.LASF12:
 1246 0184 73697A65 		.ascii	"sizetype\000"
 1246      74797065 
ARM GAS  C:\Users\Srujith\AppData\Local\Temp\ccxHidrZ.s 			page 24


 1246      00
 1247              	.LASF6:
 1248 018d 6C6F6E67 		.ascii	"long long int\000"
 1248      206C6F6E 
 1248      6720696E 
 1248      7400
 1249              	.LASF11:
 1250 019b 63686172 		.ascii	"char\000"
 1250      00
 1251              	.LASF2:
 1252 01a0 73686F72 		.ascii	"short int\000"
 1252      7420696E 
 1252      7400
 1253              	.LASF21:
 1254 01aa 75696E74 		.ascii	"uint8\000"
 1254      3800
 1255              	.LASF4:
 1256 01b0 6C6F6E67 		.ascii	"long int\000"
 1256      20696E74 
 1256      00
 1257              	.LASF0:
 1258 01b9 7369676E 		.ascii	"signed char\000"
 1258      65642063 
 1258      68617200 
 1259              	.LASF19:
 1260 01c5 47656E65 		.ascii	"Generated_Source\\PSoC5\\cymetadata.c\000"
 1260      72617465 
 1260      645F536F 
 1260      75726365 
 1260      5C50536F 
 1261              		.ident	"GCC: (GNU Tools for ARM Embedded Processors) 4.9.3 20150303 (release) [ARM/embedded-4_9-br
